[2021-08-10 16:15:42,318] - [trainer.py file line:53] - INFO: load_model_path: ./pretrainedModels/Microtest_model2_00030.pt
[2021-08-10 16:15:42,885] - [trainer.py file line:70] - INFO: Current epoch learning rate: 1.000000e-04
[2021-08-10 16:15:45,010] - [trainer.py file line:111] - INFO: init epoch: 1	 batch: 5
[2021-08-10 16:15:45,063] - [trainer.py file line:113] - INFO: rec_loss: 0.0011931368
[2021-08-10 16:15:45,745] - [trainer.py file line:70] - INFO: Current epoch learning rate: 1.000000e-04
[2021-08-10 16:15:47,720] - [trainer.py file line:111] - INFO: init epoch: 2	 batch: 5
[2021-08-10 16:15:47,773] - [trainer.py file line:113] - INFO: rec_loss: 0.0009183555
[2021-08-10 16:15:48,527] - [trainer.py file line:70] - INFO: Current epoch learning rate: 1.000000e-04
[2021-08-10 16:15:51,048] - [trainer.py file line:111] - INFO: epoch: 1	 batch: 5
[2021-08-10 16:15:51,057] - [trainer.py file line:113] - INFO: rec_loss: 0.0014496291
[2021-08-10 16:15:51,064] - [trainer.py file line:123] - INFO: per_loss: 0.0476058908
[2021-08-10 16:15:51,068] - [trainer.py file line:131] - INFO: tpl_loss: 0.0309810378
[2021-08-10 16:15:51,154] - [trainer.py file line:136] - INFO: adv_loss: 0.0020350339
[2021-08-10 16:15:52,232] - [trainer.py file line:70] - INFO: Current epoch learning rate: 1.000000e-04
[2021-08-10 16:15:55,035] - [trainer.py file line:111] - INFO: epoch: 2	 batch: 5
[2021-08-10 16:15:55,054] - [trainer.py file line:113] - INFO: rec_loss: 0.0017071899
[2021-08-10 16:15:55,061] - [trainer.py file line:123] - INFO: per_loss: 0.0721271932
[2021-08-10 16:15:55,066] - [trainer.py file line:131] - INFO: tpl_loss: 0.0197939631
[2021-08-10 16:15:55,168] - [trainer.py file line:136] - INFO: adv_loss: -0.0023280380
[2021-08-10 16:15:56,231] - [trainer.py file line:149] - INFO: Epoch 2 evaluation process...
[2021-08-10 16:15:57,367] - [trainer.py file line:178] - INFO: Ref  PSNR (now): 19.520 	 SSIM (now): 0.3896
[2021-08-10 16:15:57,368] - [trainer.py file line:185] - INFO: Ref  PSNR (max): 19.520 (2) 	 SSIM (max): 0.3896 (2)
[2021-08-10 16:15:57,368] - [trainer.py file line:188] - INFO: Evaluation over.
[2021-08-10 16:15:57,373] - [trainer.py file line:70] - INFO: Current epoch learning rate: 1.000000e-04
[2021-08-10 16:16:00,354] - [trainer.py file line:111] - INFO: epoch: 3	 batch: 5
[2021-08-10 16:16:00,382] - [trainer.py file line:113] - INFO: rec_loss: 0.0010020109
[2021-08-10 16:16:00,393] - [trainer.py file line:123] - INFO: per_loss: 0.0333408974
[2021-08-10 16:16:00,398] - [trainer.py file line:131] - INFO: tpl_loss: 0.0142706037
[2021-08-10 16:16:00,486] - [trainer.py file line:136] - INFO: adv_loss: -0.0068562473
[2021-08-10 16:16:01,407] - [trainer.py file line:70] - INFO: Current epoch learning rate: 1.000000e-04
[2021-08-10 16:16:04,304] - [trainer.py file line:111] - INFO: epoch: 4	 batch: 5
[2021-08-10 16:16:04,312] - [trainer.py file line:113] - INFO: rec_loss: 0.0010718739
[2021-08-10 16:16:04,319] - [trainer.py file line:123] - INFO: per_loss: 0.0486576855
[2021-08-10 16:16:04,323] - [trainer.py file line:131] - INFO: tpl_loss: 0.0174810998
[2021-08-10 16:16:04,417] - [trainer.py file line:136] - INFO: adv_loss: 0.0294185728
[2021-08-10 16:16:05,523] - [trainer.py file line:149] - INFO: Epoch 4 evaluation process...
[2021-08-10 16:16:06,512] - [trainer.py file line:178] - INFO: Ref  PSNR (now): 22.295 	 SSIM (now): 0.3940
[2021-08-10 16:16:06,513] - [trainer.py file line:185] - INFO: Ref  PSNR (max): 22.295 (4) 	 SSIM (max): 0.3940 (4)
[2021-08-10 16:16:06,513] - [trainer.py file line:188] - INFO: Evaluation over.
[2021-08-10 16:16:06,516] - [trainer.py file line:70] - INFO: Current epoch learning rate: 1.000000e-04
[2021-08-10 16:16:09,307] - [trainer.py file line:111] - INFO: epoch: 5	 batch: 5
[2021-08-10 16:16:09,336] - [trainer.py file line:113] - INFO: rec_loss: 0.0011142559
[2021-08-10 16:16:09,348] - [trainer.py file line:123] - INFO: per_loss: 0.0383614600
[2021-08-10 16:16:09,354] - [trainer.py file line:131] - INFO: tpl_loss: 0.0106436154
[2021-08-10 16:16:09,445] - [trainer.py file line:136] - INFO: adv_loss: -0.0751119703
[2021-08-10 16:16:10,603] - [trainer.py file line:70] - INFO: Current epoch learning rate: 1.000000e-04
[2021-08-10 16:16:13,417] - [trainer.py file line:111] - INFO: epoch: 6	 batch: 5
[2021-08-10 16:16:13,429] - [trainer.py file line:113] - INFO: rec_loss: 0.0010467373
[2021-08-10 16:16:13,436] - [trainer.py file line:123] - INFO: per_loss: 0.0375606641
[2021-08-10 16:16:13,441] - [trainer.py file line:131] - INFO: tpl_loss: 0.0110328523
[2021-08-10 16:16:13,541] - [trainer.py file line:136] - INFO: adv_loss: 0.0186904222
[2021-08-10 16:16:14,712] - [trainer.py file line:149] - INFO: Epoch 6 evaluation process...
[2021-08-10 16:16:15,636] - [trainer.py file line:178] - INFO: Ref  PSNR (now): 22.729 	 SSIM (now): 0.3985
[2021-08-10 16:16:15,637] - [trainer.py file line:185] - INFO: Ref  PSNR (max): 22.729 (6) 	 SSIM (max): 0.3985 (6)
[2021-08-10 16:16:15,637] - [trainer.py file line:188] - INFO: Evaluation over.
[2021-08-10 16:16:15,638] - [trainer.py file line:70] - INFO: Current epoch learning rate: 1.000000e-04
[2021-08-10 16:16:18,058] - [trainer.py file line:111] - INFO: epoch: 7	 batch: 5
[2021-08-10 16:16:18,110] - [trainer.py file line:113] - INFO: rec_loss: 0.0009096257
[2021-08-10 16:16:18,114] - [trainer.py file line:123] - INFO: per_loss: 0.0344739668
[2021-08-10 16:16:18,115] - [trainer.py file line:131] - INFO: tpl_loss: 0.0093434779
[2021-08-10 16:16:18,173] - [trainer.py file line:136] - INFO: adv_loss: -0.0340883955
[2021-08-10 16:16:19,366] - [trainer.py file line:70] - INFO: Current epoch learning rate: 1.000000e-04
[2021-08-10 16:16:22,165] - [trainer.py file line:111] - INFO: epoch: 8	 batch: 5
[2021-08-10 16:16:22,170] - [trainer.py file line:113] - INFO: rec_loss: 0.0011268442
[2021-08-10 16:16:22,179] - [trainer.py file line:123] - INFO: per_loss: 0.0474925973
[2021-08-10 16:16:22,183] - [trainer.py file line:131] - INFO: tpl_loss: 0.0114445826
[2021-08-10 16:16:22,252] - [trainer.py file line:136] - INFO: adv_loss: 0.0745448917
[2021-08-10 16:16:23,360] - [trainer.py file line:149] - INFO: Epoch 8 evaluation process...
[2021-08-10 16:16:24,488] - [trainer.py file line:178] - INFO: Ref  PSNR (now): 23.119 	 SSIM (now): 0.3975
[2021-08-10 16:16:24,489] - [trainer.py file line:185] - INFO: Ref  PSNR (max): 23.119 (8) 	 SSIM (max): 0.3985 (6)
[2021-08-10 16:16:24,489] - [trainer.py file line:188] - INFO: Evaluation over.
[2021-08-10 16:16:24,493] - [trainer.py file line:70] - INFO: Current epoch learning rate: 1.000000e-04
[2021-08-10 16:16:27,174] - [trainer.py file line:111] - INFO: epoch: 9	 batch: 5
[2021-08-10 16:16:27,184] - [trainer.py file line:113] - INFO: rec_loss: 0.0012334102
[2021-08-10 16:16:27,194] - [trainer.py file line:123] - INFO: per_loss: 0.0202497300
[2021-08-10 16:16:27,198] - [trainer.py file line:131] - INFO: tpl_loss: 0.0102397557
[2021-08-10 16:16:27,273] - [trainer.py file line:136] - INFO: adv_loss: -0.0928383544
[2021-08-10 16:16:28,335] - [trainer.py file line:70] - INFO: Current epoch learning rate: 1.000000e-04
[2021-08-10 16:16:30,566] - [trainer.py file line:111] - INFO: epoch: 10	 batch: 5
[2021-08-10 16:16:30,618] - [trainer.py file line:113] - INFO: rec_loss: 0.0010596811
[2021-08-10 16:16:30,622] - [trainer.py file line:123] - INFO: per_loss: 0.0336032473
[2021-08-10 16:16:30,623] - [trainer.py file line:131] - INFO: tpl_loss: 0.0101543302
[2021-08-10 16:16:30,665] - [trainer.py file line:136] - INFO: adv_loss: 0.0874787420
[2021-08-10 16:16:31,572] - [trainer.py file line:149] - INFO: Epoch 10 evaluation process...
[2021-08-10 16:16:32,504] - [trainer.py file line:178] - INFO: Ref  PSNR (now): 22.455 	 SSIM (now): 0.3825
[2021-08-10 16:16:32,505] - [trainer.py file line:185] - INFO: Ref  PSNR (max): 23.119 (8) 	 SSIM (max): 0.3985 (6)
[2021-08-10 16:16:32,505] - [trainer.py file line:188] - INFO: Evaluation over.
[2021-08-10 16:16:32,509] - [trainer.py file line:70] - INFO: Current epoch learning rate: 1.000000e-04
[2021-08-10 16:16:34,694] - [trainer.py file line:111] - INFO: epoch: 11	 batch: 5
[2021-08-10 16:16:34,699] - [trainer.py file line:113] - INFO: rec_loss: 0.0013302288
[2021-08-10 16:16:34,710] - [trainer.py file line:123] - INFO: per_loss: 0.0430889837
[2021-08-10 16:16:34,718] - [trainer.py file line:131] - INFO: tpl_loss: 0.0084437607
[2021-08-10 16:16:34,788] - [trainer.py file line:136] - INFO: adv_loss: -0.0485847555
[2021-08-10 16:16:35,845] - [trainer.py file line:70] - INFO: Current epoch learning rate: 1.000000e-04
[2021-08-10 16:16:37,980] - [trainer.py file line:111] - INFO: epoch: 12	 batch: 5
[2021-08-10 16:16:38,032] - [trainer.py file line:113] - INFO: rec_loss: 0.0010105309
[2021-08-10 16:16:38,036] - [trainer.py file line:123] - INFO: per_loss: 0.0294866096
[2021-08-10 16:16:38,037] - [trainer.py file line:131] - INFO: tpl_loss: 0.0089906445
[2021-08-10 16:16:38,082] - [trainer.py file line:136] - INFO: adv_loss: 0.0288033355
[2021-08-10 16:16:38,982] - [trainer.py file line:149] - INFO: Epoch 12 evaluation process...
[2021-08-10 16:16:40,096] - [trainer.py file line:178] - INFO: Ref  PSNR (now): 23.175 	 SSIM (now): 0.3944
[2021-08-10 16:16:40,096] - [trainer.py file line:185] - INFO: Ref  PSNR (max): 23.175 (12) 	 SSIM (max): 0.3985 (6)
[2021-08-10 16:16:40,097] - [trainer.py file line:188] - INFO: Evaluation over.
[2021-08-10 16:16:40,102] - [trainer.py file line:70] - INFO: Current epoch learning rate: 1.000000e-04
[2021-08-10 16:16:42,930] - [trainer.py file line:111] - INFO: epoch: 13	 batch: 5
[2021-08-10 16:16:42,933] - [trainer.py file line:113] - INFO: rec_loss: 0.0010306186
[2021-08-10 16:16:42,942] - [trainer.py file line:123] - INFO: per_loss: 0.0207140446
[2021-08-10 16:16:42,947] - [trainer.py file line:131] - INFO: tpl_loss: 0.0077840551
[2021-08-10 16:16:43,008] - [trainer.py file line:136] - INFO: adv_loss: -0.0414173901
[2021-08-10 16:16:43,892] - [trainer.py file line:70] - INFO: Current epoch learning rate: 1.000000e-04
[2021-08-10 16:16:46,100] - [trainer.py file line:111] - INFO: epoch: 14	 batch: 5
[2021-08-10 16:16:46,154] - [trainer.py file line:113] - INFO: rec_loss: 0.0011585788
[2021-08-10 16:16:46,158] - [trainer.py file line:123] - INFO: per_loss: 0.0402438864
[2021-08-10 16:16:46,160] - [trainer.py file line:131] - INFO: tpl_loss: 0.0108643463
[2021-08-10 16:16:46,193] - [trainer.py file line:136] - INFO: adv_loss: -0.0176526085
[2021-08-10 16:16:46,938] - [trainer.py file line:149] - INFO: Epoch 14 evaluation process...
[2021-08-10 16:16:48,030] - [trainer.py file line:178] - INFO: Ref  PSNR (now): 23.359 	 SSIM (now): 0.3933
[2021-08-10 16:16:48,031] - [trainer.py file line:185] - INFO: Ref  PSNR (max): 23.359 (14) 	 SSIM (max): 0.3985 (6)
[2021-08-10 16:16:48,031] - [trainer.py file line:188] - INFO: Evaluation over.
[2021-08-10 16:16:48,035] - [trainer.py file line:70] - INFO: Current epoch learning rate: 1.000000e-04
[2021-08-10 16:16:50,386] - [trainer.py file line:111] - INFO: epoch: 15	 batch: 5
[2021-08-10 16:16:50,403] - [trainer.py file line:113] - INFO: rec_loss: 0.0011410443
[2021-08-10 16:16:50,413] - [trainer.py file line:123] - INFO: per_loss: 0.0459679067
[2021-08-10 16:16:50,419] - [trainer.py file line:131] - INFO: tpl_loss: 0.0098287063
[2021-08-10 16:16:50,511] - [trainer.py file line:136] - INFO: adv_loss: -0.0034040429
[2021-08-10 16:16:51,435] - [trainer.py file line:70] - INFO: Current epoch learning rate: 1.000000e-04
[2021-08-10 16:16:53,957] - [trainer.py file line:111] - INFO: epoch: 16	 batch: 5
[2021-08-10 16:16:53,960] - [trainer.py file line:113] - INFO: rec_loss: 0.0010229063
[2021-08-10 16:16:53,971] - [trainer.py file line:123] - INFO: per_loss: 0.0117874220
[2021-08-10 16:16:53,976] - [trainer.py file line:131] - INFO: tpl_loss: 0.0050811497
[2021-08-10 16:16:54,065] - [trainer.py file line:136] - INFO: adv_loss: -0.0793672055
[2021-08-10 16:16:55,105] - [trainer.py file line:149] - INFO: Epoch 16 evaluation process...
[2021-08-10 16:16:56,171] - [trainer.py file line:178] - INFO: Ref  PSNR (now): 23.463 	 SSIM (now): 0.3835
[2021-08-10 16:16:56,172] - [trainer.py file line:185] - INFO: Ref  PSNR (max): 23.463 (16) 	 SSIM (max): 0.3985 (6)
[2021-08-10 16:16:56,173] - [trainer.py file line:188] - INFO: Evaluation over.
[2021-08-10 16:16:56,177] - [trainer.py file line:70] - INFO: Current epoch learning rate: 1.000000e-04
[2021-08-10 16:16:59,019] - [trainer.py file line:111] - INFO: epoch: 17	 batch: 5
[2021-08-10 16:16:59,040] - [trainer.py file line:113] - INFO: rec_loss: 0.0010203455
[2021-08-10 16:16:59,050] - [trainer.py file line:123] - INFO: per_loss: 0.0242745038
[2021-08-10 16:16:59,055] - [trainer.py file line:131] - INFO: tpl_loss: 0.0079806987
[2021-08-10 16:16:59,148] - [trainer.py file line:136] - INFO: adv_loss: 0.0209286958
[2021-08-10 16:17:00,201] - [trainer.py file line:70] - INFO: Current epoch learning rate: 1.000000e-04
[2021-08-10 16:17:02,892] - [trainer.py file line:111] - INFO: epoch: 18	 batch: 5
[2021-08-10 16:17:02,920] - [trainer.py file line:113] - INFO: rec_loss: 0.0010577778
[2021-08-10 16:17:02,926] - [trainer.py file line:123] - INFO: per_loss: 0.0377712362
[2021-08-10 16:17:02,930] - [trainer.py file line:131] - INFO: tpl_loss: 0.0086435322
[2021-08-10 16:17:03,028] - [trainer.py file line:136] - INFO: adv_loss: -0.0423654653
[2021-08-10 16:17:04,124] - [trainer.py file line:149] - INFO: Epoch 18 evaluation process...
[2021-08-10 16:17:05,200] - [trainer.py file line:178] - INFO: Ref  PSNR (now): 23.727 	 SSIM (now): 0.3856
[2021-08-10 16:17:05,202] - [trainer.py file line:185] - INFO: Ref  PSNR (max): 23.727 (18) 	 SSIM (max): 0.3985 (6)
[2021-08-10 16:17:05,202] - [trainer.py file line:188] - INFO: Evaluation over.
[2021-08-10 16:17:05,206] - [trainer.py file line:70] - INFO: Current epoch learning rate: 1.000000e-04
[2021-08-10 16:17:07,926] - [trainer.py file line:111] - INFO: epoch: 19	 batch: 5
[2021-08-10 16:17:07,934] - [trainer.py file line:113] - INFO: rec_loss: 0.0010216137
[2021-08-10 16:17:07,942] - [trainer.py file line:123] - INFO: per_loss: 0.0237721950
[2021-08-10 16:17:07,947] - [trainer.py file line:131] - INFO: tpl_loss: 0.0077479505
[2021-08-10 16:17:08,043] - [trainer.py file line:136] - INFO: adv_loss: 0.0129420646
[2021-08-10 16:17:09,153] - [trainer.py file line:70] - INFO: Current epoch learning rate: 1.000000e-04
[2021-08-10 16:17:11,696] - [trainer.py file line:111] - INFO: epoch: 20	 batch: 5
[2021-08-10 16:17:11,749] - [trainer.py file line:113] - INFO: rec_loss: 0.0010345842
[2021-08-10 16:17:11,753] - [trainer.py file line:123] - INFO: per_loss: 0.0119688874
[2021-08-10 16:17:11,755] - [trainer.py file line:131] - INFO: tpl_loss: 0.0055123232
[2021-08-10 16:17:11,800] - [trainer.py file line:136] - INFO: adv_loss: -0.0958859250
[2021-08-10 16:17:12,686] - [trainer.py file line:149] - INFO: Epoch 20 evaluation process...
[2021-08-10 16:17:13,565] - [trainer.py file line:178] - INFO: Ref  PSNR (now): 23.485 	 SSIM (now): 0.3822
[2021-08-10 16:17:13,565] - [trainer.py file line:185] - INFO: Ref  PSNR (max): 23.727 (18) 	 SSIM (max): 0.3985 (6)
[2021-08-10 16:17:13,565] - [trainer.py file line:188] - INFO: Evaluation over.
[2021-08-10 16:17:13,567] - [trainer.py file line:70] - INFO: Current epoch learning rate: 1.000000e-04
[2021-08-10 16:17:15,889] - [trainer.py file line:111] - INFO: epoch: 21	 batch: 5
[2021-08-10 16:17:15,942] - [trainer.py file line:113] - INFO: rec_loss: 0.0011340831
[2021-08-10 16:17:15,946] - [trainer.py file line:123] - INFO: per_loss: 0.0342662595
[2021-08-10 16:17:15,947] - [trainer.py file line:131] - INFO: tpl_loss: 0.0096082212
[2021-08-10 16:17:15,998] - [trainer.py file line:136] - INFO: adv_loss: 0.0240497738
[2021-08-10 16:17:16,889] - [trainer.py file line:70] - INFO: Current epoch learning rate: 1.000000e-04
[2021-08-10 16:17:18,828] - [trainer.py file line:111] - INFO: epoch: 22	 batch: 5
[2021-08-10 16:17:18,882] - [trainer.py file line:113] - INFO: rec_loss: 0.0010406311
[2021-08-10 16:17:18,885] - [trainer.py file line:123] - INFO: per_loss: 0.0307401121
[2021-08-10 16:17:18,887] - [trainer.py file line:131] - INFO: tpl_loss: 0.0096578803
[2021-08-10 16:17:18,952] - [trainer.py file line:136] - INFO: adv_loss: -0.0464995503
[2021-08-10 16:17:19,968] - [trainer.py file line:149] - INFO: Epoch 22 evaluation process...
[2021-08-10 16:17:20,901] - [trainer.py file line:178] - INFO: Ref  PSNR (now): 23.592 	 SSIM (now): 0.3675
[2021-08-10 16:17:20,901] - [trainer.py file line:185] - INFO: Ref  PSNR (max): 23.727 (18) 	 SSIM (max): 0.3985 (6)
[2021-08-10 16:17:20,901] - [trainer.py file line:188] - INFO: Evaluation over.
[2021-08-10 16:17:20,902] - [trainer.py file line:70] - INFO: Current epoch learning rate: 1.000000e-04
[2021-08-10 16:17:22,793] - [trainer.py file line:111] - INFO: epoch: 23	 batch: 5
[2021-08-10 16:17:22,847] - [trainer.py file line:113] - INFO: rec_loss: 0.0009223543
[2021-08-10 16:17:22,851] - [trainer.py file line:123] - INFO: per_loss: 0.0217128303
[2021-08-10 16:17:22,853] - [trainer.py file line:131] - INFO: tpl_loss: 0.0062219719
[2021-08-10 16:17:22,922] - [trainer.py file line:136] - INFO: adv_loss: -0.0176722724
[2021-08-10 16:17:23,836] - [trainer.py file line:70] - INFO: Current epoch learning rate: 1.000000e-04
[2021-08-10 16:17:25,946] - [trainer.py file line:111] - INFO: epoch: 24	 batch: 5
[2021-08-10 16:17:25,963] - [trainer.py file line:113] - INFO: rec_loss: 0.0009535301
[2021-08-10 16:17:25,978] - [trainer.py file line:123] - INFO: per_loss: 0.0243249349
[2021-08-10 16:17:25,985] - [trainer.py file line:131] - INFO: tpl_loss: 0.0076577277
[2021-08-10 16:17:26,046] - [trainer.py file line:136] - INFO: adv_loss: -0.0393422432
[2021-08-10 16:17:27,000] - [trainer.py file line:149] - INFO: Epoch 24 evaluation process...
[2021-08-10 16:17:28,075] - [trainer.py file line:178] - INFO: Ref  PSNR (now): 23.418 	 SSIM (now): 0.3668
[2021-08-10 16:17:28,076] - [trainer.py file line:185] - INFO: Ref  PSNR (max): 23.727 (18) 	 SSIM (max): 0.3985 (6)
[2021-08-10 16:17:28,076] - [trainer.py file line:188] - INFO: Evaluation over.
[2021-08-10 16:17:28,078] - [trainer.py file line:70] - INFO: Current epoch learning rate: 1.000000e-04
[2021-08-10 16:17:30,574] - [trainer.py file line:111] - INFO: epoch: 25	 batch: 5
[2021-08-10 16:17:30,592] - [trainer.py file line:113] - INFO: rec_loss: 0.0011150171
[2021-08-10 16:17:30,598] - [trainer.py file line:123] - INFO: per_loss: 0.0391584672
[2021-08-10 16:17:30,602] - [trainer.py file line:131] - INFO: tpl_loss: 0.0091905054
[2021-08-10 16:17:30,711] - [trainer.py file line:136] - INFO: adv_loss: 0.0128454277
[2021-08-10 16:17:31,723] - [trainer.py file line:70] - INFO: Current epoch learning rate: 1.000000e-04
[2021-08-10 16:17:34,104] - [trainer.py file line:111] - INFO: epoch: 26	 batch: 5
[2021-08-10 16:17:34,157] - [trainer.py file line:113] - INFO: rec_loss: 0.0009777863
[2021-08-10 16:17:34,161] - [trainer.py file line:123] - INFO: per_loss: 0.0231648870
[2021-08-10 16:17:34,162] - [trainer.py file line:131] - INFO: tpl_loss: 0.0071684159
[2021-08-10 16:17:34,220] - [trainer.py file line:136] - INFO: adv_loss: -0.0315248221
[2021-08-10 16:17:35,130] - [trainer.py file line:149] - INFO: Epoch 26 evaluation process...
[2021-08-10 16:17:36,116] - [trainer.py file line:178] - INFO: Ref  PSNR (now): 23.510 	 SSIM (now): 0.3735
[2021-08-10 16:17:36,116] - [trainer.py file line:185] - INFO: Ref  PSNR (max): 23.727 (18) 	 SSIM (max): 0.3985 (6)
[2021-08-10 16:17:36,116] - [trainer.py file line:188] - INFO: Evaluation over.
[2021-08-10 16:17:36,118] - [trainer.py file line:70] - INFO: Current epoch learning rate: 1.000000e-04
[2021-08-10 16:17:38,670] - [trainer.py file line:111] - INFO: epoch: 27	 batch: 5
[2021-08-10 16:17:38,698] - [trainer.py file line:113] - INFO: rec_loss: 0.0011090200
[2021-08-10 16:17:38,703] - [trainer.py file line:123] - INFO: per_loss: 0.0341578834
[2021-08-10 16:17:38,707] - [trainer.py file line:131] - INFO: tpl_loss: 0.0087722465
[2021-08-10 16:17:38,770] - [trainer.py file line:136] - INFO: adv_loss: 0.0212680101
[2021-08-10 16:17:39,845] - [trainer.py file line:70] - INFO: Current epoch learning rate: 1.000000e-04
[2021-08-10 16:17:42,588] - [trainer.py file line:111] - INFO: epoch: 28	 batch: 5
[2021-08-10 16:17:42,637] - [trainer.py file line:113] - INFO: rec_loss: 0.0009843700
[2021-08-10 16:17:42,641] - [trainer.py file line:123] - INFO: per_loss: 0.0262205843
[2021-08-10 16:17:42,643] - [trainer.py file line:131] - INFO: tpl_loss: 0.0063677593
[2021-08-10 16:17:42,693] - [trainer.py file line:136] - INFO: adv_loss: -0.0153976483
[2021-08-10 16:17:43,853] - [trainer.py file line:149] - INFO: Epoch 28 evaluation process...
[2021-08-10 16:17:44,905] - [trainer.py file line:178] - INFO: Ref  PSNR (now): 23.472 	 SSIM (now): 0.3703
[2021-08-10 16:17:44,905] - [trainer.py file line:185] - INFO: Ref  PSNR (max): 23.727 (18) 	 SSIM (max): 0.3985 (6)
[2021-08-10 16:17:44,905] - [trainer.py file line:188] - INFO: Evaluation over.
[2021-08-10 16:17:44,910] - [trainer.py file line:70] - INFO: Current epoch learning rate: 1.000000e-04
[2021-08-10 16:17:47,577] - [trainer.py file line:111] - INFO: epoch: 29	 batch: 5
[2021-08-10 16:17:47,629] - [trainer.py file line:113] - INFO: rec_loss: 0.0011450591
[2021-08-10 16:17:47,633] - [trainer.py file line:123] - INFO: per_loss: 0.0379500687
[2021-08-10 16:17:47,634] - [trainer.py file line:131] - INFO: tpl_loss: 0.0084819738
[2021-08-10 16:17:47,698] - [trainer.py file line:136] - INFO: adv_loss: -0.0449062288
[2021-08-10 16:17:48,684] - [trainer.py file line:70] - INFO: Current epoch learning rate: 1.000000e-04
[2021-08-10 16:17:51,414] - [trainer.py file line:111] - INFO: epoch: 30	 batch: 5
[2021-08-10 16:17:51,419] - [trainer.py file line:113] - INFO: rec_loss: 0.0009104820
[2021-08-10 16:17:51,427] - [trainer.py file line:123] - INFO: per_loss: 0.0205952823
[2021-08-10 16:17:51,431] - [trainer.py file line:131] - INFO: tpl_loss: 0.0053190943
[2021-08-10 16:17:51,495] - [trainer.py file line:136] - INFO: adv_loss: -0.0249551404
[2021-08-10 16:17:52,426] - [trainer.py file line:141] - INFO: saving the model...
[2021-08-10 16:17:52,615] - [trainer.py file line:149] - INFO: Epoch 30 evaluation process...
[2021-08-10 16:17:53,468] - [trainer.py file line:178] - INFO: Ref  PSNR (now): 23.094 	 SSIM (now): 0.3671
[2021-08-10 16:17:53,468] - [trainer.py file line:185] - INFO: Ref  PSNR (max): 23.727 (18) 	 SSIM (max): 0.3985 (6)
[2021-08-10 16:17:53,469] - [trainer.py file line:188] - INFO: Evaluation over.
