[2021-08-12 13:07:57,018] - [trainer.py file line:58] - INFO: load_model_path: ./pretrainedModels/best_model.pt
[2021-08-12 13:07:57,098] - [trainer.py file line:149] - INFO: Epoch 0 evaluation process...
[2021-08-12 13:07:57,995] - [trainer.py file line:198] - INFO: val_rec_loss: 0.0049871970
[2021-08-12 13:07:57,995] - [trainer.py file line:199] - INFO: val_per_loss: 0.0000965365
[2021-08-12 13:07:57,995] - [trainer.py file line:200] - INFO: val_tpl_loss: 0.0002089066
[2021-08-12 13:07:57,995] - [trainer.py file line:201] - INFO: val_adv_loss: 0.0006961708
[2021-08-12 13:07:57,995] - [trainer.py file line:202] - INFO: total_val_loss: 0.0059888111
[2021-08-12 13:07:57,995] - [trainer.py file line:220] - INFO: Ref  PSNR (now): 25.059 	 SSIM (now): 0.4572
[2021-08-12 13:07:57,995] - [trainer.py file line:227] - INFO: Ref  PSNR (max): 25.059 (0) 	 SSIM (max): 0.4572 (0)
[2021-08-12 13:07:57,995] - [trainer.py file line:230] - INFO: Evaluation over.
[2021-08-12 13:07:57,996] - [trainer.py file line:75] - INFO: Current epoch learning rate: 1.000000e-05
[2021-08-12 13:07:59,758] - [trainer.py file line:108] - INFO: init epoch: 1	 batch: 5
[2021-08-12 13:07:59,812] - [trainer.py file line:110] - INFO: rec_loss: 0.0041742693
[2021-08-12 13:07:59,812] - [trainer.py file line:135] - INFO: total_loss: 0.0041742693
[2021-08-12 13:08:00,494] - [trainer.py file line:75] - INFO: Current epoch learning rate: 1.000000e-05
[2021-08-12 13:08:02,257] - [trainer.py file line:108] - INFO: init epoch: 2	 batch: 5
[2021-08-12 13:08:02,310] - [trainer.py file line:110] - INFO: rec_loss: 0.0046585794
[2021-08-12 13:08:02,310] - [trainer.py file line:135] - INFO: total_loss: 0.0046585794
[2021-08-12 13:08:03,058] - [trainer.py file line:75] - INFO: Current epoch learning rate: 1.000000e-05
[2021-08-12 13:08:04,644] - [trainer.py file line:108] - INFO: epoch: 1	 batch: 5
[2021-08-12 13:08:04,698] - [trainer.py file line:110] - INFO: rec_loss: 0.0046365461
[2021-08-12 13:08:04,702] - [trainer.py file line:120] - INFO: per_loss: 0.0000687635
[2021-08-12 13:08:04,703] - [trainer.py file line:128] - INFO: tpl_loss: 0.0001697966
[2021-08-12 13:08:04,720] - [trainer.py file line:133] - INFO: adv_loss: 0.0006987017
[2021-08-12 13:08:04,720] - [trainer.py file line:135] - INFO: total_loss: 0.0055738073
[2021-08-12 13:08:05,442] - [trainer.py file line:75] - INFO: Current epoch learning rate: 1.000000e-05
[2021-08-12 13:08:07,088] - [trainer.py file line:108] - INFO: epoch: 2	 batch: 5
[2021-08-12 13:08:07,139] - [trainer.py file line:110] - INFO: rec_loss: 0.0044239461
[2021-08-12 13:08:07,143] - [trainer.py file line:120] - INFO: per_loss: 0.0000632283
[2021-08-12 13:08:07,145] - [trainer.py file line:128] - INFO: tpl_loss: 0.0001444371
[2021-08-12 13:08:07,162] - [trainer.py file line:133] - INFO: adv_loss: 0.0011582754
[2021-08-12 13:08:07,162] - [trainer.py file line:135] - INFO: total_loss: 0.0057898872
[2021-08-12 13:08:08,023] - [trainer.py file line:149] - INFO: Epoch 2 evaluation process...
[2021-08-12 13:08:08,986] - [trainer.py file line:198] - INFO: val_rec_loss: 0.0049868277
[2021-08-12 13:08:08,986] - [trainer.py file line:199] - INFO: val_per_loss: 0.0000939827
[2021-08-12 13:08:08,986] - [trainer.py file line:200] - INFO: val_tpl_loss: 0.0001997983
[2021-08-12 13:08:08,986] - [trainer.py file line:201] - INFO: val_adv_loss: 0.0003380308
[2021-08-12 13:08:08,986] - [trainer.py file line:202] - INFO: total_val_loss: 0.0056186398
[2021-08-12 13:08:08,986] - [trainer.py file line:209] - INFO: saving the model...
[2021-08-12 13:08:09,102] - [trainer.py file line:220] - INFO: Ref  PSNR (now): 24.960 	 SSIM (now): 0.4591
[2021-08-12 13:08:09,102] - [trainer.py file line:227] - INFO: Ref  PSNR (max): 25.059 (0) 	 SSIM (max): 0.4591 (2)
[2021-08-12 13:08:09,102] - [trainer.py file line:230] - INFO: Evaluation over.
[2021-08-12 13:08:09,103] - [trainer.py file line:75] - INFO: Current epoch learning rate: 1.000000e-05
[2021-08-12 13:08:10,693] - [trainer.py file line:108] - INFO: epoch: 3	 batch: 5
[2021-08-12 13:08:10,747] - [trainer.py file line:110] - INFO: rec_loss: 0.0041108974
[2021-08-12 13:08:10,751] - [trainer.py file line:120] - INFO: per_loss: 0.0000511419
[2021-08-12 13:08:10,752] - [trainer.py file line:128] - INFO: tpl_loss: 0.0001151914
[2021-08-12 13:08:10,768] - [trainer.py file line:133] - INFO: adv_loss: 0.0008591297
[2021-08-12 13:08:10,768] - [trainer.py file line:135] - INFO: total_loss: 0.0051363604
[2021-08-12 13:08:11,477] - [trainer.py file line:75] - INFO: Current epoch learning rate: 1.000000e-05
[2021-08-12 13:08:13,118] - [trainer.py file line:108] - INFO: epoch: 4	 batch: 5
[2021-08-12 13:08:13,170] - [trainer.py file line:110] - INFO: rec_loss: 0.0042816382
[2021-08-12 13:08:13,174] - [trainer.py file line:120] - INFO: per_loss: 0.0000468372
[2021-08-12 13:08:13,176] - [trainer.py file line:128] - INFO: tpl_loss: 0.0001030844
[2021-08-12 13:08:13,192] - [trainer.py file line:133] - INFO: adv_loss: 0.0014009741
[2021-08-12 13:08:13,193] - [trainer.py file line:135] - INFO: total_loss: 0.0058325338
[2021-08-12 13:08:13,912] - [trainer.py file line:149] - INFO: Epoch 4 evaluation process...
[2021-08-12 13:08:14,760] - [trainer.py file line:198] - INFO: val_rec_loss: 0.0052579180
[2021-08-12 13:08:14,761] - [trainer.py file line:199] - INFO: val_per_loss: 0.0000962812
[2021-08-12 13:08:14,761] - [trainer.py file line:200] - INFO: val_tpl_loss: 0.0002197610
[2021-08-12 13:08:14,761] - [trainer.py file line:201] - INFO: val_adv_loss: 0.0002554167
[2021-08-12 13:08:14,761] - [trainer.py file line:202] - INFO: total_val_loss: 0.0058293766
[2021-08-12 13:08:14,761] - [trainer.py file line:220] - INFO: Ref  PSNR (now): 24.584 	 SSIM (now): 0.4611
[2021-08-12 13:08:14,761] - [trainer.py file line:227] - INFO: Ref  PSNR (max): 25.059 (0) 	 SSIM (max): 0.4611 (4)
[2021-08-12 13:08:14,761] - [trainer.py file line:230] - INFO: Evaluation over.
[2021-08-12 13:08:14,763] - [trainer.py file line:75] - INFO: Current epoch learning rate: 1.000000e-05
[2021-08-12 13:08:16,629] - [trainer.py file line:108] - INFO: epoch: 5	 batch: 5
[2021-08-12 13:08:16,683] - [trainer.py file line:110] - INFO: rec_loss: 0.0043275650
[2021-08-12 13:08:16,686] - [trainer.py file line:120] - INFO: per_loss: 0.0000617820
[2021-08-12 13:08:16,688] - [trainer.py file line:128] - INFO: tpl_loss: 0.0001427915
[2021-08-12 13:08:16,704] - [trainer.py file line:133] - INFO: adv_loss: 0.0043933983
[2021-08-12 13:08:16,704] - [trainer.py file line:135] - INFO: total_loss: 0.0089255366
[2021-08-12 13:08:17,415] - [trainer.py file line:75] - INFO: Current epoch learning rate: 1.000000e-05
[2021-08-12 13:08:19,104] - [trainer.py file line:108] - INFO: epoch: 6	 batch: 5
[2021-08-12 13:08:19,158] - [trainer.py file line:110] - INFO: rec_loss: 0.0058314847
[2021-08-12 13:08:19,161] - [trainer.py file line:120] - INFO: per_loss: 0.0000819309
[2021-08-12 13:08:19,162] - [trainer.py file line:128] - INFO: tpl_loss: 0.0002633395
[2021-08-12 13:08:19,179] - [trainer.py file line:133] - INFO: adv_loss: 0.0046203500
[2021-08-12 13:08:19,179] - [trainer.py file line:135] - INFO: total_loss: 0.0107971048
[2021-08-12 13:08:20,001] - [trainer.py file line:149] - INFO: Epoch 6 evaluation process...
[2021-08-12 13:08:21,110] - [trainer.py file line:198] - INFO: val_rec_loss: 0.0076838271
[2021-08-12 13:08:21,111] - [trainer.py file line:199] - INFO: val_per_loss: 0.0001193510
[2021-08-12 13:08:21,111] - [trainer.py file line:200] - INFO: val_tpl_loss: 0.0003518000
[2021-08-12 13:08:21,111] - [trainer.py file line:201] - INFO: val_adv_loss: 0.0002873506
[2021-08-12 13:08:21,111] - [trainer.py file line:202] - INFO: total_val_loss: 0.0084423283
[2021-08-12 13:08:21,112] - [trainer.py file line:220] - INFO: Ref  PSNR (now): 21.646 	 SSIM (now): 0.4435
[2021-08-12 13:08:21,112] - [trainer.py file line:227] - INFO: Ref  PSNR (max): 25.059 (0) 	 SSIM (max): 0.4611 (4)
[2021-08-12 13:08:21,112] - [trainer.py file line:230] - INFO: Evaluation over.
[2021-08-12 13:08:21,116] - [trainer.py file line:75] - INFO: Current epoch learning rate: 1.000000e-05
[2021-08-12 13:08:22,949] - [trainer.py file line:108] - INFO: epoch: 7	 batch: 5
[2021-08-12 13:08:23,003] - [trainer.py file line:110] - INFO: rec_loss: 0.0081900330
[2021-08-12 13:08:23,006] - [trainer.py file line:120] - INFO: per_loss: 0.0001116542
[2021-08-12 13:08:23,008] - [trainer.py file line:128] - INFO: tpl_loss: 0.0003240746
[2021-08-12 13:08:23,024] - [trainer.py file line:133] - INFO: adv_loss: 0.0004110801
[2021-08-12 13:08:23,025] - [trainer.py file line:135] - INFO: total_loss: 0.0090368418
[2021-08-12 13:08:23,749] - [trainer.py file line:75] - INFO: Current epoch learning rate: 1.000000e-05
[2021-08-12 13:08:25,396] - [trainer.py file line:108] - INFO: epoch: 8	 batch: 5
[2021-08-12 13:08:25,449] - [trainer.py file line:110] - INFO: rec_loss: 0.0058915764
[2021-08-12 13:08:25,453] - [trainer.py file line:120] - INFO: per_loss: 0.0001119808
[2021-08-12 13:08:25,454] - [trainer.py file line:128] - INFO: tpl_loss: 0.0004128147
[2021-08-12 13:08:25,471] - [trainer.py file line:133] - INFO: adv_loss: 0.0023729117
[2021-08-12 13:08:25,471] - [trainer.py file line:135] - INFO: total_loss: 0.0087892842
[2021-08-12 13:08:26,188] - [trainer.py file line:149] - INFO: Epoch 8 evaluation process...
[2021-08-12 13:08:27,000] - [trainer.py file line:198] - INFO: val_rec_loss: 0.0067751701
[2021-08-12 13:08:27,000] - [trainer.py file line:199] - INFO: val_per_loss: 0.0001714396
[2021-08-12 13:08:27,001] - [trainer.py file line:200] - INFO: val_tpl_loss: 0.0006337177
[2021-08-12 13:08:27,001] - [trainer.py file line:201] - INFO: val_adv_loss: 0.0002828386
[2021-08-12 13:08:27,001] - [trainer.py file line:202] - INFO: total_val_loss: 0.0078631658
[2021-08-12 13:08:27,001] - [trainer.py file line:220] - INFO: Ref  PSNR (now): 22.690 	 SSIM (now): 0.3016
[2021-08-12 13:08:27,001] - [trainer.py file line:227] - INFO: Ref  PSNR (max): 25.059 (0) 	 SSIM (max): 0.4611 (4)
[2021-08-12 13:08:27,001] - [trainer.py file line:230] - INFO: Evaluation over.
[2021-08-12 13:08:27,005] - [trainer.py file line:75] - INFO: Current epoch learning rate: 1.000000e-05
[2021-08-12 13:08:29,015] - [trainer.py file line:108] - INFO: epoch: 9	 batch: 5
[2021-08-12 13:08:29,065] - [trainer.py file line:110] - INFO: rec_loss: 0.0085950959
[2021-08-12 13:08:29,069] - [trainer.py file line:120] - INFO: per_loss: 0.0001602555
[2021-08-12 13:08:29,071] - [trainer.py file line:128] - INFO: tpl_loss: 0.0010311732
[2021-08-12 13:08:29,087] - [trainer.py file line:133] - INFO: adv_loss: 0.0000952573
[2021-08-12 13:08:29,088] - [trainer.py file line:135] - INFO: total_loss: 0.0098817823
[2021-08-12 13:08:29,805] - [trainer.py file line:75] - INFO: Current epoch learning rate: 1.000000e-05
[2021-08-12 13:08:31,377] - [trainer.py file line:108] - INFO: epoch: 10	 batch: 5
[2021-08-12 13:08:31,430] - [trainer.py file line:110] - INFO: rec_loss: 0.0077138282
[2021-08-12 13:08:31,434] - [trainer.py file line:120] - INFO: per_loss: 0.0001203752
[2021-08-12 13:08:31,435] - [trainer.py file line:128] - INFO: tpl_loss: 0.0005389713
[2021-08-12 13:08:31,452] - [trainer.py file line:133] - INFO: adv_loss: 0.0054495665
[2021-08-12 13:08:31,452] - [trainer.py file line:135] - INFO: total_loss: 0.0138227418
[2021-08-12 13:08:32,144] - [trainer.py file line:149] - INFO: Epoch 10 evaluation process...
[2021-08-12 13:08:32,882] - [trainer.py file line:198] - INFO: val_rec_loss: 0.0070308927
[2021-08-12 13:08:32,883] - [trainer.py file line:199] - INFO: val_per_loss: 0.0001155859
[2021-08-12 13:08:32,883] - [trainer.py file line:200] - INFO: val_tpl_loss: 0.0003931965
[2021-08-12 13:08:32,883] - [trainer.py file line:201] - INFO: val_adv_loss: 0.0020417396
[2021-08-12 13:08:32,883] - [trainer.py file line:202] - INFO: total_val_loss: 0.0095814150
[2021-08-12 13:08:32,883] - [trainer.py file line:220] - INFO: Ref  PSNR (now): 22.382 	 SSIM (now): 0.2731
[2021-08-12 13:08:32,883] - [trainer.py file line:227] - INFO: Ref  PSNR (max): 25.059 (0) 	 SSIM (max): 0.4611 (4)
[2021-08-12 13:08:32,883] - [trainer.py file line:230] - INFO: Evaluation over.
[2021-08-12 13:08:32,884] - [trainer.py file line:75] - INFO: Current epoch learning rate: 1.000000e-05
[2021-08-12 13:08:34,564] - [trainer.py file line:108] - INFO: epoch: 11	 batch: 5
[2021-08-12 13:08:34,618] - [trainer.py file line:110] - INFO: rec_loss: 0.0070537925
[2021-08-12 13:08:34,621] - [trainer.py file line:120] - INFO: per_loss: 0.0000927437
[2021-08-12 13:08:34,623] - [trainer.py file line:128] - INFO: tpl_loss: 0.0005625265
[2021-08-12 13:08:34,639] - [trainer.py file line:133] - INFO: adv_loss: 0.0095973620
[2021-08-12 13:08:34,639] - [trainer.py file line:135] - INFO: total_loss: 0.0173064247
[2021-08-12 13:08:35,311] - [trainer.py file line:75] - INFO: Current epoch learning rate: 1.000000e-05
[2021-08-12 13:08:37,036] - [trainer.py file line:108] - INFO: epoch: 12	 batch: 5
[2021-08-12 13:08:37,089] - [trainer.py file line:110] - INFO: rec_loss: 0.0122397365
[2021-08-12 13:08:37,092] - [trainer.py file line:120] - INFO: per_loss: 0.0000859098
[2021-08-12 13:08:37,094] - [trainer.py file line:128] - INFO: tpl_loss: 0.0049197837
[2021-08-12 13:08:37,110] - [trainer.py file line:133] - INFO: adv_loss: 0.0054211812
[2021-08-12 13:08:37,110] - [trainer.py file line:135] - INFO: total_loss: 0.0226666108
[2021-08-12 13:08:37,825] - [trainer.py file line:149] - INFO: Epoch 12 evaluation process...
[2021-08-12 13:08:38,642] - [trainer.py file line:198] - INFO: val_rec_loss: 0.0089482898
[2021-08-12 13:08:38,642] - [trainer.py file line:199] - INFO: val_per_loss: 0.0001340318
[2021-08-12 13:08:38,642] - [trainer.py file line:200] - INFO: val_tpl_loss: 0.0013451654
[2021-08-12 13:08:38,642] - [trainer.py file line:201] - INFO: val_adv_loss: 0.0031150351
[2021-08-12 13:08:38,642] - [trainer.py file line:202] - INFO: total_val_loss: 0.0135425217
[2021-08-12 13:08:38,642] - [trainer.py file line:220] - INFO: Ref  PSNR (now): 20.316 	 SSIM (now): 0.2484
[2021-08-12 13:08:38,642] - [trainer.py file line:227] - INFO: Ref  PSNR (max): 25.059 (0) 	 SSIM (max): 0.4611 (4)
[2021-08-12 13:08:38,642] - [trainer.py file line:230] - INFO: Evaluation over.
[2021-08-12 13:08:38,644] - [trainer.py file line:75] - INFO: Current epoch learning rate: 1.000000e-05
[2021-08-12 13:08:40,551] - [trainer.py file line:108] - INFO: epoch: 13	 batch: 5
[2021-08-12 13:08:40,587] - [trainer.py file line:110] - INFO: rec_loss: 0.0064041936
[2021-08-12 13:08:40,593] - [trainer.py file line:120] - INFO: per_loss: 0.0001083852
[2021-08-12 13:08:40,596] - [trainer.py file line:128] - INFO: tpl_loss: 0.0003324366
[2021-08-12 13:08:40,643] - [trainer.py file line:133] - INFO: adv_loss: 0.0056882533
[2021-08-12 13:08:40,644] - [trainer.py file line:135] - INFO: total_loss: 0.0125332680
[2021-08-12 13:08:41,551] - [trainer.py file line:75] - INFO: Current epoch learning rate: 1.000000e-05
[2021-08-12 13:08:43,216] - [trainer.py file line:108] - INFO: epoch: 14	 batch: 5
[2021-08-12 13:08:43,269] - [trainer.py file line:110] - INFO: rec_loss: 0.0043578926
[2021-08-12 13:08:43,273] - [trainer.py file line:120] - INFO: per_loss: 0.0000684477
[2021-08-12 13:08:43,274] - [trainer.py file line:128] - INFO: tpl_loss: 0.0001888904
[2021-08-12 13:08:43,293] - [trainer.py file line:133] - INFO: adv_loss: 0.0000000000
[2021-08-12 13:08:43,294] - [trainer.py file line:135] - INFO: total_loss: 0.0046152305
[2021-08-12 13:08:43,993] - [trainer.py file line:149] - INFO: Epoch 14 evaluation process...
[2021-08-12 13:08:44,683] - [trainer.py file line:198] - INFO: val_rec_loss: 0.0053684576
[2021-08-12 13:08:44,684] - [trainer.py file line:199] - INFO: val_per_loss: 0.0001065622
[2021-08-12 13:08:44,684] - [trainer.py file line:200] - INFO: val_tpl_loss: 0.0002608118
[2021-08-12 13:08:44,684] - [trainer.py file line:201] - INFO: val_adv_loss: 0.0000000000
[2021-08-12 13:08:44,684] - [trainer.py file line:202] - INFO: total_val_loss: 0.0057358313
[2021-08-12 13:08:44,684] - [trainer.py file line:220] - INFO: Ref  PSNR (now): 24.298 	 SSIM (now): 0.4484
[2021-08-12 13:08:44,684] - [trainer.py file line:227] - INFO: Ref  PSNR (max): 25.059 (0) 	 SSIM (max): 0.4611 (4)
[2021-08-12 13:08:44,684] - [trainer.py file line:230] - INFO: Evaluation over.
[2021-08-12 13:08:44,685] - [trainer.py file line:75] - INFO: Current epoch learning rate: 1.000000e-05
[2021-08-12 13:08:46,308] - [trainer.py file line:108] - INFO: epoch: 15	 batch: 5
[2021-08-12 13:08:46,361] - [trainer.py file line:110] - INFO: rec_loss: 0.0042779711
[2021-08-12 13:08:46,365] - [trainer.py file line:120] - INFO: per_loss: 0.0000705056
[2021-08-12 13:08:46,366] - [trainer.py file line:128] - INFO: tpl_loss: 0.0001898955
[2021-08-12 13:08:46,383] - [trainer.py file line:133] - INFO: adv_loss: 0.0000000000
[2021-08-12 13:08:46,383] - [trainer.py file line:135] - INFO: total_loss: 0.0045383722
[2021-08-12 13:08:47,114] - [trainer.py file line:75] - INFO: Current epoch learning rate: 1.000000e-05
[2021-08-12 13:08:48,859] - [trainer.py file line:108] - INFO: epoch: 16	 batch: 5
[2021-08-12 13:08:48,913] - [trainer.py file line:110] - INFO: rec_loss: 0.0050778119
[2021-08-12 13:08:48,916] - [trainer.py file line:120] - INFO: per_loss: 0.0000946501
[2021-08-12 13:08:48,918] - [trainer.py file line:128] - INFO: tpl_loss: 0.0002024922
[2021-08-12 13:08:48,934] - [trainer.py file line:133] - INFO: adv_loss: 0.0000000000
[2021-08-12 13:08:48,934] - [trainer.py file line:135] - INFO: total_loss: 0.0053749545
[2021-08-12 13:08:49,609] - [trainer.py file line:149] - INFO: Epoch 16 evaluation process...
[2021-08-12 13:08:50,440] - [trainer.py file line:198] - INFO: val_rec_loss: 0.0053262371
[2021-08-12 13:08:50,440] - [trainer.py file line:199] - INFO: val_per_loss: 0.0001079572
[2021-08-12 13:08:50,440] - [trainer.py file line:200] - INFO: val_tpl_loss: 0.0002158138
[2021-08-12 13:08:50,440] - [trainer.py file line:201] - INFO: val_adv_loss: 0.0000000000
[2021-08-12 13:08:50,440] - [trainer.py file line:202] - INFO: total_val_loss: 0.0056500081
[2021-08-12 13:08:50,440] - [trainer.py file line:220] - INFO: Ref  PSNR (now): 24.493 	 SSIM (now): 0.4455
[2021-08-12 13:08:50,440] - [trainer.py file line:227] - INFO: Ref  PSNR (max): 25.059 (0) 	 SSIM (max): 0.4611 (4)
[2021-08-12 13:08:50,440] - [trainer.py file line:230] - INFO: Evaluation over.
[2021-08-12 13:08:50,442] - [trainer.py file line:75] - INFO: Current epoch learning rate: 1.000000e-05
[2021-08-12 13:08:52,245] - [trainer.py file line:108] - INFO: epoch: 17	 batch: 5
[2021-08-12 13:08:52,248] - [trainer.py file line:110] - INFO: rec_loss: 0.0045331861
[2021-08-12 13:08:52,256] - [trainer.py file line:120] - INFO: per_loss: 0.0000765366
[2021-08-12 13:08:52,258] - [trainer.py file line:128] - INFO: tpl_loss: 0.0001718468
[2021-08-12 13:08:52,274] - [trainer.py file line:133] - INFO: adv_loss: 0.0000000000
[2021-08-12 13:08:52,275] - [trainer.py file line:135] - INFO: total_loss: 0.0047815694
[2021-08-12 13:08:52,996] - [trainer.py file line:75] - INFO: Current epoch learning rate: 1.000000e-05
[2021-08-12 13:08:54,746] - [trainer.py file line:108] - INFO: epoch: 18	 batch: 5
[2021-08-12 13:08:54,776] - [trainer.py file line:110] - INFO: rec_loss: 0.0042590746
[2021-08-12 13:08:54,782] - [trainer.py file line:120] - INFO: per_loss: 0.0000663261
[2021-08-12 13:08:54,785] - [trainer.py file line:128] - INFO: tpl_loss: 0.0001614316
[2021-08-12 13:08:54,813] - [trainer.py file line:133] - INFO: adv_loss: 0.0000000000
[2021-08-12 13:08:54,814] - [trainer.py file line:135] - INFO: total_loss: 0.0044868323
[2021-08-12 13:08:55,528] - [trainer.py file line:149] - INFO: Epoch 18 evaluation process...
[2021-08-12 13:08:56,540] - [trainer.py file line:198] - INFO: val_rec_loss: 0.0051483451
[2021-08-12 13:08:56,541] - [trainer.py file line:199] - INFO: val_per_loss: 0.0001009771
[2021-08-12 13:08:56,541] - [trainer.py file line:200] - INFO: val_tpl_loss: 0.0002078370
[2021-08-12 13:08:56,541] - [trainer.py file line:201] - INFO: val_adv_loss: 0.0000000000
[2021-08-12 13:08:56,541] - [trainer.py file line:202] - INFO: total_val_loss: 0.0054571596
[2021-08-12 13:08:56,542] - [trainer.py file line:209] - INFO: saving the model...
[2021-08-12 13:08:56,680] - [trainer.py file line:220] - INFO: Ref  PSNR (now): 24.688 	 SSIM (now): 0.4527
[2021-08-12 13:08:56,680] - [trainer.py file line:227] - INFO: Ref  PSNR (max): 25.059 (0) 	 SSIM (max): 0.4611 (4)
[2021-08-12 13:08:56,680] - [trainer.py file line:230] - INFO: Evaluation over.
[2021-08-12 13:08:56,681] - [trainer.py file line:75] - INFO: Current epoch learning rate: 1.000000e-05
[2021-08-12 13:08:58,466] - [trainer.py file line:108] - INFO: epoch: 19	 batch: 5
[2021-08-12 13:08:58,485] - [trainer.py file line:110] - INFO: rec_loss: 0.0044485303
[2021-08-12 13:08:58,494] - [trainer.py file line:120] - INFO: per_loss: 0.0000719666
[2021-08-12 13:08:58,499] - [trainer.py file line:128] - INFO: tpl_loss: 0.0001628468
[2021-08-12 13:08:58,544] - [trainer.py file line:133] - INFO: adv_loss: 0.0000000000
[2021-08-12 13:08:58,545] - [trainer.py file line:135] - INFO: total_loss: 0.0046833437
[2021-08-12 13:08:59,273] - [trainer.py file line:75] - INFO: Current epoch learning rate: 1.000000e-05
[2021-08-12 13:09:01,035] - [trainer.py file line:108] - INFO: epoch: 20	 batch: 5
[2021-08-12 13:09:01,089] - [trainer.py file line:110] - INFO: rec_loss: 0.0047491356
[2021-08-12 13:09:01,092] - [trainer.py file line:120] - INFO: per_loss: 0.0000830785
[2021-08-12 13:09:01,094] - [trainer.py file line:128] - INFO: tpl_loss: 0.0001721051
[2021-08-12 13:09:01,110] - [trainer.py file line:133] - INFO: adv_loss: 0.0000000000
[2021-08-12 13:09:01,111] - [trainer.py file line:135] - INFO: total_loss: 0.0050043194
[2021-08-12 13:09:01,833] - [trainer.py file line:149] - INFO: Epoch 20 evaluation process...
[2021-08-12 13:09:02,704] - [trainer.py file line:198] - INFO: val_rec_loss: 0.0050332714
[2021-08-12 13:09:02,704] - [trainer.py file line:199] - INFO: val_per_loss: 0.0001013827
[2021-08-12 13:09:02,704] - [trainer.py file line:200] - INFO: val_tpl_loss: 0.0001915790
[2021-08-12 13:09:02,704] - [trainer.py file line:201] - INFO: val_adv_loss: 0.0000000000
[2021-08-12 13:09:02,704] - [trainer.py file line:202] - INFO: total_val_loss: 0.0053262333
[2021-08-12 13:09:02,704] - [trainer.py file line:209] - INFO: saving the model...
[2021-08-12 13:09:02,831] - [trainer.py file line:220] - INFO: Ref  PSNR (now): 24.875 	 SSIM (now): 0.4538
[2021-08-12 13:09:02,831] - [trainer.py file line:227] - INFO: Ref  PSNR (max): 25.059 (0) 	 SSIM (max): 0.4611 (4)
[2021-08-12 13:09:02,831] - [trainer.py file line:230] - INFO: Evaluation over.
[2021-08-12 13:09:02,833] - [trainer.py file line:75] - INFO: Current epoch learning rate: 1.000000e-05
[2021-08-12 13:09:04,738] - [trainer.py file line:108] - INFO: epoch: 21	 batch: 5
[2021-08-12 13:09:04,792] - [trainer.py file line:110] - INFO: rec_loss: 0.0042404919
[2021-08-12 13:09:04,796] - [trainer.py file line:120] - INFO: per_loss: 0.0000616511
[2021-08-12 13:09:04,797] - [trainer.py file line:128] - INFO: tpl_loss: 0.0001361234
[2021-08-12 13:09:04,814] - [trainer.py file line:133] - INFO: adv_loss: 0.0000000000
[2021-08-12 13:09:04,814] - [trainer.py file line:135] - INFO: total_loss: 0.0044382666
[2021-08-12 13:09:05,544] - [trainer.py file line:75] - INFO: Current epoch learning rate: 1.000000e-05
[2021-08-12 13:09:07,478] - [trainer.py file line:108] - INFO: epoch: 22	 batch: 5
[2021-08-12 13:09:07,485] - [trainer.py file line:110] - INFO: rec_loss: 0.0041728392
[2021-08-12 13:09:07,492] - [trainer.py file line:120] - INFO: per_loss: 0.0000584222
[2021-08-12 13:09:07,496] - [trainer.py file line:128] - INFO: tpl_loss: 0.0001261646
[2021-08-12 13:09:07,538] - [trainer.py file line:133] - INFO: adv_loss: 0.0000000000
[2021-08-12 13:09:07,539] - [trainer.py file line:135] - INFO: total_loss: 0.0043574260
[2021-08-12 13:09:08,288] - [trainer.py file line:149] - INFO: Epoch 22 evaluation process...
[2021-08-12 13:09:09,007] - [trainer.py file line:198] - INFO: val_rec_loss: 0.0050587258
[2021-08-12 13:09:09,008] - [trainer.py file line:199] - INFO: val_per_loss: 0.0000982524
[2021-08-12 13:09:09,008] - [trainer.py file line:200] - INFO: val_tpl_loss: 0.0001888878
[2021-08-12 13:09:09,008] - [trainer.py file line:201] - INFO: val_adv_loss: 0.0000000000
[2021-08-12 13:09:09,008] - [trainer.py file line:202] - INFO: total_val_loss: 0.0053458656
[2021-08-12 13:09:09,008] - [trainer.py file line:220] - INFO: Ref  PSNR (now): 24.835 	 SSIM (now): 0.4528
[2021-08-12 13:09:09,008] - [trainer.py file line:227] - INFO: Ref  PSNR (max): 25.059 (0) 	 SSIM (max): 0.4611 (4)
[2021-08-12 13:09:09,008] - [trainer.py file line:230] - INFO: Evaluation over.
[2021-08-12 13:09:09,009] - [trainer.py file line:75] - INFO: Current epoch learning rate: 1.000000e-05
[2021-08-12 13:09:10,719] - [trainer.py file line:108] - INFO: epoch: 23	 batch: 5
[2021-08-12 13:09:10,773] - [trainer.py file line:110] - INFO: rec_loss: 0.0044803484
[2021-08-12 13:09:10,777] - [trainer.py file line:120] - INFO: per_loss: 0.0000777937
[2021-08-12 13:09:10,778] - [trainer.py file line:128] - INFO: tpl_loss: 0.0001383265
[2021-08-12 13:09:10,794] - [trainer.py file line:133] - INFO: adv_loss: 0.0000000000
[2021-08-12 13:09:10,794] - [trainer.py file line:135] - INFO: total_loss: 0.0046964688
[2021-08-12 13:09:11,499] - [trainer.py file line:75] - INFO: Current epoch learning rate: 1.000000e-05
[2021-08-12 13:09:13,080] - [trainer.py file line:108] - INFO: epoch: 24	 batch: 5
[2021-08-12 13:09:13,133] - [trainer.py file line:110] - INFO: rec_loss: 0.0044521210
[2021-08-12 13:09:13,137] - [trainer.py file line:120] - INFO: per_loss: 0.0000716468
[2021-08-12 13:09:13,138] - [trainer.py file line:128] - INFO: tpl_loss: 0.0001403282
[2021-08-12 13:09:13,155] - [trainer.py file line:133] - INFO: adv_loss: 0.0000000000
[2021-08-12 13:09:13,155] - [trainer.py file line:135] - INFO: total_loss: 0.0046640956
[2021-08-12 13:09:13,860] - [trainer.py file line:149] - INFO: Epoch 24 evaluation process...
[2021-08-12 13:09:14,770] - [trainer.py file line:198] - INFO: val_rec_loss: 0.0050233845
[2021-08-12 13:09:14,770] - [trainer.py file line:199] - INFO: val_per_loss: 0.0000948923
[2021-08-12 13:09:14,770] - [trainer.py file line:200] - INFO: val_tpl_loss: 0.0001841111
[2021-08-12 13:09:14,770] - [trainer.py file line:201] - INFO: val_adv_loss: 0.0000000000
[2021-08-12 13:09:14,770] - [trainer.py file line:202] - INFO: total_val_loss: 0.0053023882
[2021-08-12 13:09:14,771] - [trainer.py file line:209] - INFO: saving the model...
[2021-08-12 13:09:14,887] - [trainer.py file line:220] - INFO: Ref  PSNR (now): 24.893 	 SSIM (now): 0.4549
[2021-08-12 13:09:14,887] - [trainer.py file line:227] - INFO: Ref  PSNR (max): 25.059 (0) 	 SSIM (max): 0.4611 (4)
[2021-08-12 13:09:14,887] - [trainer.py file line:230] - INFO: Evaluation over.
[2021-08-12 13:09:14,888] - [trainer.py file line:75] - INFO: Current epoch learning rate: 1.000000e-05
[2021-08-12 13:09:16,556] - [trainer.py file line:108] - INFO: epoch: 25	 batch: 5
[2021-08-12 13:09:16,608] - [trainer.py file line:110] - INFO: rec_loss: 0.0046524876
[2021-08-12 13:09:16,612] - [trainer.py file line:120] - INFO: per_loss: 0.0000832017
[2021-08-12 13:09:16,613] - [trainer.py file line:128] - INFO: tpl_loss: 0.0001545195
[2021-08-12 13:09:16,630] - [trainer.py file line:133] - INFO: adv_loss: 0.0000000000
[2021-08-12 13:09:16,631] - [trainer.py file line:135] - INFO: total_loss: 0.0048902086
[2021-08-12 13:09:17,369] - [trainer.py file line:75] - INFO: Current epoch learning rate: 1.000000e-05
[2021-08-12 13:09:19,300] - [trainer.py file line:108] - INFO: epoch: 26	 batch: 5
[2021-08-12 13:09:19,354] - [trainer.py file line:110] - INFO: rec_loss: 0.0044857636
[2021-08-12 13:09:19,357] - [trainer.py file line:120] - INFO: per_loss: 0.0000651233
[2021-08-12 13:09:19,358] - [trainer.py file line:128] - INFO: tpl_loss: 0.0001365224
[2021-08-12 13:09:19,375] - [trainer.py file line:133] - INFO: adv_loss: 0.0000000000
[2021-08-12 13:09:19,375] - [trainer.py file line:135] - INFO: total_loss: 0.0046874094
[2021-08-12 13:09:20,097] - [trainer.py file line:149] - INFO: Epoch 26 evaluation process...
[2021-08-12 13:09:20,759] - [trainer.py file line:198] - INFO: val_rec_loss: 0.0049817297
[2021-08-12 13:09:20,759] - [trainer.py file line:199] - INFO: val_per_loss: 0.0000926800
[2021-08-12 13:09:20,759] - [trainer.py file line:200] - INFO: val_tpl_loss: 0.0001858075
[2021-08-12 13:09:20,759] - [trainer.py file line:201] - INFO: val_adv_loss: 0.0000000000
[2021-08-12 13:09:20,759] - [trainer.py file line:202] - INFO: total_val_loss: 0.0052602170
[2021-08-12 13:09:20,759] - [trainer.py file line:209] - INFO: saving the model...
[2021-08-12 13:09:20,881] - [trainer.py file line:220] - INFO: Ref  PSNR (now): 24.971 	 SSIM (now): 0.4560
[2021-08-12 13:09:20,881] - [trainer.py file line:227] - INFO: Ref  PSNR (max): 25.059 (0) 	 SSIM (max): 0.4611 (4)
[2021-08-12 13:09:20,881] - [trainer.py file line:230] - INFO: Evaluation over.
[2021-08-12 13:09:20,882] - [trainer.py file line:75] - INFO: Current epoch learning rate: 1.000000e-05
[2021-08-12 13:09:22,620] - [trainer.py file line:108] - INFO: epoch: 27	 batch: 5
[2021-08-12 13:09:22,673] - [trainer.py file line:110] - INFO: rec_loss: 0.0044448520
[2021-08-12 13:09:22,677] - [trainer.py file line:120] - INFO: per_loss: 0.0000670035
[2021-08-12 13:09:22,678] - [trainer.py file line:128] - INFO: tpl_loss: 0.0001414898
[2021-08-12 13:09:22,695] - [trainer.py file line:133] - INFO: adv_loss: 0.0000000000
[2021-08-12 13:09:22,695] - [trainer.py file line:135] - INFO: total_loss: 0.0046533453
[2021-08-12 13:09:23,425] - [trainer.py file line:75] - INFO: Current epoch learning rate: 1.000000e-05
[2021-08-12 13:09:25,079] - [trainer.py file line:108] - INFO: epoch: 28	 batch: 5
[2021-08-12 13:09:25,133] - [trainer.py file line:110] - INFO: rec_loss: 0.0041768351
[2021-08-12 13:09:25,137] - [trainer.py file line:120] - INFO: per_loss: 0.0000540273
[2021-08-12 13:09:25,138] - [trainer.py file line:128] - INFO: tpl_loss: 0.0001163353
[2021-08-12 13:09:25,155] - [trainer.py file line:133] - INFO: adv_loss: 0.0000000000
[2021-08-12 13:09:25,155] - [trainer.py file line:135] - INFO: total_loss: 0.0043471977
[2021-08-12 13:09:25,873] - [trainer.py file line:149] - INFO: Epoch 28 evaluation process...
[2021-08-12 13:09:26,610] - [trainer.py file line:198] - INFO: val_rec_loss: 0.0050060223
[2021-08-12 13:09:26,611] - [trainer.py file line:199] - INFO: val_per_loss: 0.0000921823
[2021-08-12 13:09:26,611] - [trainer.py file line:200] - INFO: val_tpl_loss: 0.0001900821
[2021-08-12 13:09:26,611] - [trainer.py file line:201] - INFO: val_adv_loss: 0.0000000000
[2021-08-12 13:09:26,611] - [trainer.py file line:202] - INFO: total_val_loss: 0.0052882866
[2021-08-12 13:09:26,611] - [trainer.py file line:220] - INFO: Ref  PSNR (now): 24.913 	 SSIM (now): 0.4547
[2021-08-12 13:09:26,611] - [trainer.py file line:227] - INFO: Ref  PSNR (max): 25.059 (0) 	 SSIM (max): 0.4611 (4)
[2021-08-12 13:09:26,611] - [trainer.py file line:230] - INFO: Evaluation over.
[2021-08-12 13:09:26,612] - [trainer.py file line:75] - INFO: Current epoch learning rate: 1.000000e-05
[2021-08-12 13:09:28,338] - [trainer.py file line:108] - INFO: epoch: 29	 batch: 5
[2021-08-12 13:09:28,391] - [trainer.py file line:110] - INFO: rec_loss: 0.0049982183
[2021-08-12 13:09:28,395] - [trainer.py file line:120] - INFO: per_loss: 0.0000915672
[2021-08-12 13:09:28,396] - [trainer.py file line:128] - INFO: tpl_loss: 0.0001658584
[2021-08-12 13:09:28,412] - [trainer.py file line:133] - INFO: adv_loss: 0.0000000000
[2021-08-12 13:09:28,413] - [trainer.py file line:135] - INFO: total_loss: 0.0052556437
[2021-08-12 13:09:29,128] - [trainer.py file line:75] - INFO: Current epoch learning rate: 1.000000e-05
[2021-08-12 13:09:31,080] - [trainer.py file line:108] - INFO: epoch: 30	 batch: 5
[2021-08-12 13:09:31,090] - [trainer.py file line:110] - INFO: rec_loss: 0.0046054120
[2021-08-12 13:09:31,097] - [trainer.py file line:120] - INFO: per_loss: 0.0000712983
[2021-08-12 13:09:31,101] - [trainer.py file line:128] - INFO: tpl_loss: 0.0001476564
[2021-08-12 13:09:31,128] - [trainer.py file line:133] - INFO: adv_loss: 0.0000000000
[2021-08-12 13:09:31,129] - [trainer.py file line:135] - INFO: total_loss: 0.0048243669
[2021-08-12 13:09:31,859] - [trainer.py file line:141] - INFO: saving the model...
[2021-08-12 13:09:31,981] - [trainer.py file line:149] - INFO: Epoch 30 evaluation process...
[2021-08-12 13:09:32,783] - [trainer.py file line:198] - INFO: val_rec_loss: 0.0050049047
[2021-08-12 13:09:32,783] - [trainer.py file line:199] - INFO: val_per_loss: 0.0000906806
[2021-08-12 13:09:32,784] - [trainer.py file line:200] - INFO: val_tpl_loss: 0.0001932887
[2021-08-12 13:09:32,784] - [trainer.py file line:201] - INFO: val_adv_loss: 0.0000000000
[2021-08-12 13:09:32,784] - [trainer.py file line:202] - INFO: total_val_loss: 0.0052888738
[2021-08-12 13:09:32,784] - [trainer.py file line:220] - INFO: Ref  PSNR (now): 24.924 	 SSIM (now): 0.4557
[2021-08-12 13:09:32,784] - [trainer.py file line:227] - INFO: Ref  PSNR (max): 25.059 (0) 	 SSIM (max): 0.4611 (4)
[2021-08-12 13:09:32,784] - [trainer.py file line:230] - INFO: Evaluation over.
