[2021-08-10 12:18:58,031] - [trainer.py file line:70] - INFO: Current epoch learning rate: 1.000000e-04
[2021-08-10 12:18:59,945] - [trainer.py file line:111] - INFO: init epoch: 1	 batch: 5
[2021-08-10 12:18:59,995] - [trainer.py file line:113] - INFO: rec_loss: 0.0200075619
[2021-08-10 12:19:00,692] - [trainer.py file line:70] - INFO: Current epoch learning rate: 1.000000e-04
[2021-08-10 12:19:02,404] - [trainer.py file line:111] - INFO: init epoch: 2	 batch: 5
[2021-08-10 12:19:02,419] - [trainer.py file line:113] - INFO: rec_loss: 0.0109392498
[2021-08-10 12:19:03,136] - [trainer.py file line:70] - INFO: Current epoch learning rate: 1.000000e-04
[2021-08-10 12:19:05,005] - [trainer.py file line:111] - INFO: epoch: 1	 batch: 5
[2021-08-10 12:19:05,055] - [trainer.py file line:113] - INFO: rec_loss: 0.0113006355
[2021-08-10 12:19:05,059] - [trainer.py file line:123] - INFO: per_loss: 0.0850490257
[2021-08-10 12:19:05,061] - [trainer.py file line:131] - INFO: tpl_loss: 0.0108475983
[2021-08-10 12:19:05,095] - [trainer.py file line:136] - INFO: adv_loss: -0.0055868803
[2021-08-10 12:19:05,867] - [trainer.py file line:70] - INFO: Current epoch learning rate: 1.000000e-04
[2021-08-10 12:19:07,684] - [trainer.py file line:111] - INFO: epoch: 2	 batch: 5
[2021-08-10 12:19:07,719] - [trainer.py file line:113] - INFO: rec_loss: 0.0258079469
[2021-08-10 12:19:07,724] - [trainer.py file line:123] - INFO: per_loss: 0.0666820034
[2021-08-10 12:19:07,727] - [trainer.py file line:131] - INFO: tpl_loss: 0.0100745382
[2021-08-10 12:19:07,789] - [trainer.py file line:136] - INFO: adv_loss: 0.0568711460
[2021-08-10 12:19:08,878] - [trainer.py file line:149] - INFO: Epoch 2 evaluation process...
[2021-08-10 12:19:09,850] - [trainer.py file line:178] - INFO: Ref  PSNR (now): 17.841 	 SSIM (now): 0.4103
[2021-08-10 12:19:09,851] - [trainer.py file line:185] - INFO: Ref  PSNR (max): 17.841 (2) 	 SSIM (max): 0.4103 (2)
[2021-08-10 12:19:09,851] - [trainer.py file line:188] - INFO: Evaluation over.
[2021-08-10 12:19:09,855] - [trainer.py file line:70] - INFO: Current epoch learning rate: 1.000000e-04
[2021-08-10 12:19:11,963] - [trainer.py file line:111] - INFO: epoch: 3	 batch: 5
[2021-08-10 12:19:12,018] - [trainer.py file line:113] - INFO: rec_loss: 0.0151118804
[2021-08-10 12:19:12,022] - [trainer.py file line:123] - INFO: per_loss: 0.0694459751
[2021-08-10 12:19:12,023] - [trainer.py file line:131] - INFO: tpl_loss: 0.0095319003
[2021-08-10 12:19:12,056] - [trainer.py file line:136] - INFO: adv_loss: 0.1033213362
[2021-08-10 12:19:12,819] - [trainer.py file line:70] - INFO: Current epoch learning rate: 1.000000e-04
[2021-08-10 12:19:14,795] - [trainer.py file line:111] - INFO: epoch: 4	 batch: 5
[2021-08-10 12:19:14,847] - [trainer.py file line:113] - INFO: rec_loss: 0.0120294867
[2021-08-10 12:19:14,851] - [trainer.py file line:123] - INFO: per_loss: 0.0736730769
[2021-08-10 12:19:14,852] - [trainer.py file line:131] - INFO: tpl_loss: 0.0100848516
[2021-08-10 12:19:14,885] - [trainer.py file line:136] - INFO: adv_loss: 0.2540081441
[2021-08-10 12:19:15,640] - [trainer.py file line:149] - INFO: Epoch 4 evaluation process...
[2021-08-10 12:19:16,334] - [trainer.py file line:178] - INFO: Ref  PSNR (now): 20.214 	 SSIM (now): 0.3741
[2021-08-10 12:19:16,334] - [trainer.py file line:185] - INFO: Ref  PSNR (max): 20.214 (4) 	 SSIM (max): 0.4103 (2)
[2021-08-10 12:19:16,334] - [trainer.py file line:188] - INFO: Evaluation over.
[2021-08-10 12:19:16,335] - [trainer.py file line:70] - INFO: Current epoch learning rate: 1.000000e-04
[2021-08-10 12:19:18,244] - [trainer.py file line:111] - INFO: epoch: 5	 batch: 5
[2021-08-10 12:19:18,296] - [trainer.py file line:113] - INFO: rec_loss: 0.0176635720
[2021-08-10 12:19:18,300] - [trainer.py file line:123] - INFO: per_loss: 0.1152669415
[2021-08-10 12:19:18,302] - [trainer.py file line:131] - INFO: tpl_loss: 0.0167626310
[2021-08-10 12:19:18,336] - [trainer.py file line:136] - INFO: adv_loss: 0.1519144475
[2021-08-10 12:19:19,104] - [trainer.py file line:70] - INFO: Current epoch learning rate: 1.000000e-04
[2021-08-10 12:19:20,774] - [trainer.py file line:111] - INFO: epoch: 6	 batch: 5
[2021-08-10 12:19:20,827] - [trainer.py file line:113] - INFO: rec_loss: 0.0107486276
[2021-08-10 12:19:20,831] - [trainer.py file line:123] - INFO: per_loss: 0.0689854622
[2021-08-10 12:19:20,832] - [trainer.py file line:131] - INFO: tpl_loss: 0.0083798664
[2021-08-10 12:19:20,866] - [trainer.py file line:136] - INFO: adv_loss: 0.0344812088
[2021-08-10 12:19:21,822] - [trainer.py file line:149] - INFO: Epoch 6 evaluation process...
[2021-08-10 12:19:22,827] - [trainer.py file line:178] - INFO: Ref  PSNR (now): 17.872 	 SSIM (now): 0.3192
[2021-08-10 12:19:22,827] - [trainer.py file line:185] - INFO: Ref  PSNR (max): 20.214 (4) 	 SSIM (max): 0.4103 (2)
[2021-08-10 12:19:22,828] - [trainer.py file line:188] - INFO: Evaluation over.
[2021-08-10 12:19:22,829] - [trainer.py file line:70] - INFO: Current epoch learning rate: 1.000000e-04
[2021-08-10 12:19:24,591] - [trainer.py file line:111] - INFO: epoch: 7	 batch: 5
[2021-08-10 12:19:24,645] - [trainer.py file line:113] - INFO: rec_loss: 0.0147911338
[2021-08-10 12:19:24,648] - [trainer.py file line:123] - INFO: per_loss: 0.0834320709
[2021-08-10 12:19:24,649] - [trainer.py file line:131] - INFO: tpl_loss: 0.0096141929
[2021-08-10 12:19:24,683] - [trainer.py file line:136] - INFO: adv_loss: 0.0991538614
[2021-08-10 12:19:25,462] - [trainer.py file line:70] - INFO: Current epoch learning rate: 1.000000e-04
[2021-08-10 12:19:27,381] - [trainer.py file line:111] - INFO: epoch: 8	 batch: 5
[2021-08-10 12:19:27,435] - [trainer.py file line:113] - INFO: rec_loss: 0.0160952192
[2021-08-10 12:19:27,439] - [trainer.py file line:123] - INFO: per_loss: 0.0936594605
[2021-08-10 12:19:27,440] - [trainer.py file line:131] - INFO: tpl_loss: 0.0149642024
[2021-08-10 12:19:27,474] - [trainer.py file line:136] - INFO: adv_loss: 0.1692817211
[2021-08-10 12:19:28,242] - [trainer.py file line:149] - INFO: Epoch 8 evaluation process...
[2021-08-10 12:19:28,940] - [trainer.py file line:178] - INFO: Ref  PSNR (now): 20.154 	 SSIM (now): 0.3626
[2021-08-10 12:19:28,940] - [trainer.py file line:185] - INFO: Ref  PSNR (max): 20.214 (4) 	 SSIM (max): 0.4103 (2)
[2021-08-10 12:19:28,940] - [trainer.py file line:188] - INFO: Evaluation over.
[2021-08-10 12:19:28,942] - [trainer.py file line:70] - INFO: Current epoch learning rate: 1.000000e-04
[2021-08-10 12:19:30,766] - [trainer.py file line:111] - INFO: epoch: 9	 batch: 5
[2021-08-10 12:19:30,819] - [trainer.py file line:113] - INFO: rec_loss: 0.0173629560
[2021-08-10 12:19:30,823] - [trainer.py file line:123] - INFO: per_loss: 0.0969705582
[2021-08-10 12:19:30,824] - [trainer.py file line:131] - INFO: tpl_loss: 0.0321866535
[2021-08-10 12:19:30,858] - [trainer.py file line:136] - INFO: adv_loss: 0.5093281269
[2021-08-10 12:19:31,610] - [trainer.py file line:70] - INFO: Current epoch learning rate: 1.000000e-04
[2021-08-10 12:19:33,495] - [trainer.py file line:111] - INFO: epoch: 10	 batch: 5
[2021-08-10 12:19:33,549] - [trainer.py file line:113] - INFO: rec_loss: 0.0440579616
[2021-08-10 12:19:33,552] - [trainer.py file line:123] - INFO: per_loss: 0.1435553879
[2021-08-10 12:19:33,553] - [trainer.py file line:131] - INFO: tpl_loss: 0.0769732967
[2021-08-10 12:19:33,587] - [trainer.py file line:136] - INFO: adv_loss: -1.1500093937
[2021-08-10 12:19:34,305] - [trainer.py file line:149] - INFO: Epoch 10 evaluation process...
[2021-08-10 12:19:35,087] - [trainer.py file line:178] - INFO: Ref  PSNR (now): 15.908 	 SSIM (now): 0.1352
[2021-08-10 12:19:35,088] - [trainer.py file line:185] - INFO: Ref  PSNR (max): 20.214 (4) 	 SSIM (max): 0.4103 (2)
[2021-08-10 12:19:35,088] - [trainer.py file line:188] - INFO: Evaluation over.
[2021-08-10 12:19:35,092] - [trainer.py file line:70] - INFO: Current epoch learning rate: 1.000000e-04
[2021-08-10 12:19:37,460] - [trainer.py file line:111] - INFO: epoch: 11	 batch: 5
[2021-08-10 12:19:37,470] - [trainer.py file line:113] - INFO: rec_loss: 0.0223884471
[2021-08-10 12:19:37,476] - [trainer.py file line:123] - INFO: per_loss: 0.1121210828
[2021-08-10 12:19:37,478] - [trainer.py file line:131] - INFO: tpl_loss: 0.0154956598
[2021-08-10 12:19:37,511] - [trainer.py file line:136] - INFO: adv_loss: -0.3038813770
[2021-08-10 12:19:38,284] - [trainer.py file line:70] - INFO: Current epoch learning rate: 1.000000e-04
[2021-08-10 12:19:40,251] - [trainer.py file line:111] - INFO: epoch: 12	 batch: 5
[2021-08-10 12:19:40,304] - [trainer.py file line:113] - INFO: rec_loss: 0.0224283747
[2021-08-10 12:19:40,308] - [trainer.py file line:123] - INFO: per_loss: 0.1066118106
[2021-08-10 12:19:40,309] - [trainer.py file line:131] - INFO: tpl_loss: 0.0118650505
[2021-08-10 12:19:40,342] - [trainer.py file line:136] - INFO: adv_loss: 0.1531502604
[2021-08-10 12:19:41,362] - [trainer.py file line:149] - INFO: Epoch 12 evaluation process...
[2021-08-10 12:19:42,030] - [trainer.py file line:178] - INFO: Ref  PSNR (now): 16.869 	 SSIM (now): 0.2975
[2021-08-10 12:19:42,030] - [trainer.py file line:185] - INFO: Ref  PSNR (max): 20.214 (4) 	 SSIM (max): 0.4103 (2)
[2021-08-10 12:19:42,030] - [trainer.py file line:188] - INFO: Evaluation over.
[2021-08-10 12:19:42,031] - [trainer.py file line:70] - INFO: Current epoch learning rate: 1.000000e-04
[2021-08-10 12:19:43,957] - [trainer.py file line:111] - INFO: epoch: 13	 batch: 5
[2021-08-10 12:19:43,960] - [trainer.py file line:113] - INFO: rec_loss: 0.0178882778
[2021-08-10 12:19:43,974] - [trainer.py file line:123] - INFO: per_loss: 0.1055875421
[2021-08-10 12:19:43,981] - [trainer.py file line:131] - INFO: tpl_loss: 0.0130271669
[2021-08-10 12:19:44,030] - [trainer.py file line:136] - INFO: adv_loss: 0.3440138996
[2021-08-10 12:19:44,783] - [trainer.py file line:70] - INFO: Current epoch learning rate: 1.000000e-04
[2021-08-10 12:19:46,838] - [trainer.py file line:111] - INFO: epoch: 14	 batch: 5
[2021-08-10 12:19:46,890] - [trainer.py file line:113] - INFO: rec_loss: 0.0180956703
[2021-08-10 12:19:46,894] - [trainer.py file line:123] - INFO: per_loss: 0.1160820052
[2021-08-10 12:19:46,895] - [trainer.py file line:131] - INFO: tpl_loss: 0.0118185086
[2021-08-10 12:19:46,929] - [trainer.py file line:136] - INFO: adv_loss: 0.4700542092
[2021-08-10 12:19:47,706] - [trainer.py file line:149] - INFO: Epoch 14 evaluation process...
[2021-08-10 12:19:48,516] - [trainer.py file line:178] - INFO: Ref  PSNR (now): 18.057 	 SSIM (now): 0.3347
[2021-08-10 12:19:48,516] - [trainer.py file line:185] - INFO: Ref  PSNR (max): 20.214 (4) 	 SSIM (max): 0.4103 (2)
[2021-08-10 12:19:48,517] - [trainer.py file line:188] - INFO: Evaluation over.
[2021-08-10 12:19:48,520] - [trainer.py file line:70] - INFO: Current epoch learning rate: 1.000000e-04
[2021-08-10 12:19:50,407] - [trainer.py file line:111] - INFO: epoch: 15	 batch: 5
[2021-08-10 12:19:50,413] - [trainer.py file line:113] - INFO: rec_loss: 0.0201257691
[2021-08-10 12:19:50,422] - [trainer.py file line:123] - INFO: per_loss: 0.1123459861
[2021-08-10 12:19:50,426] - [trainer.py file line:131] - INFO: tpl_loss: 0.0107622510
[2021-08-10 12:19:50,468] - [trainer.py file line:136] - INFO: adv_loss: 0.7347396016
[2021-08-10 12:19:51,231] - [trainer.py file line:70] - INFO: Current epoch learning rate: 1.000000e-04
[2021-08-10 12:19:53,043] - [trainer.py file line:111] - INFO: epoch: 16	 batch: 5
[2021-08-10 12:19:53,097] - [trainer.py file line:113] - INFO: rec_loss: 0.0218287352
[2021-08-10 12:19:53,100] - [trainer.py file line:123] - INFO: per_loss: 0.1019909382
[2021-08-10 12:19:53,101] - [trainer.py file line:131] - INFO: tpl_loss: 0.0178951528
[2021-08-10 12:19:53,135] - [trainer.py file line:136] - INFO: adv_loss: 1.5016617775
[2021-08-10 12:19:53,902] - [trainer.py file line:149] - INFO: Epoch 16 evaluation process...
[2021-08-10 12:19:54,743] - [trainer.py file line:178] - INFO: Ref  PSNR (now): 13.038 	 SSIM (now): 0.2197
[2021-08-10 12:19:54,743] - [trainer.py file line:185] - INFO: Ref  PSNR (max): 20.214 (4) 	 SSIM (max): 0.4103 (2)
[2021-08-10 12:19:54,743] - [trainer.py file line:188] - INFO: Evaluation over.
[2021-08-10 12:19:54,744] - [trainer.py file line:70] - INFO: Current epoch learning rate: 1.000000e-04
[2021-08-10 12:19:56,570] - [trainer.py file line:111] - INFO: epoch: 17	 batch: 5
[2021-08-10 12:19:56,622] - [trainer.py file line:113] - INFO: rec_loss: 0.0290656518
[2021-08-10 12:19:56,626] - [trainer.py file line:123] - INFO: per_loss: 0.1209314093
[2021-08-10 12:19:56,627] - [trainer.py file line:131] - INFO: tpl_loss: 0.0158507861
[2021-08-10 12:19:56,661] - [trainer.py file line:136] - INFO: adv_loss: 86.8854064941
[2021-08-10 12:19:57,444] - [trainer.py file line:70] - INFO: Current epoch learning rate: 1.000000e-04
[2021-08-10 12:19:59,253] - [trainer.py file line:111] - INFO: epoch: 18	 batch: 5
[2021-08-10 12:19:59,306] - [trainer.py file line:113] - INFO: rec_loss: 0.0670728460
[2021-08-10 12:19:59,310] - [trainer.py file line:123] - INFO: per_loss: 0.1845821887
[2021-08-10 12:19:59,311] - [trainer.py file line:131] - INFO: tpl_loss: 0.0678244382
[2021-08-10 12:19:59,344] - [trainer.py file line:136] - INFO: adv_loss: 560.8083496094
[2021-08-10 12:20:00,103] - [trainer.py file line:149] - INFO: Epoch 18 evaluation process...
[2021-08-10 12:20:01,003] - [trainer.py file line:178] - INFO: Ref  PSNR (now): 14.443 	 SSIM (now): 0.1033
[2021-08-10 12:20:01,003] - [trainer.py file line:185] - INFO: Ref  PSNR (max): 20.214 (4) 	 SSIM (max): 0.4103 (2)
[2021-08-10 12:20:01,003] - [trainer.py file line:188] - INFO: Evaluation over.
[2021-08-10 12:20:01,004] - [trainer.py file line:70] - INFO: Current epoch learning rate: 1.000000e-04
[2021-08-10 12:20:02,867] - [trainer.py file line:111] - INFO: epoch: 19	 batch: 5
[2021-08-10 12:20:02,920] - [trainer.py file line:113] - INFO: rec_loss: 0.0123411231
[2021-08-10 12:20:02,924] - [trainer.py file line:123] - INFO: per_loss: 0.0843244419
[2021-08-10 12:20:02,926] - [trainer.py file line:131] - INFO: tpl_loss: 0.0087246569
[2021-08-10 12:20:02,960] - [trainer.py file line:136] - INFO: adv_loss: 122.6577606201
[2021-08-10 12:20:03,717] - [trainer.py file line:70] - INFO: Current epoch learning rate: 1.000000e-04
[2021-08-10 12:20:05,710] - [trainer.py file line:111] - INFO: epoch: 20	 batch: 5
[2021-08-10 12:20:05,762] - [trainer.py file line:113] - INFO: rec_loss: 0.0413040295
[2021-08-10 12:20:05,766] - [trainer.py file line:123] - INFO: per_loss: 0.1285521686
[2021-08-10 12:20:05,767] - [trainer.py file line:131] - INFO: tpl_loss: 0.0198294427
[2021-08-10 12:20:05,802] - [trainer.py file line:136] - INFO: adv_loss: 125.8211517334
[2021-08-10 12:20:06,523] - [trainer.py file line:149] - INFO: Epoch 20 evaluation process...
[2021-08-10 12:20:07,222] - [trainer.py file line:178] - INFO: Ref  PSNR (now): 16.734 	 SSIM (now): 0.3164
[2021-08-10 12:20:07,222] - [trainer.py file line:185] - INFO: Ref  PSNR (max): 20.214 (4) 	 SSIM (max): 0.4103 (2)
[2021-08-10 12:20:07,223] - [trainer.py file line:188] - INFO: Evaluation over.
[2021-08-10 12:20:07,224] - [trainer.py file line:70] - INFO: Current epoch learning rate: 1.000000e-04
[2021-08-10 12:20:09,095] - [trainer.py file line:111] - INFO: epoch: 21	 batch: 5
[2021-08-10 12:20:09,148] - [trainer.py file line:113] - INFO: rec_loss: 0.0509250164
[2021-08-10 12:20:09,152] - [trainer.py file line:123] - INFO: per_loss: 0.1597616971
[2021-08-10 12:20:09,153] - [trainer.py file line:131] - INFO: tpl_loss: 0.0178410560
[2021-08-10 12:20:09,187] - [trainer.py file line:136] - INFO: adv_loss: 114.2584381104
[2021-08-10 12:20:09,949] - [trainer.py file line:70] - INFO: Current epoch learning rate: 1.000000e-04
[2021-08-10 12:20:11,617] - [trainer.py file line:111] - INFO: epoch: 22	 batch: 5
[2021-08-10 12:20:11,671] - [trainer.py file line:113] - INFO: rec_loss: 0.0175877102
[2021-08-10 12:20:11,675] - [trainer.py file line:123] - INFO: per_loss: 0.0847314894
[2021-08-10 12:20:11,676] - [trainer.py file line:131] - INFO: tpl_loss: 0.0078278901
[2021-08-10 12:20:11,710] - [trainer.py file line:136] - INFO: adv_loss: 44.1234283447
[2021-08-10 12:20:12,469] - [trainer.py file line:149] - INFO: Epoch 22 evaluation process...
[2021-08-10 12:20:13,234] - [trainer.py file line:178] - INFO: Ref  PSNR (now): 15.656 	 SSIM (now): 0.3093
[2021-08-10 12:20:13,234] - [trainer.py file line:185] - INFO: Ref  PSNR (max): 20.214 (4) 	 SSIM (max): 0.4103 (2)
[2021-08-10 12:20:13,234] - [trainer.py file line:188] - INFO: Evaluation over.
[2021-08-10 12:20:13,235] - [trainer.py file line:70] - INFO: Current epoch learning rate: 1.000000e-04
[2021-08-10 12:20:15,074] - [trainer.py file line:111] - INFO: epoch: 23	 batch: 5
[2021-08-10 12:20:15,126] - [trainer.py file line:113] - INFO: rec_loss: 0.0135582983
[2021-08-10 12:20:15,129] - [trainer.py file line:123] - INFO: per_loss: 0.1078971401
[2021-08-10 12:20:15,131] - [trainer.py file line:131] - INFO: tpl_loss: 0.0070695803
[2021-08-10 12:20:15,164] - [trainer.py file line:136] - INFO: adv_loss: 31.9640502930
[2021-08-10 12:20:15,924] - [trainer.py file line:70] - INFO: Current epoch learning rate: 1.000000e-04
[2021-08-10 12:20:17,640] - [trainer.py file line:111] - INFO: epoch: 24	 batch: 5
[2021-08-10 12:20:17,693] - [trainer.py file line:113] - INFO: rec_loss: 0.0325220451
[2021-08-10 12:20:17,697] - [trainer.py file line:123] - INFO: per_loss: 0.1210626364
[2021-08-10 12:20:17,698] - [trainer.py file line:131] - INFO: tpl_loss: 0.0093393680
[2021-08-10 12:20:17,731] - [trainer.py file line:136] - INFO: adv_loss: 588.7106323242
[2021-08-10 12:20:18,488] - [trainer.py file line:149] - INFO: Epoch 24 evaluation process...
[2021-08-10 12:20:19,064] - [trainer.py file line:178] - INFO: Ref  PSNR (now): 16.521 	 SSIM (now): 0.3180
[2021-08-10 12:20:19,066] - [trainer.py file line:185] - INFO: Ref  PSNR (max): 20.214 (4) 	 SSIM (max): 0.4103 (2)
[2021-08-10 12:20:19,066] - [trainer.py file line:188] - INFO: Evaluation over.
[2021-08-10 12:20:19,080] - [trainer.py file line:70] - INFO: Current epoch learning rate: 1.000000e-04
[2021-08-10 12:20:20,908] - [trainer.py file line:111] - INFO: epoch: 25	 batch: 5
[2021-08-10 12:20:20,960] - [trainer.py file line:113] - INFO: rec_loss: 0.0126773706
[2021-08-10 12:20:20,964] - [trainer.py file line:123] - INFO: per_loss: 0.0624130331
[2021-08-10 12:20:20,965] - [trainer.py file line:131] - INFO: tpl_loss: 0.0058184839
[2021-08-10 12:20:20,999] - [trainer.py file line:136] - INFO: adv_loss: 192.8442687988
[2021-08-10 12:20:21,753] - [trainer.py file line:70] - INFO: Current epoch learning rate: 1.000000e-04
[2021-08-10 12:20:23,550] - [trainer.py file line:111] - INFO: epoch: 26	 batch: 5
[2021-08-10 12:20:23,604] - [trainer.py file line:113] - INFO: rec_loss: 0.0188551880
[2021-08-10 12:20:23,608] - [trainer.py file line:123] - INFO: per_loss: 0.0990187898
[2021-08-10 12:20:23,609] - [trainer.py file line:131] - INFO: tpl_loss: 0.0065008616
[2021-08-10 12:20:23,642] - [trainer.py file line:136] - INFO: adv_loss: 27.6201324463
[2021-08-10 12:20:24,398] - [trainer.py file line:149] - INFO: Epoch 26 evaluation process...
[2021-08-10 12:20:25,008] - [trainer.py file line:178] - INFO: Ref  PSNR (now): 16.051 	 SSIM (now): 0.3042
[2021-08-10 12:20:25,008] - [trainer.py file line:185] - INFO: Ref  PSNR (max): 20.214 (4) 	 SSIM (max): 0.4103 (2)
[2021-08-10 12:20:25,008] - [trainer.py file line:188] - INFO: Evaluation over.
[2021-08-10 12:20:25,009] - [trainer.py file line:70] - INFO: Current epoch learning rate: 1.000000e-04
[2021-08-10 12:20:26,909] - [trainer.py file line:111] - INFO: epoch: 27	 batch: 5
[2021-08-10 12:20:26,963] - [trainer.py file line:113] - INFO: rec_loss: 0.0249878503
[2021-08-10 12:20:26,966] - [trainer.py file line:123] - INFO: per_loss: 0.0952683836
[2021-08-10 12:20:26,968] - [trainer.py file line:131] - INFO: tpl_loss: 0.0077862730
[2021-08-10 12:20:27,001] - [trainer.py file line:136] - INFO: adv_loss: 64.9434280396
[2021-08-10 12:20:27,756] - [trainer.py file line:70] - INFO: Current epoch learning rate: 1.000000e-04
[2021-08-10 12:20:29,733] - [trainer.py file line:111] - INFO: epoch: 28	 batch: 5
[2021-08-10 12:20:29,784] - [trainer.py file line:113] - INFO: rec_loss: 0.0209193807
[2021-08-10 12:20:29,787] - [trainer.py file line:123] - INFO: per_loss: 0.0834083185
[2021-08-10 12:20:29,789] - [trainer.py file line:131] - INFO: tpl_loss: 0.0069164773
[2021-08-10 12:20:29,823] - [trainer.py file line:136] - INFO: adv_loss: -37.3205032349
[2021-08-10 12:20:30,591] - [trainer.py file line:149] - INFO: Epoch 28 evaluation process...
[2021-08-10 12:20:31,271] - [trainer.py file line:178] - INFO: Ref  PSNR (now): 16.405 	 SSIM (now): 0.3153
[2021-08-10 12:20:31,271] - [trainer.py file line:185] - INFO: Ref  PSNR (max): 20.214 (4) 	 SSIM (max): 0.4103 (2)
[2021-08-10 12:20:31,271] - [trainer.py file line:188] - INFO: Evaluation over.
[2021-08-10 12:20:31,272] - [trainer.py file line:70] - INFO: Current epoch learning rate: 1.000000e-04
[2021-08-10 12:20:33,268] - [trainer.py file line:111] - INFO: epoch: 29	 batch: 5
[2021-08-10 12:20:33,320] - [trainer.py file line:113] - INFO: rec_loss: 0.0133448690
[2021-08-10 12:20:33,324] - [trainer.py file line:123] - INFO: per_loss: 0.0804391727
[2021-08-10 12:20:33,325] - [trainer.py file line:131] - INFO: tpl_loss: 0.0061951163
[2021-08-10 12:20:33,359] - [trainer.py file line:136] - INFO: adv_loss: 233.7817687988
[2021-08-10 12:20:34,112] - [trainer.py file line:70] - INFO: Current epoch learning rate: 1.000000e-04
[2021-08-10 12:20:35,887] - [trainer.py file line:111] - INFO: epoch: 30	 batch: 5
[2021-08-10 12:20:35,941] - [trainer.py file line:113] - INFO: rec_loss: 0.0174084883
[2021-08-10 12:20:35,944] - [trainer.py file line:123] - INFO: per_loss: 0.0903817192
[2021-08-10 12:20:35,946] - [trainer.py file line:131] - INFO: tpl_loss: 0.0059281606
[2021-08-10 12:20:35,979] - [trainer.py file line:136] - INFO: adv_loss: 349.5285644531
[2021-08-10 12:20:36,732] - [trainer.py file line:141] - INFO: saving the model...
[2021-08-10 12:20:36,883] - [trainer.py file line:149] - INFO: Epoch 30 evaluation process...
[2021-08-10 12:20:37,631] - [trainer.py file line:178] - INFO: Ref  PSNR (now): 16.241 	 SSIM (now): 0.3047
[2021-08-10 12:20:37,631] - [trainer.py file line:185] - INFO: Ref  PSNR (max): 20.214 (4) 	 SSIM (max): 0.4103 (2)
[2021-08-10 12:20:37,631] - [trainer.py file line:188] - INFO: Evaluation over.
