[2021-08-12 13:11:26,194] - [trainer.py file line:58] - INFO: load_model_path: ./pretrainedModels/best_model.pt
[2021-08-12 13:11:26,431] - [trainer.py file line:149] - INFO: Epoch 0 evaluation process...
[2021-08-12 13:11:27,618] - [trainer.py file line:198] - INFO: val_rec_loss: 0.0049682553
[2021-08-12 13:11:27,619] - [trainer.py file line:199] - INFO: val_per_loss: 0.0000913940
[2021-08-12 13:11:27,619] - [trainer.py file line:200] - INFO: val_tpl_loss: 0.0001879694
[2021-08-12 13:11:27,619] - [trainer.py file line:201] - INFO: val_adv_loss: 0.0007100149
[2021-08-12 13:11:27,619] - [trainer.py file line:202] - INFO: total_val_loss: 0.0059576333
[2021-08-12 13:11:27,619] - [trainer.py file line:220] - INFO: Ref  PSNR (now): 24.998 	 SSIM (now): 0.4559
[2021-08-12 13:11:27,619] - [trainer.py file line:227] - INFO: Ref  PSNR (max): 24.998 (0) 	 SSIM (max): 0.4559 (0)
[2021-08-12 13:11:27,619] - [trainer.py file line:230] - INFO: Evaluation over.
[2021-08-12 13:11:27,622] - [trainer.py file line:75] - INFO: Current epoch learning rate: 1.000000e-06
[2021-08-12 13:11:29,563] - [trainer.py file line:108] - INFO: init epoch: 1	 batch: 5
[2021-08-12 13:11:29,617] - [trainer.py file line:110] - INFO: rec_loss: 0.0045081452
[2021-08-12 13:11:29,617] - [trainer.py file line:135] - INFO: total_loss: 0.0045081452
[2021-08-12 13:11:30,307] - [trainer.py file line:75] - INFO: Current epoch learning rate: 1.000000e-06
[2021-08-12 13:11:32,277] - [trainer.py file line:108] - INFO: init epoch: 2	 batch: 5
[2021-08-12 13:11:32,314] - [trainer.py file line:110] - INFO: rec_loss: 0.0041878666
[2021-08-12 13:11:32,314] - [trainer.py file line:135] - INFO: total_loss: 0.0041878666
[2021-08-12 13:11:33,192] - [trainer.py file line:75] - INFO: Current epoch learning rate: 1.000000e-06
[2021-08-12 13:11:35,138] - [trainer.py file line:108] - INFO: epoch: 1	 batch: 5
[2021-08-12 13:11:35,191] - [trainer.py file line:110] - INFO: rec_loss: 0.0044216434
[2021-08-12 13:11:35,195] - [trainer.py file line:120] - INFO: per_loss: 0.0000642462
[2021-08-12 13:11:35,196] - [trainer.py file line:128] - INFO: tpl_loss: 0.0001502923
[2021-08-12 13:11:35,224] - [trainer.py file line:133] - INFO: adv_loss: 0.0006992164
[2021-08-12 13:11:35,225] - [trainer.py file line:135] - INFO: total_loss: 0.0053353985
[2021-08-12 13:11:36,107] - [trainer.py file line:75] - INFO: Current epoch learning rate: 1.000000e-06
[2021-08-12 13:11:38,236] - [trainer.py file line:108] - INFO: epoch: 2	 batch: 5
[2021-08-12 13:11:38,289] - [trainer.py file line:110] - INFO: rec_loss: 0.0048897560
[2021-08-12 13:11:38,294] - [trainer.py file line:120] - INFO: per_loss: 0.0000821638
[2021-08-12 13:11:38,299] - [trainer.py file line:128] - INFO: tpl_loss: 0.0001819678
[2021-08-12 13:11:38,360] - [trainer.py file line:133] - INFO: adv_loss: 0.0006484069
[2021-08-12 13:11:38,361] - [trainer.py file line:135] - INFO: total_loss: 0.0058022942
[2021-08-12 13:11:39,314] - [trainer.py file line:149] - INFO: Epoch 2 evaluation process...
[2021-08-12 13:11:40,574] - [trainer.py file line:198] - INFO: val_rec_loss: 0.0049318066
[2021-08-12 13:11:40,574] - [trainer.py file line:199] - INFO: val_per_loss: 0.0000908619
[2021-08-12 13:11:40,574] - [trainer.py file line:200] - INFO: val_tpl_loss: 0.0002068617
[2021-08-12 13:11:40,575] - [trainer.py file line:201] - INFO: val_adv_loss: 0.0007838451
[2021-08-12 13:11:40,575] - [trainer.py file line:202] - INFO: total_val_loss: 0.0060133752
[2021-08-12 13:11:40,575] - [trainer.py file line:220] - INFO: Ref  PSNR (now): 25.073 	 SSIM (now): 0.4574
[2021-08-12 13:11:40,576] - [trainer.py file line:227] - INFO: Ref  PSNR (max): 25.073 (2) 	 SSIM (max): 0.4574 (2)
[2021-08-12 13:11:40,576] - [trainer.py file line:230] - INFO: Evaluation over.
[2021-08-12 13:11:40,579] - [trainer.py file line:75] - INFO: Current epoch learning rate: 1.000000e-06
[2021-08-12 13:11:42,782] - [trainer.py file line:108] - INFO: epoch: 3	 batch: 5
[2021-08-12 13:11:42,835] - [trainer.py file line:110] - INFO: rec_loss: 0.0049995612
[2021-08-12 13:11:42,839] - [trainer.py file line:120] - INFO: per_loss: 0.0000941515
[2021-08-12 13:11:42,841] - [trainer.py file line:128] - INFO: tpl_loss: 0.0001956196
[2021-08-12 13:11:42,874] - [trainer.py file line:133] - INFO: adv_loss: 0.0005989941
[2021-08-12 13:11:42,874] - [trainer.py file line:135] - INFO: total_loss: 0.0058883266
[2021-08-12 13:11:43,709] - [trainer.py file line:75] - INFO: Current epoch learning rate: 1.000000e-06
[2021-08-12 13:11:45,934] - [trainer.py file line:108] - INFO: epoch: 4	 batch: 5
[2021-08-12 13:11:45,935] - [trainer.py file line:110] - INFO: rec_loss: 0.0044080052
[2021-08-12 13:11:45,942] - [trainer.py file line:120] - INFO: per_loss: 0.0000718565
[2021-08-12 13:11:45,946] - [trainer.py file line:128] - INFO: tpl_loss: 0.0001592164
[2021-08-12 13:11:46,003] - [trainer.py file line:133] - INFO: adv_loss: 0.0012232846
[2021-08-12 13:11:46,003] - [trainer.py file line:135] - INFO: total_loss: 0.0058623631
[2021-08-12 13:11:47,085] - [trainer.py file line:149] - INFO: Epoch 4 evaluation process...
[2021-08-12 13:11:48,421] - [trainer.py file line:198] - INFO: val_rec_loss: 0.0049662711
[2021-08-12 13:11:48,422] - [trainer.py file line:199] - INFO: val_per_loss: 0.0000923961
[2021-08-12 13:11:48,422] - [trainer.py file line:200] - INFO: val_tpl_loss: 0.0002442010
[2021-08-12 13:11:48,422] - [trainer.py file line:201] - INFO: val_adv_loss: 0.0008563775
[2021-08-12 13:11:48,422] - [trainer.py file line:202] - INFO: total_val_loss: 0.0061592460
[2021-08-12 13:11:48,422] - [trainer.py file line:220] - INFO: Ref  PSNR (now): 25.010 	 SSIM (now): 0.4572
[2021-08-12 13:11:48,422] - [trainer.py file line:227] - INFO: Ref  PSNR (max): 25.073 (2) 	 SSIM (max): 0.4574 (2)
[2021-08-12 13:11:48,423] - [trainer.py file line:230] - INFO: Evaluation over.
[2021-08-12 13:11:48,425] - [trainer.py file line:75] - INFO: Current epoch learning rate: 1.000000e-06
[2021-08-12 13:11:51,001] - [trainer.py file line:108] - INFO: epoch: 5	 batch: 5
[2021-08-12 13:11:51,008] - [trainer.py file line:110] - INFO: rec_loss: 0.0048044724
[2021-08-12 13:11:51,017] - [trainer.py file line:120] - INFO: per_loss: 0.0000921969
[2021-08-12 13:11:51,024] - [trainer.py file line:128] - INFO: tpl_loss: 0.0002223531
[2021-08-12 13:11:51,081] - [trainer.py file line:133] - INFO: adv_loss: 0.0008899129
[2021-08-12 13:11:51,082] - [trainer.py file line:135] - INFO: total_loss: 0.0060089352
[2021-08-12 13:11:52,139] - [trainer.py file line:75] - INFO: Current epoch learning rate: 1.000000e-06
[2021-08-12 13:11:54,682] - [trainer.py file line:108] - INFO: epoch: 6	 batch: 5
[2021-08-12 13:11:54,684] - [trainer.py file line:110] - INFO: rec_loss: 0.0047266297
[2021-08-12 13:11:54,694] - [trainer.py file line:120] - INFO: per_loss: 0.0000922529
[2021-08-12 13:11:54,700] - [trainer.py file line:128] - INFO: tpl_loss: 0.0002664779
[2021-08-12 13:11:54,752] - [trainer.py file line:133] - INFO: adv_loss: 0.0015232783
[2021-08-12 13:11:54,753] - [trainer.py file line:135] - INFO: total_loss: 0.0066086389
[2021-08-12 13:11:55,789] - [trainer.py file line:149] - INFO: Epoch 6 evaluation process...
[2021-08-12 13:11:57,048] - [trainer.py file line:198] - INFO: val_rec_loss: 0.0050714072
[2021-08-12 13:11:57,048] - [trainer.py file line:199] - INFO: val_per_loss: 0.0000978432
[2021-08-12 13:11:57,048] - [trainer.py file line:200] - INFO: val_tpl_loss: 0.0003251633
[2021-08-12 13:11:57,048] - [trainer.py file line:201] - INFO: val_adv_loss: 0.0003354104
[2021-08-12 13:11:57,049] - [trainer.py file line:202] - INFO: total_val_loss: 0.0058298241
[2021-08-12 13:11:57,050] - [trainer.py file line:209] - INFO: saving the model...
[2021-08-12 13:11:57,282] - [trainer.py file line:220] - INFO: Ref  PSNR (now): 24.863 	 SSIM (now): 0.4500
[2021-08-12 13:11:57,282] - [trainer.py file line:227] - INFO: Ref  PSNR (max): 25.073 (2) 	 SSIM (max): 0.4574 (2)
[2021-08-12 13:11:57,282] - [trainer.py file line:230] - INFO: Evaluation over.
[2021-08-12 13:11:57,285] - [trainer.py file line:75] - INFO: Current epoch learning rate: 1.000000e-06
[2021-08-12 13:11:59,359] - [trainer.py file line:108] - INFO: epoch: 7	 batch: 5
[2021-08-12 13:11:59,412] - [trainer.py file line:110] - INFO: rec_loss: 0.0049085724
[2021-08-12 13:11:59,415] - [trainer.py file line:120] - INFO: per_loss: 0.0000624557
[2021-08-12 13:11:59,417] - [trainer.py file line:128] - INFO: tpl_loss: 0.0002407490
[2021-08-12 13:11:59,440] - [trainer.py file line:133] - INFO: adv_loss: 0.0014743167
[2021-08-12 13:11:59,440] - [trainer.py file line:135] - INFO: total_loss: 0.0066860942
[2021-08-12 13:12:00,297] - [trainer.py file line:75] - INFO: Current epoch learning rate: 1.000000e-06
[2021-08-12 13:12:02,378] - [trainer.py file line:108] - INFO: epoch: 8	 batch: 5
[2021-08-12 13:12:02,406] - [trainer.py file line:110] - INFO: rec_loss: 0.0048913532
[2021-08-12 13:12:02,414] - [trainer.py file line:120] - INFO: per_loss: 0.0000610481
[2021-08-12 13:12:02,419] - [trainer.py file line:128] - INFO: tpl_loss: 0.0002114976
[2021-08-12 13:12:02,473] - [trainer.py file line:133] - INFO: adv_loss: 0.0024557901
[2021-08-12 13:12:02,474] - [trainer.py file line:135] - INFO: total_loss: 0.0076196892
[2021-08-12 13:12:03,541] - [trainer.py file line:149] - INFO: Epoch 8 evaluation process...
[2021-08-12 13:12:04,629] - [trainer.py file line:198] - INFO: val_rec_loss: 0.0051722541
[2021-08-12 13:12:04,629] - [trainer.py file line:199] - INFO: val_per_loss: 0.0000951421
[2021-08-12 13:12:04,629] - [trainer.py file line:200] - INFO: val_tpl_loss: 0.0003411531
[2021-08-12 13:12:04,629] - [trainer.py file line:201] - INFO: val_adv_loss: 0.0009174568
[2021-08-12 13:12:04,629] - [trainer.py file line:202] - INFO: total_val_loss: 0.0065260059
[2021-08-12 13:12:04,630] - [trainer.py file line:220] - INFO: Ref  PSNR (now): 24.778 	 SSIM (now): 0.4260
[2021-08-12 13:12:04,630] - [trainer.py file line:227] - INFO: Ref  PSNR (max): 25.073 (2) 	 SSIM (max): 0.4574 (2)
[2021-08-12 13:12:04,630] - [trainer.py file line:230] - INFO: Evaluation over.
[2021-08-12 13:12:04,631] - [trainer.py file line:75] - INFO: Current epoch learning rate: 1.000000e-06
[2021-08-12 13:12:06,809] - [trainer.py file line:108] - INFO: epoch: 9	 batch: 5
[2021-08-12 13:12:06,861] - [trainer.py file line:110] - INFO: rec_loss: 0.0046453457
[2021-08-12 13:12:06,865] - [trainer.py file line:120] - INFO: per_loss: 0.0000596282
[2021-08-12 13:12:06,867] - [trainer.py file line:128] - INFO: tpl_loss: 0.0002048596
[2021-08-12 13:12:06,891] - [trainer.py file line:133] - INFO: adv_loss: 0.0034885979
[2021-08-12 13:12:06,891] - [trainer.py file line:135] - INFO: total_loss: 0.0083984323
[2021-08-12 13:12:07,759] - [trainer.py file line:75] - INFO: Current epoch learning rate: 1.000000e-06
[2021-08-12 13:12:10,058] - [trainer.py file line:108] - INFO: epoch: 10	 batch: 5
[2021-08-12 13:12:10,069] - [trainer.py file line:110] - INFO: rec_loss: 0.0057844413
[2021-08-12 13:12:10,078] - [trainer.py file line:120] - INFO: per_loss: 0.0000693220
[2021-08-12 13:12:10,084] - [trainer.py file line:128] - INFO: tpl_loss: 0.0003212609
[2021-08-12 13:12:10,143] - [trainer.py file line:133] - INFO: adv_loss: 0.0001753594
[2021-08-12 13:12:10,144] - [trainer.py file line:135] - INFO: total_loss: 0.0063503836
[2021-08-12 13:12:11,070] - [trainer.py file line:149] - INFO: Epoch 10 evaluation process...
[2021-08-12 13:12:12,195] - [trainer.py file line:198] - INFO: val_rec_loss: 0.0060967659
[2021-08-12 13:12:12,195] - [trainer.py file line:199] - INFO: val_per_loss: 0.0000904058
[2021-08-12 13:12:12,195] - [trainer.py file line:200] - INFO: val_tpl_loss: 0.0004920847
[2021-08-12 13:12:12,195] - [trainer.py file line:201] - INFO: val_adv_loss: 0.0007901622
[2021-08-12 13:12:12,195] - [trainer.py file line:202] - INFO: total_val_loss: 0.0074694185
[2021-08-12 13:12:12,197] - [trainer.py file line:220] - INFO: Ref  PSNR (now): 23.482 	 SSIM (now): 0.3425
[2021-08-12 13:12:12,197] - [trainer.py file line:227] - INFO: Ref  PSNR (max): 25.073 (2) 	 SSIM (max): 0.4574 (2)
[2021-08-12 13:12:12,197] - [trainer.py file line:230] - INFO: Evaluation over.
[2021-08-12 13:12:12,198] - [trainer.py file line:75] - INFO: Current epoch learning rate: 1.000000e-06
[2021-08-12 13:12:14,370] - [trainer.py file line:108] - INFO: epoch: 11	 batch: 5
[2021-08-12 13:12:14,419] - [trainer.py file line:110] - INFO: rec_loss: 0.0060536633
[2021-08-12 13:12:14,423] - [trainer.py file line:120] - INFO: per_loss: 0.0000717821
[2021-08-12 13:12:14,425] - [trainer.py file line:128] - INFO: tpl_loss: 0.0003804416
[2021-08-12 13:12:14,458] - [trainer.py file line:133] - INFO: adv_loss: 0.0039443299
[2021-08-12 13:12:14,458] - [trainer.py file line:135] - INFO: total_loss: 0.0104502169
[2021-08-12 13:12:15,298] - [trainer.py file line:75] - INFO: Current epoch learning rate: 1.000000e-06
[2021-08-12 13:12:17,491] - [trainer.py file line:108] - INFO: epoch: 12	 batch: 5
[2021-08-12 13:12:17,518] - [trainer.py file line:110] - INFO: rec_loss: 0.0062763668
[2021-08-12 13:12:17,528] - [trainer.py file line:120] - INFO: per_loss: 0.0000805628
[2021-08-12 13:12:17,533] - [trainer.py file line:128] - INFO: tpl_loss: 0.0004255542
[2021-08-12 13:12:17,593] - [trainer.py file line:133] - INFO: adv_loss: 0.0066502788
[2021-08-12 13:12:17,595] - [trainer.py file line:135] - INFO: total_loss: 0.0134327626
[2021-08-12 13:12:18,549] - [trainer.py file line:149] - INFO: Epoch 12 evaluation process...
[2021-08-12 13:12:19,652] - [trainer.py file line:198] - INFO: val_rec_loss: 0.0059991605
[2021-08-12 13:12:19,652] - [trainer.py file line:199] - INFO: val_per_loss: 0.0000917674
[2021-08-12 13:12:19,652] - [trainer.py file line:200] - INFO: val_tpl_loss: 0.0005803196
[2021-08-12 13:12:19,652] - [trainer.py file line:201] - INFO: val_adv_loss: 0.0008981861
[2021-08-12 13:12:19,652] - [trainer.py file line:202] - INFO: total_val_loss: 0.0075694337
[2021-08-12 13:12:19,653] - [trainer.py file line:220] - INFO: Ref  PSNR (now): 23.553 	 SSIM (now): 0.3599
[2021-08-12 13:12:19,653] - [trainer.py file line:227] - INFO: Ref  PSNR (max): 25.073 (2) 	 SSIM (max): 0.4574 (2)
[2021-08-12 13:12:19,653] - [trainer.py file line:230] - INFO: Evaluation over.
[2021-08-12 13:12:19,655] - [trainer.py file line:75] - INFO: Current epoch learning rate: 1.000000e-06
[2021-08-12 13:12:21,863] - [trainer.py file line:108] - INFO: epoch: 13	 batch: 5
[2021-08-12 13:12:21,916] - [trainer.py file line:110] - INFO: rec_loss: 0.0052363919
[2021-08-12 13:12:21,919] - [trainer.py file line:120] - INFO: per_loss: 0.0000734005
[2021-08-12 13:12:21,921] - [trainer.py file line:128] - INFO: tpl_loss: 0.0004885090
[2021-08-12 13:12:21,955] - [trainer.py file line:133] - INFO: adv_loss: 0.0089417910
[2021-08-12 13:12:21,955] - [trainer.py file line:135] - INFO: total_loss: 0.0147400927
[2021-08-12 13:12:22,969] - [trainer.py file line:75] - INFO: Current epoch learning rate: 1.000000e-06
[2021-08-12 13:12:25,686] - [trainer.py file line:108] - INFO: epoch: 14	 batch: 5
[2021-08-12 13:12:25,694] - [trainer.py file line:110] - INFO: rec_loss: 0.0056774528
[2021-08-12 13:12:25,707] - [trainer.py file line:120] - INFO: per_loss: 0.0000772746
[2021-08-12 13:12:25,713] - [trainer.py file line:128] - INFO: tpl_loss: 0.0006704350
[2021-08-12 13:12:25,763] - [trainer.py file line:133] - INFO: adv_loss: 0.0017437108
[2021-08-12 13:12:25,763] - [trainer.py file line:135] - INFO: total_loss: 0.0081688734
[2021-08-12 13:12:26,872] - [trainer.py file line:149] - INFO: Epoch 14 evaluation process...
