[2021-08-13 13:44:20,883] - [trainer.py file line:81] - INFO: Current epoch learning rate: 1.000000e-04
[2021-08-13 13:44:23,020] - [trainer.py file line:114] - INFO: init epoch: 1	 batch: 5
[2021-08-13 13:44:23,074] - [trainer.py file line:116] - INFO: rec_loss: 0.1924157143
[2021-08-13 13:44:23,074] - [trainer.py file line:141] - INFO: total_loss: 0.1924157143
[2021-08-13 13:44:23,769] - [trainer.py file line:81] - INFO: Current epoch learning rate: 1.000000e-04
[2021-08-13 13:44:25,751] - [trainer.py file line:114] - INFO: init epoch: 2	 batch: 5
[2021-08-13 13:44:25,767] - [trainer.py file line:116] - INFO: rec_loss: 0.1555997729
[2021-08-13 13:44:25,767] - [trainer.py file line:141] - INFO: total_loss: 0.1555997729
[2021-08-13 13:44:26,649] - [trainer.py file line:81] - INFO: Current epoch learning rate: 1.000000e-04
[2021-08-13 13:44:28,836] - [trainer.py file line:114] - INFO: epoch: 1	 batch: 5
[2021-08-13 13:44:28,891] - [trainer.py file line:116] - INFO: rec_loss: 0.1234268770
[2021-08-13 13:44:28,894] - [trainer.py file line:126] - INFO: per_loss: 0.0000101372
[2021-08-13 13:44:28,896] - [trainer.py file line:134] - INFO: tpl_loss: 0.0000081724
[2021-08-13 13:44:28,930] - [trainer.py file line:139] - INFO: adv_loss: 0.0000003799
[2021-08-13 13:44:28,930] - [trainer.py file line:141] - INFO: total_loss: 0.1234455705
[2021-08-13 13:44:29,700] - [trainer.py file line:81] - INFO: Current epoch learning rate: 1.000000e-04
[2021-08-13 13:44:31,871] - [trainer.py file line:114] - INFO: epoch: 2	 batch: 5
[2021-08-13 13:44:31,925] - [trainer.py file line:116] - INFO: rec_loss: 0.1196629032
[2021-08-13 13:44:31,929] - [trainer.py file line:126] - INFO: per_loss: 0.0000091239
[2021-08-13 13:44:31,931] - [trainer.py file line:134] - INFO: tpl_loss: 0.0000068863
[2021-08-13 13:44:31,965] - [trainer.py file line:139] - INFO: adv_loss: 0.0000007525
[2021-08-13 13:44:31,965] - [trainer.py file line:141] - INFO: total_loss: 0.1196796671
[2021-08-13 13:44:32,737] - [trainer.py file line:155] - INFO: Epoch 2 evaluation process...
[2021-08-13 13:44:33,522] - [trainer.py file line:204] - INFO: val_rec_loss: 0.1289785355
[2021-08-13 13:44:33,523] - [trainer.py file line:205] - INFO: val_per_loss: 0.0000111287
[2021-08-13 13:44:33,523] - [trainer.py file line:206] - INFO: val_tpl_loss: 0.0000089005
[2021-08-13 13:44:33,523] - [trainer.py file line:207] - INFO: val_adv_loss: -0.0000016632
[2021-08-13 13:44:33,523] - [trainer.py file line:208] - INFO: total_val_loss: 0.1289968938
[2021-08-13 13:44:33,523] - [trainer.py file line:260] - INFO: Ref  PSNR (now): 22.744 	 SSIM (now): 0.4364
[2021-08-13 13:44:33,523] - [trainer.py file line:267] - INFO: Ref  PSNR (max): 22.744 (2) 	 SSIM (max): 0.4364 (2)
[2021-08-13 13:44:33,523] - [trainer.py file line:270] - INFO: Evaluation over.
[2021-08-13 13:44:33,524] - [trainer.py file line:81] - INFO: Current epoch learning rate: 1.000000e-04
[2021-08-13 13:44:35,256] - [trainer.py file line:114] - INFO: epoch: 3	 batch: 5
[2021-08-13 13:44:35,307] - [trainer.py file line:116] - INFO: rec_loss: 0.0906265527
[2021-08-13 13:44:35,311] - [trainer.py file line:126] - INFO: per_loss: 0.0000083835
[2021-08-13 13:44:35,313] - [trainer.py file line:134] - INFO: tpl_loss: 0.0000069988
[2021-08-13 13:44:35,347] - [trainer.py file line:139] - INFO: adv_loss: -0.0000001065
[2021-08-13 13:44:35,347] - [trainer.py file line:141] - INFO: total_loss: 0.0906418264
[2021-08-13 13:44:36,119] - [trainer.py file line:81] - INFO: Current epoch learning rate: 1.000000e-04
[2021-08-13 13:44:37,923] - [trainer.py file line:114] - INFO: epoch: 4	 batch: 5
[2021-08-13 13:44:37,978] - [trainer.py file line:116] - INFO: rec_loss: 0.0967123732
[2021-08-13 13:44:37,982] - [trainer.py file line:126] - INFO: per_loss: 0.0000087123
[2021-08-13 13:44:37,983] - [trainer.py file line:134] - INFO: tpl_loss: 0.0000074419
[2021-08-13 13:44:38,016] - [trainer.py file line:139] - INFO: adv_loss: 0.0000009944
[2021-08-13 13:44:38,016] - [trainer.py file line:141] - INFO: total_loss: 0.0967295170
[2021-08-13 13:44:38,878] - [trainer.py file line:155] - INFO: Epoch 4 evaluation process...
[2021-08-13 13:44:39,882] - [trainer.py file line:204] - INFO: val_rec_loss: 0.1159367785
[2021-08-13 13:44:39,882] - [trainer.py file line:205] - INFO: val_per_loss: 0.0000109715
[2021-08-13 13:44:39,882] - [trainer.py file line:206] - INFO: val_tpl_loss: 0.0000081513
[2021-08-13 13:44:39,883] - [trainer.py file line:207] - INFO: val_adv_loss: 0.0000005638
[2021-08-13 13:44:39,883] - [trainer.py file line:208] - INFO: total_val_loss: 0.1159564704
[2021-08-13 13:44:39,883] - [trainer.py file line:214] - INFO: saving the model...
[2021-08-13 13:44:40,010] - [trainer.py file line:230] - INFO: saving the model...
[2021-08-13 13:44:40,127] - [trainer.py file line:247] - INFO: saving the model...
[2021-08-13 13:44:40,242] - [trainer.py file line:260] - INFO: Ref  PSNR (now): 23.564 	 SSIM (now): 0.4501
[2021-08-13 13:44:40,242] - [trainer.py file line:267] - INFO: Ref  PSNR (max): 23.564 (4) 	 SSIM (max): 0.4501 (4)
[2021-08-13 13:44:40,242] - [trainer.py file line:270] - INFO: Evaluation over.
[2021-08-13 13:44:40,243] - [trainer.py file line:81] - INFO: Current epoch learning rate: 1.000000e-04
[2021-08-13 13:44:42,019] - [trainer.py file line:114] - INFO: epoch: 5	 batch: 5
[2021-08-13 13:44:42,073] - [trainer.py file line:116] - INFO: rec_loss: 0.0977741703
[2021-08-13 13:44:42,077] - [trainer.py file line:126] - INFO: per_loss: 0.0000095582
[2021-08-13 13:44:42,078] - [trainer.py file line:134] - INFO: tpl_loss: 0.0000073164
[2021-08-13 13:44:42,111] - [trainer.py file line:139] - INFO: adv_loss: 0.0000013520
[2021-08-13 13:44:42,112] - [trainer.py file line:141] - INFO: total_loss: 0.0977923945
[2021-08-13 13:44:42,883] - [trainer.py file line:81] - INFO: Current epoch learning rate: 1.000000e-04
[2021-08-13 13:44:45,187] - [trainer.py file line:114] - INFO: epoch: 6	 batch: 5
[2021-08-13 13:44:45,240] - [trainer.py file line:116] - INFO: rec_loss: 0.1010563225
[2021-08-13 13:44:45,244] - [trainer.py file line:126] - INFO: per_loss: 0.0000096864
[2021-08-13 13:44:45,245] - [trainer.py file line:134] - INFO: tpl_loss: 0.0000071458
[2021-08-13 13:44:45,279] - [trainer.py file line:139] - INFO: adv_loss: -0.0000004026
[2021-08-13 13:44:45,279] - [trainer.py file line:141] - INFO: total_loss: 0.1010727510
[2021-08-13 13:44:46,067] - [trainer.py file line:155] - INFO: Epoch 6 evaluation process...
[2021-08-13 13:44:47,101] - [trainer.py file line:204] - INFO: val_rec_loss: 0.1144033596
[2021-08-13 13:44:47,102] - [trainer.py file line:205] - INFO: val_per_loss: 0.0000110074
[2021-08-13 13:44:47,102] - [trainer.py file line:206] - INFO: val_tpl_loss: 0.0000078636
[2021-08-13 13:44:47,103] - [trainer.py file line:207] - INFO: val_adv_loss: -0.0000005919
[2021-08-13 13:44:47,103] - [trainer.py file line:208] - INFO: total_val_loss: 0.1144216359
[2021-08-13 13:44:47,103] - [trainer.py file line:214] - INFO: saving the model...
[2021-08-13 13:44:47,348] - [trainer.py file line:230] - INFO: saving the model...
[2021-08-13 13:44:47,572] - [trainer.py file line:247] - INFO: saving the model...
[2021-08-13 13:44:47,702] - [trainer.py file line:260] - INFO: Ref  PSNR (now): 23.718 	 SSIM (now): 0.4521
[2021-08-13 13:44:47,702] - [trainer.py file line:267] - INFO: Ref  PSNR (max): 23.718 (6) 	 SSIM (max): 0.4521 (6)
[2021-08-13 13:44:47,702] - [trainer.py file line:270] - INFO: Evaluation over.
[2021-08-13 13:44:47,704] - [trainer.py file line:81] - INFO: Current epoch learning rate: 1.000000e-04
[2021-08-13 13:44:49,815] - [trainer.py file line:114] - INFO: epoch: 7	 batch: 5
[2021-08-13 13:44:49,865] - [trainer.py file line:116] - INFO: rec_loss: 0.0926302373
[2021-08-13 13:44:49,869] - [trainer.py file line:126] - INFO: per_loss: 0.0000088787
[2021-08-13 13:44:49,870] - [trainer.py file line:134] - INFO: tpl_loss: 0.0000064341
[2021-08-13 13:44:49,904] - [trainer.py file line:139] - INFO: adv_loss: 0.0000042170
[2021-08-13 13:44:49,904] - [trainer.py file line:141] - INFO: total_loss: 0.0926497728
[2021-08-13 13:44:50,683] - [trainer.py file line:81] - INFO: Current epoch learning rate: 1.000000e-04
[2021-08-13 13:44:52,724] - [trainer.py file line:114] - INFO: epoch: 8	 batch: 5
[2021-08-13 13:44:52,778] - [trainer.py file line:116] - INFO: rec_loss: 0.0885608792
[2021-08-13 13:44:52,782] - [trainer.py file line:126] - INFO: per_loss: 0.0000081204
[2021-08-13 13:44:52,783] - [trainer.py file line:134] - INFO: tpl_loss: 0.0000065797
[2021-08-13 13:44:52,816] - [trainer.py file line:139] - INFO: adv_loss: 0.0000007057
[2021-08-13 13:44:52,816] - [trainer.py file line:141] - INFO: total_loss: 0.0885762870
[2021-08-13 13:44:53,596] - [trainer.py file line:155] - INFO: Epoch 8 evaluation process...
[2021-08-13 13:44:54,386] - [trainer.py file line:204] - INFO: val_rec_loss: 0.1158436090
[2021-08-13 13:44:54,386] - [trainer.py file line:205] - INFO: val_per_loss: 0.0000112184
[2021-08-13 13:44:54,386] - [trainer.py file line:206] - INFO: val_tpl_loss: 0.0000084075
[2021-08-13 13:44:54,386] - [trainer.py file line:207] - INFO: val_adv_loss: 0.0000017184
[2021-08-13 13:44:54,386] - [trainer.py file line:208] - INFO: total_val_loss: 0.1158649549
[2021-08-13 13:44:54,386] - [trainer.py file line:247] - INFO: saving the model...
[2021-08-13 13:44:54,507] - [trainer.py file line:260] - INFO: Ref  PSNR (now): 23.685 	 SSIM (now): 0.4563
[2021-08-13 13:44:54,507] - [trainer.py file line:267] - INFO: Ref  PSNR (max): 23.718 (6) 	 SSIM (max): 0.4563 (8)
[2021-08-13 13:44:54,507] - [trainer.py file line:270] - INFO: Evaluation over.
[2021-08-13 13:44:54,508] - [trainer.py file line:81] - INFO: Current epoch learning rate: 1.000000e-04
[2021-08-13 13:44:56,948] - [trainer.py file line:114] - INFO: epoch: 9	 batch: 5
[2021-08-13 13:44:56,999] - [trainer.py file line:116] - INFO: rec_loss: 0.0923749506
[2021-08-13 13:44:57,002] - [trainer.py file line:126] - INFO: per_loss: 0.0000078131
[2021-08-13 13:44:57,004] - [trainer.py file line:134] - INFO: tpl_loss: 0.0000062530
[2021-08-13 13:44:57,037] - [trainer.py file line:139] - INFO: adv_loss: 0.0000446378
[2021-08-13 13:44:57,038] - [trainer.py file line:141] - INFO: total_loss: 0.0924336538
[2021-08-13 13:44:57,816] - [trainer.py file line:81] - INFO: Current epoch learning rate: 1.000000e-04
[2021-08-13 13:45:00,017] - [trainer.py file line:114] - INFO: epoch: 10	 batch: 5
[2021-08-13 13:45:00,071] - [trainer.py file line:116] - INFO: rec_loss: 0.0904332399
[2021-08-13 13:45:00,074] - [trainer.py file line:126] - INFO: per_loss: 0.0000073533
[2021-08-13 13:45:00,076] - [trainer.py file line:134] - INFO: tpl_loss: 0.0000063340
[2021-08-13 13:45:00,109] - [trainer.py file line:139] - INFO: adv_loss: 0.0002412911
[2021-08-13 13:45:00,110] - [trainer.py file line:141] - INFO: total_loss: 0.0906882212
[2021-08-13 13:45:00,882] - [trainer.py file line:155] - INFO: Epoch 10 evaluation process...
[2021-08-13 13:45:02,125] - [trainer.py file line:204] - INFO: val_rec_loss: 0.1082736477
[2021-08-13 13:45:02,125] - [trainer.py file line:205] - INFO: val_per_loss: 0.0000108034
[2021-08-13 13:45:02,125] - [trainer.py file line:206] - INFO: val_tpl_loss: 0.0000075136
[2021-08-13 13:45:02,125] - [trainer.py file line:207] - INFO: val_adv_loss: -0.0000416938
[2021-08-13 13:45:02,125] - [trainer.py file line:208] - INFO: total_val_loss: 0.1082502678
[2021-08-13 13:45:02,125] - [trainer.py file line:214] - INFO: saving the model...
[2021-08-13 13:45:02,258] - [trainer.py file line:230] - INFO: saving the model...
[2021-08-13 13:45:02,390] - [trainer.py file line:260] - INFO: Ref  PSNR (now): 24.160 	 SSIM (now): 0.4546
[2021-08-13 13:45:02,391] - [trainer.py file line:267] - INFO: Ref  PSNR (max): 24.160 (10) 	 SSIM (max): 0.4563 (8)
[2021-08-13 13:45:02,391] - [trainer.py file line:270] - INFO: Evaluation over.
[2021-08-13 13:45:02,392] - [trainer.py file line:81] - INFO: Current epoch learning rate: 1.000000e-04
[2021-08-13 13:45:04,465] - [trainer.py file line:114] - INFO: epoch: 11	 batch: 5
[2021-08-13 13:45:04,476] - [trainer.py file line:116] - INFO: rec_loss: 0.0880769119
[2021-08-13 13:45:04,482] - [trainer.py file line:126] - INFO: per_loss: 0.0000067872
[2021-08-13 13:45:04,486] - [trainer.py file line:134] - INFO: tpl_loss: 0.0000058073
[2021-08-13 13:45:04,539] - [trainer.py file line:139] - INFO: adv_loss: 0.0002957997
[2021-08-13 13:45:04,540] - [trainer.py file line:141] - INFO: total_loss: 0.0883853063
[2021-08-13 13:45:05,470] - [trainer.py file line:81] - INFO: Current epoch learning rate: 1.000000e-04
[2021-08-13 13:45:07,700] - [trainer.py file line:114] - INFO: epoch: 12	 batch: 5
[2021-08-13 13:45:07,755] - [trainer.py file line:116] - INFO: rec_loss: 0.1002256721
[2021-08-13 13:45:07,759] - [trainer.py file line:126] - INFO: per_loss: 0.0000088893
[2021-08-13 13:45:07,761] - [trainer.py file line:134] - INFO: tpl_loss: 0.0000068678
[2021-08-13 13:45:07,794] - [trainer.py file line:139] - INFO: adv_loss: 0.0003171286
[2021-08-13 13:45:07,795] - [trainer.py file line:141] - INFO: total_loss: 0.1005585566
[2021-08-13 13:45:08,557] - [trainer.py file line:155] - INFO: Epoch 12 evaluation process...
[2021-08-13 13:45:09,791] - [trainer.py file line:204] - INFO: val_rec_loss: 0.1116907373
[2021-08-13 13:45:09,791] - [trainer.py file line:205] - INFO: val_per_loss: 0.0000112042
[2021-08-13 13:45:09,792] - [trainer.py file line:206] - INFO: val_tpl_loss: 0.0000070999
[2021-08-13 13:45:09,792] - [trainer.py file line:207] - INFO: val_adv_loss: 0.0001736682
[2021-08-13 13:45:09,792] - [trainer.py file line:208] - INFO: total_val_loss: 0.1118827090
[2021-08-13 13:45:09,792] - [trainer.py file line:260] - INFO: Ref  PSNR (now): 24.083 	 SSIM (now): 0.4509
[2021-08-13 13:45:09,792] - [trainer.py file line:267] - INFO: Ref  PSNR (max): 24.160 (10) 	 SSIM (max): 0.4563 (8)
[2021-08-13 13:45:09,792] - [trainer.py file line:270] - INFO: Evaluation over.
[2021-08-13 13:45:09,793] - [trainer.py file line:81] - INFO: Current epoch learning rate: 1.000000e-04
[2021-08-13 13:45:11,628] - [trainer.py file line:114] - INFO: epoch: 13	 batch: 5
[2021-08-13 13:45:11,681] - [trainer.py file line:116] - INFO: rec_loss: 0.0958304256
[2021-08-13 13:45:11,685] - [trainer.py file line:126] - INFO: per_loss: 0.0000099321
[2021-08-13 13:45:11,686] - [trainer.py file line:134] - INFO: tpl_loss: 0.0000065514
[2021-08-13 13:45:11,720] - [trainer.py file line:139] - INFO: adv_loss: 0.0003790659
[2021-08-13 13:45:11,720] - [trainer.py file line:141] - INFO: total_loss: 0.0962259695
[2021-08-13 13:45:12,479] - [trainer.py file line:81] - INFO: Current epoch learning rate: 1.000000e-04
[2021-08-13 13:45:14,425] - [trainer.py file line:114] - INFO: epoch: 14	 batch: 5
[2021-08-13 13:45:14,480] - [trainer.py file line:116] - INFO: rec_loss: 0.0903467163
[2021-08-13 13:45:14,483] - [trainer.py file line:126] - INFO: per_loss: 0.0000076875
[2021-08-13 13:45:14,485] - [trainer.py file line:134] - INFO: tpl_loss: 0.0000065593
[2021-08-13 13:45:14,518] - [trainer.py file line:139] - INFO: adv_loss: 0.0003613069
[2021-08-13 13:45:14,518] - [trainer.py file line:141] - INFO: total_loss: 0.0907222703
[2021-08-13 13:45:15,284] - [trainer.py file line:155] - INFO: Epoch 14 evaluation process...
[2021-08-13 13:45:16,551] - [trainer.py file line:204] - INFO: val_rec_loss: 0.1110170111
[2021-08-13 13:45:16,552] - [trainer.py file line:205] - INFO: val_per_loss: 0.0000113064
[2021-08-13 13:45:16,552] - [trainer.py file line:206] - INFO: val_tpl_loss: 0.0000072102
[2021-08-13 13:45:16,553] - [trainer.py file line:207] - INFO: val_adv_loss: 0.0002311878
[2021-08-13 13:45:16,553] - [trainer.py file line:208] - INFO: total_val_loss: 0.1112667248
[2021-08-13 13:45:16,553] - [trainer.py file line:247] - INFO: saving the model...
[2021-08-13 13:45:16,782] - [trainer.py file line:260] - INFO: Ref  PSNR (now): 24.137 	 SSIM (now): 0.4566
[2021-08-13 13:45:16,782] - [trainer.py file line:267] - INFO: Ref  PSNR (max): 24.160 (10) 	 SSIM (max): 0.4566 (14)
[2021-08-13 13:45:16,783] - [trainer.py file line:270] - INFO: Evaluation over.
[2021-08-13 13:45:16,787] - [trainer.py file line:81] - INFO: Current epoch learning rate: 1.000000e-04
[2021-08-13 13:45:19,064] - [trainer.py file line:114] - INFO: epoch: 15	 batch: 5
[2021-08-13 13:45:19,118] - [trainer.py file line:116] - INFO: rec_loss: 0.0871360153
[2021-08-13 13:45:19,122] - [trainer.py file line:126] - INFO: per_loss: 0.0000063399
[2021-08-13 13:45:19,123] - [trainer.py file line:134] - INFO: tpl_loss: 0.0000058455
[2021-08-13 13:45:19,156] - [trainer.py file line:139] - INFO: adv_loss: 0.0003287395
[2021-08-13 13:45:19,157] - [trainer.py file line:141] - INFO: total_loss: 0.0874769464
[2021-08-13 13:45:20,075] - [trainer.py file line:147] - INFO: saving the model...
[2021-08-13 13:45:20,322] - [trainer.py file line:81] - INFO: Current epoch learning rate: 1.000000e-04
[2021-08-13 13:45:22,326] - [trainer.py file line:114] - INFO: epoch: 16	 batch: 5
[2021-08-13 13:45:22,382] - [trainer.py file line:116] - INFO: rec_loss: 0.0953889489
[2021-08-13 13:45:22,385] - [trainer.py file line:126] - INFO: per_loss: 0.0000096865
[2021-08-13 13:45:22,386] - [trainer.py file line:134] - INFO: tpl_loss: 0.0000064623
[2021-08-13 13:45:22,420] - [trainer.py file line:139] - INFO: adv_loss: 0.0006586234
[2021-08-13 13:45:22,420] - [trainer.py file line:141] - INFO: total_loss: 0.0960637182
[2021-08-13 13:45:23,190] - [trainer.py file line:155] - INFO: Epoch 16 evaluation process...
[2021-08-13 13:45:24,445] - [trainer.py file line:204] - INFO: val_rec_loss: 0.1039311439
[2021-08-13 13:45:24,445] - [trainer.py file line:205] - INFO: val_per_loss: 0.0000110257
[2021-08-13 13:45:24,445] - [trainer.py file line:206] - INFO: val_tpl_loss: 0.0000071958
[2021-08-13 13:45:24,445] - [trainer.py file line:207] - INFO: val_adv_loss: 0.0007109143
[2021-08-13 13:45:24,445] - [trainer.py file line:208] - INFO: total_val_loss: 0.1046602800
[2021-08-13 13:45:24,446] - [trainer.py file line:214] - INFO: saving the model...
[2021-08-13 13:45:24,646] - [trainer.py file line:230] - INFO: saving the model...
[2021-08-13 13:45:24,888] - [trainer.py file line:247] - INFO: saving the model...
[2021-08-13 13:45:25,113] - [trainer.py file line:260] - INFO: Ref  PSNR (now): 24.569 	 SSIM (now): 0.4596
[2021-08-13 13:45:25,113] - [trainer.py file line:267] - INFO: Ref  PSNR (max): 24.569 (16) 	 SSIM (max): 0.4596 (16)
[2021-08-13 13:45:25,113] - [trainer.py file line:270] - INFO: Evaluation over.
[2021-08-13 13:45:25,117] - [trainer.py file line:81] - INFO: Current epoch learning rate: 1.000000e-04
[2021-08-13 13:45:27,179] - [trainer.py file line:114] - INFO: epoch: 17	 batch: 5
[2021-08-13 13:45:27,232] - [trainer.py file line:116] - INFO: rec_loss: 0.0932181478
[2021-08-13 13:45:27,235] - [trainer.py file line:126] - INFO: per_loss: 0.0000083663
[2021-08-13 13:45:27,237] - [trainer.py file line:134] - INFO: tpl_loss: 0.0000058498
[2021-08-13 13:45:27,270] - [trainer.py file line:139] - INFO: adv_loss: 0.0005701627
[2021-08-13 13:45:27,270] - [trainer.py file line:141] - INFO: total_loss: 0.0938025266
[2021-08-13 13:45:28,041] - [trainer.py file line:81] - INFO: Current epoch learning rate: 1.000000e-04
[2021-08-13 13:45:29,930] - [trainer.py file line:114] - INFO: epoch: 18	 batch: 5
[2021-08-13 13:45:29,985] - [trainer.py file line:116] - INFO: rec_loss: 0.0941808224
[2021-08-13 13:45:29,988] - [trainer.py file line:126] - INFO: per_loss: 0.0000069389
[2021-08-13 13:45:29,989] - [trainer.py file line:134] - INFO: tpl_loss: 0.0000054968
[2021-08-13 13:45:30,023] - [trainer.py file line:139] - INFO: adv_loss: 0.0002944240
[2021-08-13 13:45:30,023] - [trainer.py file line:141] - INFO: total_loss: 0.0944876820
[2021-08-13 13:45:30,837] - [trainer.py file line:155] - INFO: Epoch 18 evaluation process...
[2021-08-13 13:45:32,092] - [trainer.py file line:204] - INFO: val_rec_loss: 0.1035380512
[2021-08-13 13:45:32,093] - [trainer.py file line:205] - INFO: val_per_loss: 0.0000105565
[2021-08-13 13:45:32,094] - [trainer.py file line:206] - INFO: val_tpl_loss: 0.0000072455
[2021-08-13 13:45:32,094] - [trainer.py file line:207] - INFO: val_adv_loss: 0.0002039773
[2021-08-13 13:45:32,094] - [trainer.py file line:208] - INFO: total_val_loss: 0.1037598252
[2021-08-13 13:45:32,094] - [trainer.py file line:214] - INFO: saving the model...
[2021-08-13 13:45:32,323] - [trainer.py file line:230] - INFO: saving the model...
[2021-08-13 13:45:32,553] - [trainer.py file line:260] - INFO: Ref  PSNR (now): 24.571 	 SSIM (now): 0.4577
[2021-08-13 13:45:32,554] - [trainer.py file line:267] - INFO: Ref  PSNR (max): 24.571 (18) 	 SSIM (max): 0.4596 (16)
[2021-08-13 13:45:32,554] - [trainer.py file line:270] - INFO: Evaluation over.
[2021-08-13 13:45:32,558] - [trainer.py file line:81] - INFO: Current epoch learning rate: 1.000000e-04
[2021-08-13 13:45:34,534] - [trainer.py file line:114] - INFO: epoch: 19	 batch: 5
[2021-08-13 13:45:34,589] - [trainer.py file line:116] - INFO: rec_loss: 0.0985590741
[2021-08-13 13:45:34,592] - [trainer.py file line:126] - INFO: per_loss: 0.0000097654
[2021-08-13 13:45:34,594] - [trainer.py file line:134] - INFO: tpl_loss: 0.0000064121
[2021-08-13 13:45:34,627] - [trainer.py file line:139] - INFO: adv_loss: 0.0005333404
[2021-08-13 13:45:34,627] - [trainer.py file line:141] - INFO: total_loss: 0.0991085991
[2021-08-13 13:45:35,380] - [trainer.py file line:81] - INFO: Current epoch learning rate: 1.000000e-04
[2021-08-13 13:45:37,274] - [trainer.py file line:114] - INFO: epoch: 20	 batch: 5
[2021-08-13 13:45:37,329] - [trainer.py file line:116] - INFO: rec_loss: 0.0853950530
[2021-08-13 13:45:37,332] - [trainer.py file line:126] - INFO: per_loss: 0.0000068916
[2021-08-13 13:45:37,333] - [trainer.py file line:134] - INFO: tpl_loss: 0.0000053779
[2021-08-13 13:45:37,367] - [trainer.py file line:139] - INFO: adv_loss: 0.0001396688
[2021-08-13 13:45:37,367] - [trainer.py file line:141] - INFO: total_loss: 0.0855469927
[2021-08-13 13:45:38,116] - [trainer.py file line:155] - INFO: Epoch 20 evaluation process...
[2021-08-13 13:45:39,089] - [trainer.py file line:204] - INFO: val_rec_loss: 0.1035274491
[2021-08-13 13:45:39,089] - [trainer.py file line:205] - INFO: val_per_loss: 0.0000105360
[2021-08-13 13:45:39,089] - [trainer.py file line:206] - INFO: val_tpl_loss: 0.0000068085
[2021-08-13 13:45:39,089] - [trainer.py file line:207] - INFO: val_adv_loss: 0.0001616896
[2021-08-13 13:45:39,089] - [trainer.py file line:208] - INFO: total_val_loss: 0.1037064865
[2021-08-13 13:45:39,090] - [trainer.py file line:214] - INFO: saving the model...
[2021-08-13 13:45:39,215] - [trainer.py file line:230] - INFO: saving the model...
[2021-08-13 13:45:39,337] - [trainer.py file line:260] - INFO: Ref  PSNR (now): 24.644 	 SSIM (now): 0.4586
[2021-08-13 13:45:39,337] - [trainer.py file line:267] - INFO: Ref  PSNR (max): 24.644 (20) 	 SSIM (max): 0.4596 (16)
[2021-08-13 13:45:39,337] - [trainer.py file line:270] - INFO: Evaluation over.
[2021-08-13 13:45:39,339] - [trainer.py file line:81] - INFO: Current epoch learning rate: 1.000000e-04
[2021-08-13 13:45:41,078] - [trainer.py file line:114] - INFO: epoch: 21	 batch: 5
[2021-08-13 13:45:41,127] - [trainer.py file line:116] - INFO: rec_loss: 0.0906701311
[2021-08-13 13:45:41,131] - [trainer.py file line:126] - INFO: per_loss: 0.0000073962
[2021-08-13 13:45:41,132] - [trainer.py file line:134] - INFO: tpl_loss: 0.0000052983
[2021-08-13 13:45:41,166] - [trainer.py file line:139] - INFO: adv_loss: 0.0002630338
[2021-08-13 13:45:41,166] - [trainer.py file line:141] - INFO: total_loss: 0.0909458622
[2021-08-13 13:45:41,932] - [trainer.py file line:81] - INFO: Current epoch learning rate: 1.000000e-04
[2021-08-13 13:45:43,935] - [trainer.py file line:114] - INFO: epoch: 22	 batch: 5
[2021-08-13 13:45:43,966] - [trainer.py file line:116] - INFO: rec_loss: 0.0940339491
[2021-08-13 13:45:43,975] - [trainer.py file line:126] - INFO: per_loss: 0.0000103405
[2021-08-13 13:45:43,980] - [trainer.py file line:134] - INFO: tpl_loss: 0.0000055130
[2021-08-13 13:45:44,024] - [trainer.py file line:139] - INFO: adv_loss: 0.0002226229
[2021-08-13 13:45:44,025] - [trainer.py file line:141] - INFO: total_loss: 0.0942724273
[2021-08-13 13:45:44,796] - [trainer.py file line:155] - INFO: Epoch 22 evaluation process...
[2021-08-13 13:45:45,615] - [trainer.py file line:204] - INFO: val_rec_loss: 0.1113587171
[2021-08-13 13:45:45,615] - [trainer.py file line:205] - INFO: val_per_loss: 0.0000105821
[2021-08-13 13:45:45,615] - [trainer.py file line:206] - INFO: val_tpl_loss: 0.0000064878
[2021-08-13 13:45:45,616] - [trainer.py file line:207] - INFO: val_adv_loss: 0.0000139944
[2021-08-13 13:45:45,616] - [trainer.py file line:208] - INFO: total_val_loss: 0.1113897786
[2021-08-13 13:45:45,616] - [trainer.py file line:260] - INFO: Ref  PSNR (now): 24.206 	 SSIM (now): 0.4545
[2021-08-13 13:45:45,616] - [trainer.py file line:267] - INFO: Ref  PSNR (max): 24.644 (20) 	 SSIM (max): 0.4596 (16)
[2021-08-13 13:45:45,616] - [trainer.py file line:270] - INFO: Evaluation over.
[2021-08-13 13:45:45,617] - [trainer.py file line:81] - INFO: Current epoch learning rate: 1.000000e-04
[2021-08-13 13:45:47,525] - [trainer.py file line:114] - INFO: epoch: 23	 batch: 5
[2021-08-13 13:45:47,579] - [trainer.py file line:116] - INFO: rec_loss: 0.0881112516
[2021-08-13 13:45:47,583] - [trainer.py file line:126] - INFO: per_loss: 0.0000075412
[2021-08-13 13:45:47,584] - [trainer.py file line:134] - INFO: tpl_loss: 0.0000053583
[2021-08-13 13:45:47,617] - [trainer.py file line:139] - INFO: adv_loss: 0.0003093980
[2021-08-13 13:45:47,618] - [trainer.py file line:141] - INFO: total_loss: 0.0884335488
[2021-08-13 13:45:48,383] - [trainer.py file line:81] - INFO: Current epoch learning rate: 1.000000e-04
[2021-08-13 13:45:50,193] - [trainer.py file line:114] - INFO: epoch: 24	 batch: 5
[2021-08-13 13:45:50,247] - [trainer.py file line:116] - INFO: rec_loss: 0.0872757882
[2021-08-13 13:45:50,250] - [trainer.py file line:126] - INFO: per_loss: 0.0000077514
[2021-08-13 13:45:50,251] - [trainer.py file line:134] - INFO: tpl_loss: 0.0000055297
[2021-08-13 13:45:50,285] - [trainer.py file line:139] - INFO: adv_loss: 0.0005920752
[2021-08-13 13:45:50,285] - [trainer.py file line:141] - INFO: total_loss: 0.0878811404
[2021-08-13 13:45:51,051] - [trainer.py file line:155] - INFO: Epoch 24 evaluation process...
[2021-08-13 13:45:52,109] - [trainer.py file line:204] - INFO: val_rec_loss: 0.1034077182
[2021-08-13 13:45:52,109] - [trainer.py file line:205] - INFO: val_per_loss: 0.0000107246
[2021-08-13 13:45:52,109] - [trainer.py file line:206] - INFO: val_tpl_loss: 0.0000064181
[2021-08-13 13:45:52,109] - [trainer.py file line:207] - INFO: val_adv_loss: 0.0003206349
[2021-08-13 13:45:52,109] - [trainer.py file line:208] - INFO: total_val_loss: 0.1037454903
[2021-08-13 13:45:52,109] - [trainer.py file line:230] - INFO: saving the model...
[2021-08-13 13:45:52,239] - [trainer.py file line:247] - INFO: saving the model...
[2021-08-13 13:45:52,372] - [trainer.py file line:260] - INFO: Ref  PSNR (now): 24.766 	 SSIM (now): 0.4609
[2021-08-13 13:45:52,372] - [trainer.py file line:267] - INFO: Ref  PSNR (max): 24.766 (24) 	 SSIM (max): 0.4609 (24)
[2021-08-13 13:45:52,372] - [trainer.py file line:270] - INFO: Evaluation over.
[2021-08-13 13:45:52,373] - [trainer.py file line:81] - INFO: Current epoch learning rate: 1.000000e-04
[2021-08-13 13:45:54,086] - [trainer.py file line:114] - INFO: epoch: 25	 batch: 5
[2021-08-13 13:45:54,140] - [trainer.py file line:116] - INFO: rec_loss: 0.0960280746
[2021-08-13 13:45:54,143] - [trainer.py file line:126] - INFO: per_loss: 0.0000096027
[2021-08-13 13:45:54,145] - [trainer.py file line:134] - INFO: tpl_loss: 0.0000059039
[2021-08-13 13:45:54,178] - [trainer.py file line:139] - INFO: adv_loss: 0.0001710151
[2021-08-13 13:45:54,178] - [trainer.py file line:141] - INFO: total_loss: 0.0962145925
[2021-08-13 13:45:54,957] - [trainer.py file line:81] - INFO: Current epoch learning rate: 1.000000e-04
[2021-08-13 13:45:56,925] - [trainer.py file line:114] - INFO: epoch: 26	 batch: 5
[2021-08-13 13:45:56,980] - [trainer.py file line:116] - INFO: rec_loss: 0.0935777053
[2021-08-13 13:45:56,983] - [trainer.py file line:126] - INFO: per_loss: 0.0000082337
[2021-08-13 13:45:56,984] - [trainer.py file line:134] - INFO: tpl_loss: 0.0000058065
[2021-08-13 13:45:57,018] - [trainer.py file line:139] - INFO: adv_loss: 0.0007571730
[2021-08-13 13:45:57,018] - [trainer.py file line:141] - INFO: total_loss: 0.0943489149
[2021-08-13 13:45:57,785] - [trainer.py file line:155] - INFO: Epoch 26 evaluation process...
[2021-08-13 13:45:58,654] - [trainer.py file line:204] - INFO: val_rec_loss: 0.1015122309
[2021-08-13 13:45:58,655] - [trainer.py file line:205] - INFO: val_per_loss: 0.0000104608
[2021-08-13 13:45:58,655] - [trainer.py file line:206] - INFO: val_tpl_loss: 0.0000063954
[2021-08-13 13:45:58,655] - [trainer.py file line:207] - INFO: val_adv_loss: 0.0002900070
[2021-08-13 13:45:58,655] - [trainer.py file line:208] - INFO: total_val_loss: 0.1018190905
[2021-08-13 13:45:58,656] - [trainer.py file line:214] - INFO: saving the model...
[2021-08-13 13:45:58,798] - [trainer.py file line:230] - INFO: saving the model...
[2021-08-13 13:45:58,915] - [trainer.py file line:260] - INFO: Ref  PSNR (now): 24.831 	 SSIM (now): 0.4600
[2021-08-13 13:45:58,915] - [trainer.py file line:267] - INFO: Ref  PSNR (max): 24.831 (26) 	 SSIM (max): 0.4609 (24)
[2021-08-13 13:45:58,915] - [trainer.py file line:270] - INFO: Evaluation over.
[2021-08-13 13:45:58,916] - [trainer.py file line:81] - INFO: Current epoch learning rate: 1.000000e-04
[2021-08-13 13:46:00,755] - [trainer.py file line:114] - INFO: epoch: 27	 batch: 5
[2021-08-13 13:46:00,808] - [trainer.py file line:116] - INFO: rec_loss: 0.0819923878
[2021-08-13 13:46:00,811] - [trainer.py file line:126] - INFO: per_loss: 0.0000061334
[2021-08-13 13:46:00,813] - [trainer.py file line:134] - INFO: tpl_loss: 0.0000048087
[2021-08-13 13:46:00,846] - [trainer.py file line:139] - INFO: adv_loss: 0.0005566945
[2021-08-13 13:46:00,846] - [trainer.py file line:141] - INFO: total_loss: 0.0825600177
[2021-08-13 13:46:01,588] - [trainer.py file line:81] - INFO: Current epoch learning rate: 1.000000e-04
[2021-08-13 13:46:03,449] - [trainer.py file line:114] - INFO: epoch: 28	 batch: 5
[2021-08-13 13:46:03,503] - [trainer.py file line:116] - INFO: rec_loss: 0.0814402327
[2021-08-13 13:46:03,507] - [trainer.py file line:126] - INFO: per_loss: 0.0000054104
[2021-08-13 13:46:03,508] - [trainer.py file line:134] - INFO: tpl_loss: 0.0000046404
[2021-08-13 13:46:03,541] - [trainer.py file line:139] - INFO: adv_loss: 0.0002691668
[2021-08-13 13:46:03,542] - [trainer.py file line:141] - INFO: total_loss: 0.0817194507
[2021-08-13 13:46:04,303] - [trainer.py file line:155] - INFO: Epoch 28 evaluation process...
[2021-08-13 13:46:05,236] - [trainer.py file line:204] - INFO: val_rec_loss: 0.1010467187
[2021-08-13 13:46:05,237] - [trainer.py file line:205] - INFO: val_per_loss: 0.0000105163
[2021-08-13 13:46:05,237] - [trainer.py file line:206] - INFO: val_tpl_loss: 0.0000063204
[2021-08-13 13:46:05,237] - [trainer.py file line:207] - INFO: val_adv_loss: 0.0001084016
[2021-08-13 13:46:05,237] - [trainer.py file line:208] - INFO: total_val_loss: 0.1011719480
[2021-08-13 13:46:05,237] - [trainer.py file line:214] - INFO: saving the model...
[2021-08-13 13:46:05,355] - [trainer.py file line:230] - INFO: saving the model...
[2021-08-13 13:46:05,476] - [trainer.py file line:260] - INFO: Ref  PSNR (now): 24.859 	 SSIM (now): 0.4587
[2021-08-13 13:46:05,476] - [trainer.py file line:267] - INFO: Ref  PSNR (max): 24.859 (28) 	 SSIM (max): 0.4609 (24)
[2021-08-13 13:46:05,476] - [trainer.py file line:270] - INFO: Evaluation over.
[2021-08-13 13:46:05,477] - [trainer.py file line:81] - INFO: Current epoch learning rate: 1.000000e-04
[2021-08-13 13:46:07,288] - [trainer.py file line:114] - INFO: epoch: 29	 batch: 5
[2021-08-13 13:46:07,342] - [trainer.py file line:116] - INFO: rec_loss: 0.0813013762
[2021-08-13 13:46:07,346] - [trainer.py file line:126] - INFO: per_loss: 0.0000059719
[2021-08-13 13:46:07,347] - [trainer.py file line:134] - INFO: tpl_loss: 0.0000049686
[2021-08-13 13:46:07,380] - [trainer.py file line:139] - INFO: adv_loss: 0.0006293143
[2021-08-13 13:46:07,381] - [trainer.py file line:141] - INFO: total_loss: 0.0819416344
[2021-08-13 13:46:08,144] - [trainer.py file line:81] - INFO: Current epoch learning rate: 1.000000e-04
[2021-08-13 13:46:10,228] - [trainer.py file line:114] - INFO: epoch: 30	 batch: 5
[2021-08-13 13:46:10,281] - [trainer.py file line:116] - INFO: rec_loss: 0.0984790251
[2021-08-13 13:46:10,285] - [trainer.py file line:126] - INFO: per_loss: 0.0000103407
[2021-08-13 13:46:10,286] - [trainer.py file line:134] - INFO: tpl_loss: 0.0000057212
[2021-08-13 13:46:10,321] - [trainer.py file line:139] - INFO: adv_loss: 0.0002834018
[2021-08-13 13:46:10,323] - [trainer.py file line:141] - INFO: total_loss: 0.0987784937
[2021-08-13 13:46:11,090] - [trainer.py file line:147] - INFO: saving the model...
[2021-08-13 13:46:11,213] - [trainer.py file line:155] - INFO: Epoch 30 evaluation process...
[2021-08-13 13:46:12,008] - [trainer.py file line:204] - INFO: val_rec_loss: 0.1008916646
[2021-08-13 13:46:12,008] - [trainer.py file line:205] - INFO: val_per_loss: 0.0000108758
[2021-08-13 13:46:12,008] - [trainer.py file line:206] - INFO: val_tpl_loss: 0.0000064732
[2021-08-13 13:46:12,008] - [trainer.py file line:207] - INFO: val_adv_loss: 0.0003197498
[2021-08-13 13:46:12,008] - [trainer.py file line:208] - INFO: total_val_loss: 0.1012287661
[2021-08-13 13:46:12,009] - [trainer.py file line:247] - INFO: saving the model...
[2021-08-13 13:46:12,141] - [trainer.py file line:260] - INFO: Ref  PSNR (now): 24.817 	 SSIM (now): 0.4619
[2021-08-13 13:46:12,141] - [trainer.py file line:267] - INFO: Ref  PSNR (max): 24.859 (28) 	 SSIM (max): 0.4619 (30)
[2021-08-13 13:46:12,141] - [trainer.py file line:270] - INFO: Evaluation over.
