[2021-08-12 13:54:36,782] - [trainer.py file line:58] - INFO: load_model_path: ./pretrainedModels/best_model.pt
[2021-08-12 13:54:36,861] - [trainer.py file line:149] - INFO: Epoch 0 evaluation process...
[2021-08-12 13:54:37,564] - [trainer.py file line:198] - INFO: val_rec_loss: 0.0968905911
[2021-08-12 13:54:37,564] - [trainer.py file line:199] - INFO: val_per_loss: 0.0000969587
[2021-08-12 13:54:37,564] - [trainer.py file line:200] - INFO: val_tpl_loss: 0.0000240329
[2021-08-12 13:54:37,564] - [trainer.py file line:201] - INFO: val_adv_loss: 0.0000683884
[2021-08-12 13:54:37,564] - [trainer.py file line:202] - INFO: total_val_loss: 0.0970799774
[2021-08-12 13:54:37,564] - [trainer.py file line:220] - INFO: Ref  PSNR (now): 25.216 	 SSIM (now): 0.4616
[2021-08-12 13:54:37,565] - [trainer.py file line:227] - INFO: Ref  PSNR (max): 25.216 (0) 	 SSIM (max): 0.4616 (0)
[2021-08-12 13:54:37,565] - [trainer.py file line:230] - INFO: Evaluation over.
[2021-08-12 13:54:37,566] - [trainer.py file line:75] - INFO: Current epoch learning rate: 1.000000e-05
[2021-08-12 13:54:39,177] - [trainer.py file line:108] - INFO: init epoch: 1	 batch: 5
[2021-08-12 13:54:39,178] - [trainer.py file line:110] - INFO: rec_loss: 0.0878216475
[2021-08-12 13:54:39,178] - [trainer.py file line:135] - INFO: total_loss: 0.0878216475
[2021-08-12 13:54:39,917] - [trainer.py file line:75] - INFO: Current epoch learning rate: 1.000000e-05
[2021-08-12 13:54:41,578] - [trainer.py file line:108] - INFO: init epoch: 2	 batch: 5
[2021-08-12 13:54:41,631] - [trainer.py file line:110] - INFO: rec_loss: 0.0887255892
[2021-08-12 13:54:41,631] - [trainer.py file line:135] - INFO: total_loss: 0.0887255892
[2021-08-12 13:54:42,342] - [trainer.py file line:75] - INFO: Current epoch learning rate: 1.000000e-05
[2021-08-12 13:54:44,033] - [trainer.py file line:108] - INFO: epoch: 1	 batch: 5
[2021-08-12 13:54:44,087] - [trainer.py file line:110] - INFO: rec_loss: 0.0855607018
[2021-08-12 13:54:44,091] - [trainer.py file line:120] - INFO: per_loss: 0.0000606703
[2021-08-12 13:54:44,092] - [trainer.py file line:128] - INFO: tpl_loss: 0.0000168762
[2021-08-12 13:54:44,108] - [trainer.py file line:133] - INFO: adv_loss: 0.0000685083
[2021-08-12 13:54:44,109] - [trainer.py file line:135] - INFO: total_loss: 0.0857067555
[2021-08-12 13:54:45,011] - [trainer.py file line:75] - INFO: Current epoch learning rate: 1.000000e-05
[2021-08-12 13:54:47,003] - [trainer.py file line:108] - INFO: epoch: 2	 batch: 5
[2021-08-12 13:54:47,057] - [trainer.py file line:110] - INFO: rec_loss: 0.0846318305
[2021-08-12 13:54:47,060] - [trainer.py file line:120] - INFO: per_loss: 0.0000621358
[2021-08-12 13:54:47,062] - [trainer.py file line:128] - INFO: tpl_loss: 0.0000169211
[2021-08-12 13:54:47,079] - [trainer.py file line:133] - INFO: adv_loss: 0.0000545265
[2021-08-12 13:54:47,079] - [trainer.py file line:135] - INFO: total_loss: 0.0847654119
[2021-08-12 13:54:47,798] - [trainer.py file line:149] - INFO: Epoch 2 evaluation process...
[2021-08-12 13:54:48,588] - [trainer.py file line:198] - INFO: val_rec_loss: 0.0974287912
[2021-08-12 13:54:48,589] - [trainer.py file line:199] - INFO: val_per_loss: 0.0000961580
[2021-08-12 13:54:48,589] - [trainer.py file line:200] - INFO: val_tpl_loss: 0.0000229466
[2021-08-12 13:54:48,589] - [trainer.py file line:201] - INFO: val_adv_loss: 0.0000604227
[2021-08-12 13:54:48,589] - [trainer.py file line:202] - INFO: total_val_loss: 0.0976083204
[2021-08-12 13:54:48,591] - [trainer.py file line:220] - INFO: Ref  PSNR (now): 25.187 	 SSIM (now): 0.4615
[2021-08-12 13:54:48,592] - [trainer.py file line:227] - INFO: Ref  PSNR (max): 25.216 (0) 	 SSIM (max): 0.4616 (0)
[2021-08-12 13:54:48,592] - [trainer.py file line:230] - INFO: Evaluation over.
[2021-08-12 13:54:48,595] - [trainer.py file line:75] - INFO: Current epoch learning rate: 1.000000e-05
[2021-08-12 13:54:50,738] - [trainer.py file line:108] - INFO: epoch: 3	 batch: 5
[2021-08-12 13:54:50,787] - [trainer.py file line:110] - INFO: rec_loss: 0.0879031420
[2021-08-12 13:54:50,791] - [trainer.py file line:120] - INFO: per_loss: 0.0000760603
[2021-08-12 13:54:50,793] - [trainer.py file line:128] - INFO: tpl_loss: 0.0000177188
[2021-08-12 13:54:50,810] - [trainer.py file line:133] - INFO: adv_loss: 0.0001010384
[2021-08-12 13:54:50,810] - [trainer.py file line:135] - INFO: total_loss: 0.0880979598
[2021-08-12 13:54:51,518] - [trainer.py file line:75] - INFO: Current epoch learning rate: 1.000000e-05
[2021-08-12 13:54:53,074] - [trainer.py file line:108] - INFO: epoch: 4	 batch: 5
[2021-08-12 13:54:53,128] - [trainer.py file line:110] - INFO: rec_loss: 0.0918303728
[2021-08-12 13:54:53,131] - [trainer.py file line:120] - INFO: per_loss: 0.0000813326
[2021-08-12 13:54:53,133] - [trainer.py file line:128] - INFO: tpl_loss: 0.0000198314
[2021-08-12 13:54:53,149] - [trainer.py file line:133] - INFO: adv_loss: 0.0001646930
[2021-08-12 13:54:53,149] - [trainer.py file line:135] - INFO: total_loss: 0.0920962319
[2021-08-12 13:54:53,859] - [trainer.py file line:149] - INFO: Epoch 4 evaluation process...
[2021-08-12 13:54:54,615] - [trainer.py file line:198] - INFO: val_rec_loss: 0.0975541472
[2021-08-12 13:54:54,616] - [trainer.py file line:199] - INFO: val_per_loss: 0.0000960183
[2021-08-12 13:54:54,616] - [trainer.py file line:200] - INFO: val_tpl_loss: 0.0000228990
[2021-08-12 13:54:54,616] - [trainer.py file line:201] - INFO: val_adv_loss: 0.0000368023
[2021-08-12 13:54:54,617] - [trainer.py file line:202] - INFO: total_val_loss: 0.0977098644
[2021-08-12 13:54:54,617] - [trainer.py file line:220] - INFO: Ref  PSNR (now): 25.187 	 SSIM (now): 0.4600
[2021-08-12 13:54:54,617] - [trainer.py file line:227] - INFO: Ref  PSNR (max): 25.216 (0) 	 SSIM (max): 0.4616 (0)
[2021-08-12 13:54:54,617] - [trainer.py file line:230] - INFO: Evaluation over.
[2021-08-12 13:54:54,624] - [trainer.py file line:75] - INFO: Current epoch learning rate: 1.000000e-05
[2021-08-12 13:54:56,768] - [trainer.py file line:108] - INFO: epoch: 5	 batch: 5
[2021-08-12 13:54:56,822] - [trainer.py file line:110] - INFO: rec_loss: 0.0903433114
[2021-08-12 13:54:56,826] - [trainer.py file line:120] - INFO: per_loss: 0.0000800610
[2021-08-12 13:54:56,827] - [trainer.py file line:128] - INFO: tpl_loss: 0.0000187536
[2021-08-12 13:54:56,843] - [trainer.py file line:133] - INFO: adv_loss: 0.0000485609
[2021-08-12 13:54:56,844] - [trainer.py file line:135] - INFO: total_loss: 0.0904906914
[2021-08-12 13:54:57,660] - [trainer.py file line:75] - INFO: Current epoch learning rate: 1.000000e-05
[2021-08-12 13:54:59,651] - [trainer.py file line:108] - INFO: epoch: 6	 batch: 5
[2021-08-12 13:54:59,705] - [trainer.py file line:110] - INFO: rec_loss: 0.0863102898
[2021-08-12 13:54:59,709] - [trainer.py file line:120] - INFO: per_loss: 0.0000650114
[2021-08-12 13:54:59,710] - [trainer.py file line:128] - INFO: tpl_loss: 0.0000163582
[2021-08-12 13:54:59,726] - [trainer.py file line:133] - INFO: adv_loss: 0.0004478596
[2021-08-12 13:54:59,727] - [trainer.py file line:135] - INFO: total_loss: 0.0868395269
[2021-08-12 13:55:00,450] - [trainer.py file line:149] - INFO: Epoch 6 evaluation process...
[2021-08-12 13:55:01,128] - [trainer.py file line:198] - INFO: val_rec_loss: 0.0973597094
[2021-08-12 13:55:01,128] - [trainer.py file line:199] - INFO: val_per_loss: 0.0000961229
[2021-08-12 13:55:01,129] - [trainer.py file line:200] - INFO: val_tpl_loss: 0.0000233653
[2021-08-12 13:55:01,129] - [trainer.py file line:201] - INFO: val_adv_loss: 0.0000000296
[2021-08-12 13:55:01,129] - [trainer.py file line:202] - INFO: total_val_loss: 0.0974792242
[2021-08-12 13:55:01,129] - [trainer.py file line:220] - INFO: Ref  PSNR (now): 25.180 	 SSIM (now): 0.4615
[2021-08-12 13:55:01,129] - [trainer.py file line:227] - INFO: Ref  PSNR (max): 25.216 (0) 	 SSIM (max): 0.4616 (0)
[2021-08-12 13:55:01,129] - [trainer.py file line:230] - INFO: Evaluation over.
[2021-08-12 13:55:01,130] - [trainer.py file line:75] - INFO: Current epoch learning rate: 1.000000e-05
[2021-08-12 13:55:02,964] - [trainer.py file line:108] - INFO: epoch: 7	 batch: 5
[2021-08-12 13:55:03,018] - [trainer.py file line:110] - INFO: rec_loss: 0.0906389058
[2021-08-12 13:55:03,021] - [trainer.py file line:120] - INFO: per_loss: 0.0000807563
[2021-08-12 13:55:03,023] - [trainer.py file line:128] - INFO: tpl_loss: 0.0000179823
[2021-08-12 13:55:03,039] - [trainer.py file line:133] - INFO: adv_loss: 0.0004125284
[2021-08-12 13:55:03,039] - [trainer.py file line:135] - INFO: total_loss: 0.0911501795
[2021-08-12 13:55:03,756] - [trainer.py file line:75] - INFO: Current epoch learning rate: 1.000000e-05
[2021-08-12 13:55:06,007] - [trainer.py file line:108] - INFO: epoch: 8	 batch: 5
[2021-08-12 13:55:06,060] - [trainer.py file line:110] - INFO: rec_loss: 0.0905878767
[2021-08-12 13:55:06,063] - [trainer.py file line:120] - INFO: per_loss: 0.0000796590
[2021-08-12 13:55:06,065] - [trainer.py file line:128] - INFO: tpl_loss: 0.0000187472
[2021-08-12 13:55:06,081] - [trainer.py file line:133] - INFO: adv_loss: 0.0002920617
[2021-08-12 13:55:06,081] - [trainer.py file line:135] - INFO: total_loss: 0.0909783468
[2021-08-12 13:55:06,794] - [trainer.py file line:149] - INFO: Epoch 8 evaluation process...
[2021-08-12 13:55:07,532] - [trainer.py file line:198] - INFO: val_rec_loss: 0.0970413536
[2021-08-12 13:55:07,532] - [trainer.py file line:199] - INFO: val_per_loss: 0.0000972566
[2021-08-12 13:55:07,532] - [trainer.py file line:200] - INFO: val_tpl_loss: 0.0000233804
[2021-08-12 13:55:07,532] - [trainer.py file line:201] - INFO: val_adv_loss: 0.0000560235
[2021-08-12 13:55:07,532] - [trainer.py file line:202] - INFO: total_val_loss: 0.0972180143
[2021-08-12 13:55:07,532] - [trainer.py file line:220] - INFO: Ref  PSNR (now): 25.231 	 SSIM (now): 0.4620
[2021-08-12 13:55:07,532] - [trainer.py file line:227] - INFO: Ref  PSNR (max): 25.231 (8) 	 SSIM (max): 0.4620 (8)
[2021-08-12 13:55:07,532] - [trainer.py file line:230] - INFO: Evaluation over.
[2021-08-12 13:55:07,533] - [trainer.py file line:75] - INFO: Current epoch learning rate: 1.000000e-05
[2021-08-12 13:55:09,588] - [trainer.py file line:108] - INFO: epoch: 9	 batch: 5
[2021-08-12 13:55:09,642] - [trainer.py file line:110] - INFO: rec_loss: 0.0908600911
[2021-08-12 13:55:09,645] - [trainer.py file line:120] - INFO: per_loss: 0.0000830806
[2021-08-12 13:55:09,646] - [trainer.py file line:128] - INFO: tpl_loss: 0.0000199110
[2021-08-12 13:55:09,663] - [trainer.py file line:133] - INFO: adv_loss: 0.0004121507
[2021-08-12 13:55:09,663] - [trainer.py file line:135] - INFO: total_loss: 0.0913752317
[2021-08-12 13:55:10,602] - [trainer.py file line:75] - INFO: Current epoch learning rate: 1.000000e-05
[2021-08-12 13:55:12,584] - [trainer.py file line:108] - INFO: epoch: 10	 batch: 5
[2021-08-12 13:55:12,636] - [trainer.py file line:110] - INFO: rec_loss: 0.0815283358
[2021-08-12 13:55:12,640] - [trainer.py file line:120] - INFO: per_loss: 0.0000541494
[2021-08-12 13:55:12,641] - [trainer.py file line:128] - INFO: tpl_loss: 0.0000162736
[2021-08-12 13:55:12,657] - [trainer.py file line:133] - INFO: adv_loss: 0.0007739870
[2021-08-12 13:55:12,658] - [trainer.py file line:135] - INFO: total_loss: 0.0823727474
[2021-08-12 13:55:13,488] - [trainer.py file line:149] - INFO: Epoch 10 evaluation process...
[2021-08-12 13:55:14,208] - [trainer.py file line:198] - INFO: val_rec_loss: 0.0977081209
[2021-08-12 13:55:14,208] - [trainer.py file line:199] - INFO: val_per_loss: 0.0000964212
[2021-08-12 13:55:14,208] - [trainer.py file line:200] - INFO: val_tpl_loss: 0.0000235496
[2021-08-12 13:55:14,208] - [trainer.py file line:201] - INFO: val_adv_loss: 0.0001109395
[2021-08-12 13:55:14,208] - [trainer.py file line:202] - INFO: total_val_loss: 0.0979390293
[2021-08-12 13:55:14,209] - [trainer.py file line:220] - INFO: Ref  PSNR (now): 25.172 	 SSIM (now): 0.4598
[2021-08-12 13:55:14,209] - [trainer.py file line:227] - INFO: Ref  PSNR (max): 25.231 (8) 	 SSIM (max): 0.4620 (8)
[2021-08-12 13:55:14,209] - [trainer.py file line:230] - INFO: Evaluation over.
[2021-08-12 13:55:14,211] - [trainer.py file line:75] - INFO: Current epoch learning rate: 1.000000e-05
[2021-08-12 13:55:15,856] - [trainer.py file line:108] - INFO: epoch: 11	 batch: 5
[2021-08-12 13:55:15,868] - [trainer.py file line:110] - INFO: rec_loss: 0.0863058418
[2021-08-12 13:55:15,874] - [trainer.py file line:120] - INFO: per_loss: 0.0000718722
[2021-08-12 13:55:15,878] - [trainer.py file line:128] - INFO: tpl_loss: 0.0000186537
[2021-08-12 13:55:15,913] - [trainer.py file line:133] - INFO: adv_loss: 0.0006843586
[2021-08-12 13:55:15,914] - [trainer.py file line:135] - INFO: total_loss: 0.0870807320
[2021-08-12 13:55:16,693] - [trainer.py file line:75] - INFO: Current epoch learning rate: 1.000000e-05
[2021-08-12 13:55:18,994] - [trainer.py file line:108] - INFO: epoch: 12	 batch: 5
[2021-08-12 13:55:19,027] - [trainer.py file line:110] - INFO: rec_loss: 0.0966093168
[2021-08-12 13:55:19,031] - [trainer.py file line:120] - INFO: per_loss: 0.0000940576
[2021-08-12 13:55:19,034] - [trainer.py file line:128] - INFO: tpl_loss: 0.0000228418
[2021-08-12 13:55:19,061] - [trainer.py file line:133] - INFO: adv_loss: 0.0007849212
[2021-08-12 13:55:19,062] - [trainer.py file line:135] - INFO: total_loss: 0.0975111350
[2021-08-12 13:55:19,861] - [trainer.py file line:149] - INFO: Epoch 12 evaluation process...
[2021-08-12 13:55:20,942] - [trainer.py file line:198] - INFO: val_rec_loss: 0.0974540114
[2021-08-12 13:55:20,943] - [trainer.py file line:199] - INFO: val_per_loss: 0.0000959588
[2021-08-12 13:55:20,944] - [trainer.py file line:200] - INFO: val_tpl_loss: 0.0000232976
[2021-08-12 13:55:20,944] - [trainer.py file line:201] - INFO: val_adv_loss: 0.0002027047
[2021-08-12 13:55:20,944] - [trainer.py file line:202] - INFO: total_val_loss: 0.0977759734
[2021-08-12 13:55:20,944] - [trainer.py file line:220] - INFO: Ref  PSNR (now): 25.183 	 SSIM (now): 0.4608
[2021-08-12 13:55:20,945] - [trainer.py file line:227] - INFO: Ref  PSNR (max): 25.231 (8) 	 SSIM (max): 0.4620 (8)
[2021-08-12 13:55:20,945] - [trainer.py file line:230] - INFO: Evaluation over.
[2021-08-12 13:55:20,949] - [trainer.py file line:75] - INFO: Current epoch learning rate: 1.000000e-05
[2021-08-12 13:55:23,338] - [trainer.py file line:108] - INFO: epoch: 13	 batch: 5
[2021-08-12 13:55:23,374] - [trainer.py file line:110] - INFO: rec_loss: 0.0907255709
[2021-08-12 13:55:23,387] - [trainer.py file line:120] - INFO: per_loss: 0.0000776995
[2021-08-12 13:55:23,392] - [trainer.py file line:128] - INFO: tpl_loss: 0.0000197329
[2021-08-12 13:55:23,421] - [trainer.py file line:133] - INFO: adv_loss: 0.0012975930
[2021-08-12 13:55:23,422] - [trainer.py file line:135] - INFO: total_loss: 0.0921206027
[2021-08-12 13:55:24,348] - [trainer.py file line:75] - INFO: Current epoch learning rate: 1.000000e-05
[2021-08-12 13:55:26,272] - [trainer.py file line:108] - INFO: epoch: 14	 batch: 5
[2021-08-12 13:55:26,325] - [trainer.py file line:110] - INFO: rec_loss: 0.1000577807
[2021-08-12 13:55:26,328] - [trainer.py file line:120] - INFO: per_loss: 0.0001003598
[2021-08-12 13:55:26,330] - [trainer.py file line:128] - INFO: tpl_loss: 0.0000219519
[2021-08-12 13:55:26,346] - [trainer.py file line:133] - INFO: adv_loss: 0.0010784955
[2021-08-12 13:55:26,347] - [trainer.py file line:135] - INFO: total_loss: 0.1012585834
[2021-08-12 13:55:27,223] - [trainer.py file line:149] - INFO: Epoch 14 evaluation process...
[2021-08-12 13:55:28,404] - [trainer.py file line:198] - INFO: val_rec_loss: 0.0977218375
[2021-08-12 13:55:28,404] - [trainer.py file line:199] - INFO: val_per_loss: 0.0000984830
[2021-08-12 13:55:28,404] - [trainer.py file line:200] - INFO: val_tpl_loss: 0.0000231485
[2021-08-12 13:55:28,405] - [trainer.py file line:201] - INFO: val_adv_loss: 0.0002590222
[2021-08-12 13:55:28,405] - [trainer.py file line:202] - INFO: total_val_loss: 0.0981024876
[2021-08-12 13:55:28,406] - [trainer.py file line:220] - INFO: Ref  PSNR (now): 25.164 	 SSIM (now): 0.4602
[2021-08-12 13:55:28,406] - [trainer.py file line:227] - INFO: Ref  PSNR (max): 25.231 (8) 	 SSIM (max): 0.4620 (8)
[2021-08-12 13:55:28,406] - [trainer.py file line:230] - INFO: Evaluation over.
[2021-08-12 13:55:28,409] - [trainer.py file line:75] - INFO: Current epoch learning rate: 1.000000e-05
[2021-08-12 13:55:30,509] - [trainer.py file line:108] - INFO: epoch: 15	 batch: 5
[2021-08-12 13:55:30,562] - [trainer.py file line:110] - INFO: rec_loss: 0.0915690288
[2021-08-12 13:55:30,566] - [trainer.py file line:120] - INFO: per_loss: 0.0000870221
[2021-08-12 13:55:30,567] - [trainer.py file line:128] - INFO: tpl_loss: 0.0000203500
[2021-08-12 13:55:30,583] - [trainer.py file line:133] - INFO: adv_loss: 0.0016857936
[2021-08-12 13:55:30,584] - [trainer.py file line:135] - INFO: total_loss: 0.0933621898
[2021-08-12 13:55:31,441] - [trainer.py file line:75] - INFO: Current epoch learning rate: 1.000000e-05
[2021-08-12 13:55:33,462] - [trainer.py file line:108] - INFO: epoch: 16	 batch: 5
[2021-08-12 13:55:33,515] - [trainer.py file line:110] - INFO: rec_loss: 0.0864698738
[2021-08-12 13:55:33,519] - [trainer.py file line:120] - INFO: per_loss: 0.0000697298
[2021-08-12 13:55:33,520] - [trainer.py file line:128] - INFO: tpl_loss: 0.0000169822
[2021-08-12 13:55:33,536] - [trainer.py file line:133] - INFO: adv_loss: 0.0015186714
[2021-08-12 13:55:33,537] - [trainer.py file line:135] - INFO: total_loss: 0.0880752578
[2021-08-12 13:55:34,465] - [trainer.py file line:149] - INFO: Epoch 16 evaluation process...
[2021-08-12 13:55:35,308] - [trainer.py file line:198] - INFO: val_rec_loss: 0.0977023691
[2021-08-12 13:55:35,309] - [trainer.py file line:199] - INFO: val_per_loss: 0.0000992809
[2021-08-12 13:55:35,309] - [trainer.py file line:200] - INFO: val_tpl_loss: 0.0000234618
[2021-08-12 13:55:35,310] - [trainer.py file line:201] - INFO: val_adv_loss: 0.0002991302
[2021-08-12 13:55:35,310] - [trainer.py file line:202] - INFO: total_val_loss: 0.0981242433
[2021-08-12 13:55:35,310] - [trainer.py file line:220] - INFO: Ref  PSNR (now): 25.158 	 SSIM (now): 0.4605
[2021-08-12 13:55:35,310] - [trainer.py file line:227] - INFO: Ref  PSNR (max): 25.231 (8) 	 SSIM (max): 0.4620 (8)
[2021-08-12 13:55:35,311] - [trainer.py file line:230] - INFO: Evaluation over.
[2021-08-12 13:55:35,315] - [trainer.py file line:75] - INFO: Current epoch learning rate: 1.000000e-05
[2021-08-12 13:55:37,466] - [trainer.py file line:108] - INFO: epoch: 17	 batch: 5
[2021-08-12 13:55:37,485] - [trainer.py file line:110] - INFO: rec_loss: 0.0866044760
[2021-08-12 13:55:37,491] - [trainer.py file line:120] - INFO: per_loss: 0.0000667979
[2021-08-12 13:55:37,495] - [trainer.py file line:128] - INFO: tpl_loss: 0.0000181439
[2021-08-12 13:55:37,536] - [trainer.py file line:133] - INFO: adv_loss: 0.0021748166
[2021-08-12 13:55:37,537] - [trainer.py file line:135] - INFO: total_loss: 0.0888642296
[2021-08-12 13:55:38,470] - [trainer.py file line:75] - INFO: Current epoch learning rate: 1.000000e-05
[2021-08-12 13:55:40,159] - [trainer.py file line:108] - INFO: epoch: 18	 batch: 5
[2021-08-12 13:55:40,173] - [trainer.py file line:110] - INFO: rec_loss: 0.0817432255
[2021-08-12 13:55:40,179] - [trainer.py file line:120] - INFO: per_loss: 0.0000542447
[2021-08-12 13:55:40,182] - [trainer.py file line:128] - INFO: tpl_loss: 0.0000158817
[2021-08-12 13:55:40,217] - [trainer.py file line:133] - INFO: adv_loss: 0.0025377322
[2021-08-12 13:55:40,218] - [trainer.py file line:135] - INFO: total_loss: 0.0843510926
[2021-08-12 13:55:41,139] - [trainer.py file line:149] - INFO: Epoch 18 evaluation process...
[2021-08-12 13:55:42,328] - [trainer.py file line:198] - INFO: val_rec_loss: 0.0979567096
[2021-08-12 13:55:42,329] - [trainer.py file line:199] - INFO: val_per_loss: 0.0000980051
[2021-08-12 13:55:42,329] - [trainer.py file line:200] - INFO: val_tpl_loss: 0.0000237259
[2021-08-12 13:55:42,329] - [trainer.py file line:201] - INFO: val_adv_loss: 0.0003632226
[2021-08-12 13:55:42,329] - [trainer.py file line:202] - INFO: total_val_loss: 0.0984416604
[2021-08-12 13:55:42,330] - [trainer.py file line:220] - INFO: Ref  PSNR (now): 25.125 	 SSIM (now): 0.4606
[2021-08-12 13:55:42,330] - [trainer.py file line:227] - INFO: Ref  PSNR (max): 25.231 (8) 	 SSIM (max): 0.4620 (8)
[2021-08-12 13:55:42,331] - [trainer.py file line:230] - INFO: Evaluation over.
[2021-08-12 13:55:42,336] - [trainer.py file line:75] - INFO: Current epoch learning rate: 1.000000e-05
[2021-08-12 13:55:44,404] - [trainer.py file line:108] - INFO: epoch: 19	 batch: 5
[2021-08-12 13:55:44,456] - [trainer.py file line:110] - INFO: rec_loss: 0.0912519097
[2021-08-12 13:55:44,460] - [trainer.py file line:120] - INFO: per_loss: 0.0000856423
[2021-08-12 13:55:44,461] - [trainer.py file line:128] - INFO: tpl_loss: 0.0000210766
[2021-08-12 13:55:44,478] - [trainer.py file line:133] - INFO: adv_loss: 0.0025423015
[2021-08-12 13:55:44,478] - [trainer.py file line:135] - INFO: total_loss: 0.0939009339
[2021-08-12 13:55:45,189] - [trainer.py file line:75] - INFO: Current epoch learning rate: 1.000000e-05
[2021-08-12 13:55:47,693] - [trainer.py file line:108] - INFO: epoch: 20	 batch: 5
[2021-08-12 13:55:47,695] - [trainer.py file line:110] - INFO: rec_loss: 0.0912894607
[2021-08-12 13:55:47,705] - [trainer.py file line:120] - INFO: per_loss: 0.0000836913
[2021-08-12 13:55:47,710] - [trainer.py file line:128] - INFO: tpl_loss: 0.0000217797
[2021-08-12 13:55:47,743] - [trainer.py file line:133] - INFO: adv_loss: 0.0025721346
[2021-08-12 13:55:47,744] - [trainer.py file line:135] - INFO: total_loss: 0.0939670652
[2021-08-12 13:55:48,641] - [trainer.py file line:149] - INFO: Epoch 20 evaluation process...
[2021-08-12 13:55:49,791] - [trainer.py file line:198] - INFO: val_rec_loss: 0.0984495953
[2021-08-12 13:55:49,792] - [trainer.py file line:199] - INFO: val_per_loss: 0.0000983727
[2021-08-12 13:55:49,792] - [trainer.py file line:200] - INFO: val_tpl_loss: 0.0000249252
[2021-08-12 13:55:49,792] - [trainer.py file line:201] - INFO: val_adv_loss: 0.0003766388
[2021-08-12 13:55:49,792] - [trainer.py file line:202] - INFO: total_val_loss: 0.0989495292
[2021-08-12 13:55:49,792] - [trainer.py file line:220] - INFO: Ref  PSNR (now): 25.093 	 SSIM (now): 0.4591
[2021-08-12 13:55:49,792] - [trainer.py file line:227] - INFO: Ref  PSNR (max): 25.231 (8) 	 SSIM (max): 0.4620 (8)
[2021-08-12 13:55:49,792] - [trainer.py file line:230] - INFO: Evaluation over.
[2021-08-12 13:55:49,794] - [trainer.py file line:75] - INFO: Current epoch learning rate: 1.000000e-05
[2021-08-12 13:55:51,610] - [trainer.py file line:108] - INFO: epoch: 21	 batch: 5
[2021-08-12 13:55:51,663] - [trainer.py file line:110] - INFO: rec_loss: 0.0852861032
[2021-08-12 13:55:51,674] - [trainer.py file line:120] - INFO: per_loss: 0.0000658441
[2021-08-12 13:55:51,679] - [trainer.py file line:128] - INFO: tpl_loss: 0.0000196745
[2021-08-12 13:55:51,713] - [trainer.py file line:133] - INFO: adv_loss: 0.0000000000
[2021-08-12 13:55:51,714] - [trainer.py file line:135] - INFO: total_loss: 0.0853716210
[2021-08-12 13:55:52,695] - [trainer.py file line:75] - INFO: Current epoch learning rate: 1.000000e-05
[2021-08-12 13:55:54,401] - [trainer.py file line:108] - INFO: epoch: 22	 batch: 5
[2021-08-12 13:55:54,455] - [trainer.py file line:110] - INFO: rec_loss: 0.0853442848
[2021-08-12 13:55:54,459] - [trainer.py file line:120] - INFO: per_loss: 0.0000667344
[2021-08-12 13:55:54,460] - [trainer.py file line:128] - INFO: tpl_loss: 0.0000194818
[2021-08-12 13:55:54,476] - [trainer.py file line:133] - INFO: adv_loss: 0.0000000000
[2021-08-12 13:55:54,476] - [trainer.py file line:135] - INFO: total_loss: 0.0854305029
[2021-08-12 13:55:55,259] - [trainer.py file line:149] - INFO: Epoch 22 evaluation process...
[2021-08-12 13:55:55,890] - [trainer.py file line:198] - INFO: val_rec_loss: 0.0982491150
[2021-08-12 13:55:55,892] - [trainer.py file line:199] - INFO: val_per_loss: 0.0000988596
[2021-08-12 13:55:55,892] - [trainer.py file line:200] - INFO: val_tpl_loss: 0.0000248175
[2021-08-12 13:55:55,893] - [trainer.py file line:201] - INFO: val_adv_loss: 0.0000000000
[2021-08-12 13:55:55,893] - [trainer.py file line:202] - INFO: total_val_loss: 0.0983727947
[2021-08-12 13:55:55,893] - [trainer.py file line:220] - INFO: Ref  PSNR (now): 25.139 	 SSIM (now): 0.4588
[2021-08-12 13:55:55,893] - [trainer.py file line:227] - INFO: Ref  PSNR (max): 25.231 (8) 	 SSIM (max): 0.4620 (8)
[2021-08-12 13:55:55,894] - [trainer.py file line:230] - INFO: Evaluation over.
[2021-08-12 13:55:55,895] - [trainer.py file line:75] - INFO: Current epoch learning rate: 1.000000e-05
[2021-08-12 13:55:57,506] - [trainer.py file line:108] - INFO: epoch: 23	 batch: 5
[2021-08-12 13:55:57,559] - [trainer.py file line:110] - INFO: rec_loss: 0.0798509866
[2021-08-12 13:55:57,563] - [trainer.py file line:120] - INFO: per_loss: 0.0000561091
[2021-08-12 13:55:57,564] - [trainer.py file line:128] - INFO: tpl_loss: 0.0000162224
[2021-08-12 13:55:57,580] - [trainer.py file line:133] - INFO: adv_loss: 0.0000000000
[2021-08-12 13:55:57,581] - [trainer.py file line:135] - INFO: total_loss: 0.0799233168
[2021-08-12 13:55:58,310] - [trainer.py file line:75] - INFO: Current epoch learning rate: 1.000000e-05
[2021-08-12 13:55:59,884] - [trainer.py file line:108] - INFO: epoch: 24	 batch: 5
[2021-08-12 13:55:59,938] - [trainer.py file line:110] - INFO: rec_loss: 0.0809732974
[2021-08-12 13:55:59,941] - [trainer.py file line:120] - INFO: per_loss: 0.0000551296
[2021-08-12 13:55:59,943] - [trainer.py file line:128] - INFO: tpl_loss: 0.0000172513
[2021-08-12 13:55:59,959] - [trainer.py file line:133] - INFO: adv_loss: 0.0000000000
[2021-08-12 13:55:59,959] - [trainer.py file line:135] - INFO: total_loss: 0.0810456723
[2021-08-12 13:56:00,675] - [trainer.py file line:149] - INFO: Epoch 24 evaluation process...
[2021-08-12 13:56:01,561] - [trainer.py file line:198] - INFO: val_rec_loss: 0.0982686505
[2021-08-12 13:56:01,562] - [trainer.py file line:199] - INFO: val_per_loss: 0.0000988067
[2021-08-12 13:56:01,562] - [trainer.py file line:200] - INFO: val_tpl_loss: 0.0000237281
[2021-08-12 13:56:01,563] - [trainer.py file line:201] - INFO: val_adv_loss: 0.0000000000
[2021-08-12 13:56:01,563] - [trainer.py file line:202] - INFO: total_val_loss: 0.0983911902
[2021-08-12 13:56:01,563] - [trainer.py file line:220] - INFO: Ref  PSNR (now): 25.118 	 SSIM (now): 0.4588
[2021-08-12 13:56:01,563] - [trainer.py file line:227] - INFO: Ref  PSNR (max): 25.231 (8) 	 SSIM (max): 0.4620 (8)
[2021-08-12 13:56:01,563] - [trainer.py file line:230] - INFO: Evaluation over.
[2021-08-12 13:56:01,567] - [trainer.py file line:75] - INFO: Current epoch learning rate: 1.000000e-05
[2021-08-12 13:56:03,445] - [trainer.py file line:108] - INFO: epoch: 25	 batch: 5
[2021-08-12 13:56:03,498] - [trainer.py file line:110] - INFO: rec_loss: 0.0907357559
[2021-08-12 13:56:03,502] - [trainer.py file line:120] - INFO: per_loss: 0.0000745398
[2021-08-12 13:56:03,503] - [trainer.py file line:128] - INFO: tpl_loss: 0.0000202677
[2021-08-12 13:56:03,519] - [trainer.py file line:133] - INFO: adv_loss: 0.0000000000
[2021-08-12 13:56:03,519] - [trainer.py file line:135] - INFO: total_loss: 0.0908305645
[2021-08-12 13:56:04,345] - [trainer.py file line:75] - INFO: Current epoch learning rate: 1.000000e-05
[2021-08-12 13:56:06,289] - [trainer.py file line:108] - INFO: epoch: 26	 batch: 5
[2021-08-12 13:56:06,343] - [trainer.py file line:110] - INFO: rec_loss: 0.0804352462
[2021-08-12 13:56:06,347] - [trainer.py file line:120] - INFO: per_loss: 0.0000610924
[2021-08-12 13:56:06,348] - [trainer.py file line:128] - INFO: tpl_loss: 0.0000173511
[2021-08-12 13:56:06,364] - [trainer.py file line:133] - INFO: adv_loss: 0.0000000000
[2021-08-12 13:56:06,364] - [trainer.py file line:135] - INFO: total_loss: 0.0805136934
[2021-08-12 13:56:07,080] - [trainer.py file line:149] - INFO: Epoch 26 evaluation process...
[2021-08-12 13:56:08,077] - [trainer.py file line:198] - INFO: val_rec_loss: 0.0985050574
[2021-08-12 13:56:08,079] - [trainer.py file line:199] - INFO: val_per_loss: 0.0000975565
[2021-08-12 13:56:08,079] - [trainer.py file line:200] - INFO: val_tpl_loss: 0.0000246107
[2021-08-12 13:56:08,079] - [trainer.py file line:201] - INFO: val_adv_loss: 0.0000000000
[2021-08-12 13:56:08,079] - [trainer.py file line:202] - INFO: total_val_loss: 0.0986272246
[2021-08-12 13:56:08,080] - [trainer.py file line:220] - INFO: Ref  PSNR (now): 25.099 	 SSIM (now): 0.4592
[2021-08-12 13:56:08,081] - [trainer.py file line:227] - INFO: Ref  PSNR (max): 25.231 (8) 	 SSIM (max): 0.4620 (8)
[2021-08-12 13:56:08,081] - [trainer.py file line:230] - INFO: Evaluation over.
[2021-08-12 13:56:08,085] - [trainer.py file line:75] - INFO: Current epoch learning rate: 1.000000e-05
[2021-08-12 13:56:09,896] - [trainer.py file line:108] - INFO: epoch: 27	 batch: 5
[2021-08-12 13:56:09,904] - [trainer.py file line:110] - INFO: rec_loss: 0.0903991759
[2021-08-12 13:56:09,912] - [trainer.py file line:120] - INFO: per_loss: 0.0000736444
[2021-08-12 13:56:09,916] - [trainer.py file line:128] - INFO: tpl_loss: 0.0000217962
[2021-08-12 13:56:09,938] - [trainer.py file line:133] - INFO: adv_loss: 0.0000000000
[2021-08-12 13:56:09,938] - [trainer.py file line:135] - INFO: total_loss: 0.0904946104
[2021-08-12 13:56:10,693] - [trainer.py file line:75] - INFO: Current epoch learning rate: 1.000000e-05
[2021-08-12 13:56:12,508] - [trainer.py file line:108] - INFO: epoch: 28	 batch: 5
[2021-08-12 13:56:12,563] - [trainer.py file line:110] - INFO: rec_loss: 0.0839135870
[2021-08-12 13:56:12,566] - [trainer.py file line:120] - INFO: per_loss: 0.0000574510
[2021-08-12 13:56:12,568] - [trainer.py file line:128] - INFO: tpl_loss: 0.0000180437
[2021-08-12 13:56:12,584] - [trainer.py file line:133] - INFO: adv_loss: 0.0000000000
[2021-08-12 13:56:12,584] - [trainer.py file line:135] - INFO: total_loss: 0.0839890838
[2021-08-12 13:56:13,300] - [trainer.py file line:149] - INFO: Epoch 28 evaluation process...
[2021-08-12 13:56:13,994] - [trainer.py file line:198] - INFO: val_rec_loss: 0.0979634449
[2021-08-12 13:56:13,995] - [trainer.py file line:199] - INFO: val_per_loss: 0.0000988254
[2021-08-12 13:56:13,995] - [trainer.py file line:200] - INFO: val_tpl_loss: 0.0000252582
[2021-08-12 13:56:13,995] - [trainer.py file line:201] - INFO: val_adv_loss: 0.0000000000
[2021-08-12 13:56:13,995] - [trainer.py file line:202] - INFO: total_val_loss: 0.0980875269
[2021-08-12 13:56:13,995] - [trainer.py file line:220] - INFO: Ref  PSNR (now): 25.143 	 SSIM (now): 0.4599
[2021-08-12 13:56:13,996] - [trainer.py file line:227] - INFO: Ref  PSNR (max): 25.231 (8) 	 SSIM (max): 0.4620 (8)
[2021-08-12 13:56:13,996] - [trainer.py file line:230] - INFO: Evaluation over.
[2021-08-12 13:56:14,000] - [trainer.py file line:75] - INFO: Current epoch learning rate: 1.000000e-05
[2021-08-12 13:56:15,983] - [trainer.py file line:108] - INFO: epoch: 29	 batch: 5
[2021-08-12 13:56:15,985] - [trainer.py file line:110] - INFO: rec_loss: 0.0924005955
[2021-08-12 13:56:15,995] - [trainer.py file line:120] - INFO: per_loss: 0.0000817124
[2021-08-12 13:56:16,000] - [trainer.py file line:128] - INFO: tpl_loss: 0.0000223348
[2021-08-12 13:56:16,043] - [trainer.py file line:133] - INFO: adv_loss: 0.0000000000
[2021-08-12 13:56:16,043] - [trainer.py file line:135] - INFO: total_loss: 0.0925046429
[2021-08-12 13:56:17,002] - [trainer.py file line:75] - INFO: Current epoch learning rate: 1.000000e-05
[2021-08-12 13:56:19,106] - [trainer.py file line:108] - INFO: epoch: 30	 batch: 5
[2021-08-12 13:56:19,161] - [trainer.py file line:110] - INFO: rec_loss: 0.0847550258
[2021-08-12 13:56:19,164] - [trainer.py file line:120] - INFO: per_loss: 0.0000698032
[2021-08-12 13:56:19,166] - [trainer.py file line:128] - INFO: tpl_loss: 0.0000202352
[2021-08-12 13:56:19,182] - [trainer.py file line:133] - INFO: adv_loss: 0.0000000000
[2021-08-12 13:56:19,182] - [trainer.py file line:135] - INFO: total_loss: 0.0848450661
[2021-08-12 13:56:20,011] - [trainer.py file line:141] - INFO: saving the model...
[2021-08-12 13:56:20,121] - [trainer.py file line:149] - INFO: Epoch 30 evaluation process...
[2021-08-12 13:56:20,844] - [trainer.py file line:198] - INFO: val_rec_loss: 0.0994971767
[2021-08-12 13:56:20,844] - [trainer.py file line:199] - INFO: val_per_loss: 0.0000995533
[2021-08-12 13:56:20,844] - [trainer.py file line:200] - INFO: val_tpl_loss: 0.0000257000
[2021-08-12 13:56:20,844] - [trainer.py file line:201] - INFO: val_adv_loss: 0.0000000000
[2021-08-12 13:56:20,844] - [trainer.py file line:202] - INFO: total_val_loss: 0.0996224284
[2021-08-12 13:56:20,844] - [trainer.py file line:220] - INFO: Ref  PSNR (now): 24.980 	 SSIM (now): 0.4580
[2021-08-12 13:56:20,844] - [trainer.py file line:227] - INFO: Ref  PSNR (max): 25.231 (8) 	 SSIM (max): 0.4620 (8)
[2021-08-12 13:56:20,844] - [trainer.py file line:230] - INFO: Evaluation over.
