[2021-08-12 13:04:16,689] - [trainer.py file line:58] - INFO: load_model_path: ./pretrainedModels/best_model.pt
[2021-08-12 13:04:16,765] - [trainer.py file line:149] - INFO: Epoch 0 evaluation process...
[2021-08-12 13:04:17,537] - [trainer.py file line:198] - INFO: val_rec_loss: 0.0052262042
[2021-08-12 13:04:17,538] - [trainer.py file line:199] - INFO: val_per_loss: 0.0001004892
[2021-08-12 13:04:17,538] - [trainer.py file line:200] - INFO: val_tpl_loss: 0.0003397891
[2021-08-12 13:04:17,538] - [trainer.py file line:201] - INFO: val_adv_loss: 0.0006894047
[2021-08-12 13:04:17,538] - [trainer.py file line:202] - INFO: total_val_loss: 0.0063558868
[2021-08-12 13:04:17,538] - [trainer.py file line:220] - INFO: Ref  PSNR (now): 24.657 	 SSIM (now): 0.4414
[2021-08-12 13:04:17,538] - [trainer.py file line:227] - INFO: Ref  PSNR (max): 24.657 (0) 	 SSIM (max): 0.4414 (0)
[2021-08-12 13:04:17,538] - [trainer.py file line:230] - INFO: Evaluation over.
[2021-08-12 13:04:17,539] - [trainer.py file line:75] - INFO: Current epoch learning rate: 1.000000e-04
[2021-08-12 13:04:19,326] - [trainer.py file line:108] - INFO: init epoch: 1	 batch: 5
[2021-08-12 13:04:19,379] - [trainer.py file line:110] - INFO: rec_loss: 0.0046433578
[2021-08-12 13:04:19,379] - [trainer.py file line:135] - INFO: total_loss: 0.0046433578
[2021-08-12 13:04:20,042] - [trainer.py file line:75] - INFO: Current epoch learning rate: 1.000000e-04
[2021-08-12 13:04:21,673] - [trainer.py file line:108] - INFO: init epoch: 2	 batch: 5
[2021-08-12 13:04:21,677] - [trainer.py file line:110] - INFO: rec_loss: 0.0044699176
[2021-08-12 13:04:21,677] - [trainer.py file line:135] - INFO: total_loss: 0.0044699176
[2021-08-12 13:04:22,487] - [trainer.py file line:75] - INFO: Current epoch learning rate: 1.000000e-04
[2021-08-12 13:04:24,656] - [trainer.py file line:108] - INFO: epoch: 1	 batch: 5
[2021-08-12 13:04:24,685] - [trainer.py file line:110] - INFO: rec_loss: 0.0043088626
[2021-08-12 13:04:24,696] - [trainer.py file line:120] - INFO: per_loss: 0.0000599532
[2021-08-12 13:04:24,701] - [trainer.py file line:128] - INFO: tpl_loss: 0.0002158385
[2021-08-12 13:04:24,745] - [trainer.py file line:133] - INFO: adv_loss: 0.0006911317
[2021-08-12 13:04:24,746] - [trainer.py file line:135] - INFO: total_loss: 0.0052757864
[2021-08-12 13:04:25,662] - [trainer.py file line:75] - INFO: Current epoch learning rate: 1.000000e-04
[2021-08-12 13:04:27,692] - [trainer.py file line:108] - INFO: epoch: 2	 batch: 5
[2021-08-12 13:04:27,746] - [trainer.py file line:110] - INFO: rec_loss: 0.0051322761
[2021-08-12 13:04:27,750] - [trainer.py file line:120] - INFO: per_loss: 0.0000963440
[2021-08-12 13:04:27,751] - [trainer.py file line:128] - INFO: tpl_loss: 0.0002242131
[2021-08-12 13:04:27,778] - [trainer.py file line:133] - INFO: adv_loss: 0.0007930600
[2021-08-12 13:04:27,779] - [trainer.py file line:135] - INFO: total_loss: 0.0062458930
[2021-08-12 13:04:28,522] - [trainer.py file line:149] - INFO: Epoch 2 evaluation process...
[2021-08-12 13:04:29,267] - [trainer.py file line:198] - INFO: val_rec_loss: 0.0049824482
[2021-08-12 13:04:29,267] - [trainer.py file line:199] - INFO: val_per_loss: 0.0000958841
[2021-08-12 13:04:29,267] - [trainer.py file line:200] - INFO: val_tpl_loss: 0.0002120918
[2021-08-12 13:04:29,267] - [trainer.py file line:201] - INFO: val_adv_loss: 0.0003841649
[2021-08-12 13:04:29,268] - [trainer.py file line:202] - INFO: total_val_loss: 0.0056745894
[2021-08-12 13:04:29,268] - [trainer.py file line:209] - INFO: saving the model...
[2021-08-12 13:04:29,393] - [trainer.py file line:220] - INFO: Ref  PSNR (now): 25.057 	 SSIM (now): 0.4573
[2021-08-12 13:04:29,393] - [trainer.py file line:227] - INFO: Ref  PSNR (max): 25.057 (2) 	 SSIM (max): 0.4573 (2)
[2021-08-12 13:04:29,393] - [trainer.py file line:230] - INFO: Evaluation over.
[2021-08-12 13:04:29,395] - [trainer.py file line:75] - INFO: Current epoch learning rate: 1.000000e-04
[2021-08-12 13:04:31,419] - [trainer.py file line:108] - INFO: epoch: 3	 batch: 5
[2021-08-12 13:04:31,467] - [trainer.py file line:110] - INFO: rec_loss: 0.0043421187
[2021-08-12 13:04:31,471] - [trainer.py file line:120] - INFO: per_loss: 0.0000693336
[2021-08-12 13:04:31,473] - [trainer.py file line:128] - INFO: tpl_loss: 0.0001382375
[2021-08-12 13:04:31,504] - [trainer.py file line:133] - INFO: adv_loss: 0.0042732768
[2021-08-12 13:04:31,504] - [trainer.py file line:135] - INFO: total_loss: 0.0088229664
[2021-08-12 13:04:32,386] - [trainer.py file line:75] - INFO: Current epoch learning rate: 1.000000e-04
[2021-08-12 13:04:34,554] - [trainer.py file line:108] - INFO: epoch: 4	 batch: 5
[2021-08-12 13:04:34,609] - [trainer.py file line:110] - INFO: rec_loss: 0.0046953764
[2021-08-12 13:04:34,615] - [trainer.py file line:120] - INFO: per_loss: 0.0000812026
[2021-08-12 13:04:34,617] - [trainer.py file line:128] - INFO: tpl_loss: 0.0001281891
[2021-08-12 13:04:34,653] - [trainer.py file line:133] - INFO: adv_loss: 0.0005470040
[2021-08-12 13:04:34,654] - [trainer.py file line:135] - INFO: total_loss: 0.0054517719
[2021-08-12 13:04:35,515] - [trainer.py file line:149] - INFO: Epoch 4 evaluation process...
[2021-08-12 13:04:36,237] - [trainer.py file line:198] - INFO: val_rec_loss: 0.0052418509
[2021-08-12 13:04:36,238] - [trainer.py file line:199] - INFO: val_per_loss: 0.0000959930
[2021-08-12 13:04:36,238] - [trainer.py file line:200] - INFO: val_tpl_loss: 0.0001374098
[2021-08-12 13:04:36,238] - [trainer.py file line:201] - INFO: val_adv_loss: 0.0004631761
[2021-08-12 13:04:36,238] - [trainer.py file line:202] - INFO: total_val_loss: 0.0059384294
[2021-08-12 13:04:36,239] - [trainer.py file line:220] - INFO: Ref  PSNR (now): 24.545 	 SSIM (now): 0.4487
[2021-08-12 13:04:36,239] - [trainer.py file line:227] - INFO: Ref  PSNR (max): 25.057 (2) 	 SSIM (max): 0.4573 (2)
[2021-08-12 13:04:36,239] - [trainer.py file line:230] - INFO: Evaluation over.
[2021-08-12 13:04:36,241] - [trainer.py file line:75] - INFO: Current epoch learning rate: 1.000000e-04
[2021-08-12 13:04:38,298] - [trainer.py file line:108] - INFO: epoch: 5	 batch: 5
[2021-08-12 13:04:38,349] - [trainer.py file line:110] - INFO: rec_loss: 0.0052409205
[2021-08-12 13:04:38,353] - [trainer.py file line:120] - INFO: per_loss: 0.0001238754
[2021-08-12 13:04:38,354] - [trainer.py file line:128] - INFO: tpl_loss: 0.0001372511
[2021-08-12 13:04:38,383] - [trainer.py file line:133] - INFO: adv_loss: 0.0004579162
[2021-08-12 13:04:38,383] - [trainer.py file line:135] - INFO: total_loss: 0.0059599625
[2021-08-12 13:04:39,272] - [trainer.py file line:75] - INFO: Current epoch learning rate: 1.000000e-04
[2021-08-12 13:04:41,149] - [trainer.py file line:108] - INFO: epoch: 6	 batch: 5
[2021-08-12 13:04:41,203] - [trainer.py file line:110] - INFO: rec_loss: 0.0044140024
[2021-08-12 13:04:41,207] - [trainer.py file line:120] - INFO: per_loss: 0.0000661734
[2021-08-12 13:04:41,208] - [trainer.py file line:128] - INFO: tpl_loss: 0.0000761943
[2021-08-12 13:04:41,235] - [trainer.py file line:133] - INFO: adv_loss: 0.0005858669
[2021-08-12 13:04:41,236] - [trainer.py file line:135] - INFO: total_loss: 0.0051422371
[2021-08-12 13:04:42,118] - [trainer.py file line:149] - INFO: Epoch 6 evaluation process...
[2021-08-12 13:04:42,918] - [trainer.py file line:198] - INFO: val_rec_loss: 0.0050483644
[2021-08-12 13:04:42,918] - [trainer.py file line:199] - INFO: val_per_loss: 0.0000939967
[2021-08-12 13:04:42,918] - [trainer.py file line:200] - INFO: val_tpl_loss: 0.0001147728
[2021-08-12 13:04:42,918] - [trainer.py file line:201] - INFO: val_adv_loss: 0.0005575502
[2021-08-12 13:04:42,918] - [trainer.py file line:202] - INFO: total_val_loss: 0.0058146841
[2021-08-12 13:04:42,918] - [trainer.py file line:220] - INFO: Ref  PSNR (now): 24.897 	 SSIM (now): 0.4488
[2021-08-12 13:04:42,919] - [trainer.py file line:227] - INFO: Ref  PSNR (max): 25.057 (2) 	 SSIM (max): 0.4573 (2)
[2021-08-12 13:04:42,919] - [trainer.py file line:230] - INFO: Evaluation over.
[2021-08-12 13:04:42,920] - [trainer.py file line:75] - INFO: Current epoch learning rate: 1.000000e-04
[2021-08-12 13:04:44,540] - [trainer.py file line:108] - INFO: epoch: 7	 batch: 5
[2021-08-12 13:04:44,594] - [trainer.py file line:110] - INFO: rec_loss: 0.0048139985
[2021-08-12 13:04:44,598] - [trainer.py file line:120] - INFO: per_loss: 0.0000758096
[2021-08-12 13:04:44,599] - [trainer.py file line:128] - INFO: tpl_loss: 0.0000931901
[2021-08-12 13:04:44,615] - [trainer.py file line:133] - INFO: adv_loss: 0.0028026982
[2021-08-12 13:04:44,615] - [trainer.py file line:135] - INFO: total_loss: 0.0077856965
[2021-08-12 13:04:45,336] - [trainer.py file line:75] - INFO: Current epoch learning rate: 1.000000e-04
[2021-08-12 13:04:47,340] - [trainer.py file line:108] - INFO: epoch: 8	 batch: 5
[2021-08-12 13:04:47,362] - [trainer.py file line:110] - INFO: rec_loss: 0.0048446576
[2021-08-12 13:04:47,372] - [trainer.py file line:120] - INFO: per_loss: 0.0000766311
[2021-08-12 13:04:47,378] - [trainer.py file line:128] - INFO: tpl_loss: 0.0001324581
[2021-08-12 13:04:47,418] - [trainer.py file line:133] - INFO: adv_loss: 0.0034354671
[2021-08-12 13:04:47,418] - [trainer.py file line:135] - INFO: total_loss: 0.0084892139
[2021-08-12 13:04:48,275] - [trainer.py file line:149] - INFO: Epoch 8 evaluation process...
[2021-08-12 13:04:49,315] - [trainer.py file line:198] - INFO: val_rec_loss: 0.0076389103
[2021-08-12 13:04:49,316] - [trainer.py file line:199] - INFO: val_per_loss: 0.0001528331
[2021-08-12 13:04:49,316] - [trainer.py file line:200] - INFO: val_tpl_loss: 0.0005039038
[2021-08-12 13:04:49,316] - [trainer.py file line:201] - INFO: val_adv_loss: 0.0004271982
[2021-08-12 13:04:49,317] - [trainer.py file line:202] - INFO: total_val_loss: 0.0087228464
[2021-08-12 13:04:49,317] - [trainer.py file line:220] - INFO: Ref  PSNR (now): 21.638 	 SSIM (now): 0.2558
[2021-08-12 13:04:49,317] - [trainer.py file line:227] - INFO: Ref  PSNR (max): 25.057 (2) 	 SSIM (max): 0.4573 (2)
[2021-08-12 13:04:49,317] - [trainer.py file line:230] - INFO: Evaluation over.
[2021-08-12 13:04:49,322] - [trainer.py file line:75] - INFO: Current epoch learning rate: 1.000000e-04
[2021-08-12 13:04:51,210] - [trainer.py file line:108] - INFO: epoch: 9	 batch: 5
[2021-08-12 13:04:51,263] - [trainer.py file line:110] - INFO: rec_loss: 0.0048717610
[2021-08-12 13:04:51,267] - [trainer.py file line:120] - INFO: per_loss: 0.0000720355
[2021-08-12 13:04:51,268] - [trainer.py file line:128] - INFO: tpl_loss: 0.0001891975
[2021-08-12 13:04:51,299] - [trainer.py file line:133] - INFO: adv_loss: 0.0050135073
[2021-08-12 13:04:51,300] - [trainer.py file line:135] - INFO: total_loss: 0.0101465015
[2021-08-12 13:04:52,081] - [trainer.py file line:75] - INFO: Current epoch learning rate: 1.000000e-04
[2021-08-12 13:04:54,086] - [trainer.py file line:108] - INFO: epoch: 10	 batch: 5
[2021-08-12 13:04:54,140] - [trainer.py file line:110] - INFO: rec_loss: 0.0052446607
[2021-08-12 13:04:54,144] - [trainer.py file line:120] - INFO: per_loss: 0.0000920971
[2021-08-12 13:04:54,145] - [trainer.py file line:128] - INFO: tpl_loss: 0.0000945744
[2021-08-12 13:04:54,179] - [trainer.py file line:133] - INFO: adv_loss: 0.0006209848
[2021-08-12 13:04:54,179] - [trainer.py file line:135] - INFO: total_loss: 0.0060523171
[2021-08-12 13:04:55,009] - [trainer.py file line:149] - INFO: Epoch 10 evaluation process...
[2021-08-12 13:04:56,095] - [trainer.py file line:198] - INFO: val_rec_loss: 0.0056964345
[2021-08-12 13:04:56,096] - [trainer.py file line:199] - INFO: val_per_loss: 0.0001058821
[2021-08-12 13:04:56,097] - [trainer.py file line:200] - INFO: val_tpl_loss: 0.0000873155
[2021-08-12 13:04:56,097] - [trainer.py file line:201] - INFO: val_adv_loss: 0.0005661055
[2021-08-12 13:04:56,097] - [trainer.py file line:202] - INFO: total_val_loss: 0.0064557376
[2021-08-12 13:04:56,097] - [trainer.py file line:220] - INFO: Ref  PSNR (now): 23.993 	 SSIM (now): 0.4057
[2021-08-12 13:04:56,097] - [trainer.py file line:227] - INFO: Ref  PSNR (max): 25.057 (2) 	 SSIM (max): 0.4573 (2)
[2021-08-12 13:04:56,098] - [trainer.py file line:230] - INFO: Evaluation over.
[2021-08-12 13:04:56,104] - [trainer.py file line:75] - INFO: Current epoch learning rate: 1.000000e-04
[2021-08-12 13:04:58,338] - [trainer.py file line:108] - INFO: epoch: 11	 batch: 5
[2021-08-12 13:04:58,391] - [trainer.py file line:110] - INFO: rec_loss: 0.0047873757
[2021-08-12 13:04:58,395] - [trainer.py file line:120] - INFO: per_loss: 0.0000783833
[2021-08-12 13:04:58,396] - [trainer.py file line:128] - INFO: tpl_loss: 0.0002597865
[2021-08-12 13:04:58,430] - [trainer.py file line:133] - INFO: adv_loss: 0.0005962529
[2021-08-12 13:04:58,430] - [trainer.py file line:135] - INFO: total_loss: 0.0057217982
[2021-08-12 13:04:59,348] - [trainer.py file line:75] - INFO: Current epoch learning rate: 1.000000e-04
[2021-08-12 13:05:01,696] - [trainer.py file line:108] - INFO: epoch: 12	 batch: 5
[2021-08-12 13:05:01,713] - [trainer.py file line:110] - INFO: rec_loss: 0.0052359551
[2021-08-12 13:05:01,724] - [trainer.py file line:120] - INFO: per_loss: 0.0001191385
[2021-08-12 13:05:01,729] - [trainer.py file line:128] - INFO: tpl_loss: 0.0000832998
[2021-08-12 13:05:01,780] - [trainer.py file line:133] - INFO: adv_loss: 0.0011577696
[2021-08-12 13:05:01,781] - [trainer.py file line:135] - INFO: total_loss: 0.0065961629
[2021-08-12 13:05:02,877] - [trainer.py file line:149] - INFO: Epoch 12 evaluation process...
[2021-08-12 13:05:04,149] - [trainer.py file line:198] - INFO: val_rec_loss: 0.0061643790
[2021-08-12 13:05:04,150] - [trainer.py file line:199] - INFO: val_per_loss: 0.0001230506
[2021-08-12 13:05:04,150] - [trainer.py file line:200] - INFO: val_tpl_loss: 0.0001151342
[2021-08-12 13:05:04,151] - [trainer.py file line:201] - INFO: val_adv_loss: 0.0002827996
[2021-08-12 13:05:04,151] - [trainer.py file line:202] - INFO: total_val_loss: 0.0066853631
[2021-08-12 13:05:04,151] - [trainer.py file line:220] - INFO: Ref  PSNR (now): 23.254 	 SSIM (now): 0.3594
[2021-08-12 13:05:04,151] - [trainer.py file line:227] - INFO: Ref  PSNR (max): 25.057 (2) 	 SSIM (max): 0.4573 (2)
[2021-08-12 13:05:04,152] - [trainer.py file line:230] - INFO: Evaluation over.
[2021-08-12 13:05:04,157] - [trainer.py file line:75] - INFO: Current epoch learning rate: 1.000000e-04
[2021-08-12 13:05:06,627] - [trainer.py file line:108] - INFO: epoch: 13	 batch: 5
[2021-08-12 13:05:06,677] - [trainer.py file line:110] - INFO: rec_loss: 0.0055772364
[2021-08-12 13:05:06,681] - [trainer.py file line:120] - INFO: per_loss: 0.0000673079
[2021-08-12 13:05:06,684] - [trainer.py file line:128] - INFO: tpl_loss: 0.0000723372
[2021-08-12 13:05:06,718] - [trainer.py file line:133] - INFO: adv_loss: 0.0008110856
[2021-08-12 13:05:06,719] - [trainer.py file line:135] - INFO: total_loss: 0.0065279673
[2021-08-12 13:05:07,756] - [trainer.py file line:75] - INFO: Current epoch learning rate: 1.000000e-04
[2021-08-12 13:05:10,072] - [trainer.py file line:108] - INFO: epoch: 14	 batch: 5
[2021-08-12 13:05:10,084] - [trainer.py file line:110] - INFO: rec_loss: 0.0055168704
[2021-08-12 13:05:10,088] - [trainer.py file line:120] - INFO: per_loss: 0.0001049837
[2021-08-12 13:05:10,090] - [trainer.py file line:128] - INFO: tpl_loss: 0.0001224381
[2021-08-12 13:05:10,115] - [trainer.py file line:133] - INFO: adv_loss: 0.0005289773
[2021-08-12 13:05:10,116] - [trainer.py file line:135] - INFO: total_loss: 0.0062732697
[2021-08-12 13:05:10,933] - [trainer.py file line:149] - INFO: Epoch 14 evaluation process...
[2021-08-12 13:05:11,832] - [trainer.py file line:198] - INFO: val_rec_loss: 0.0063693575
[2021-08-12 13:05:11,833] - [trainer.py file line:199] - INFO: val_per_loss: 0.0001589939
[2021-08-12 13:05:11,833] - [trainer.py file line:200] - INFO: val_tpl_loss: 0.0001475451
[2021-08-12 13:05:11,833] - [trainer.py file line:201] - INFO: val_adv_loss: 0.0006324360
[2021-08-12 13:05:11,833] - [trainer.py file line:202] - INFO: total_val_loss: 0.0073083327
[2021-08-12 13:05:11,834] - [trainer.py file line:220] - INFO: Ref  PSNR (now): 23.015 	 SSIM (now): 0.3106
[2021-08-12 13:05:11,834] - [trainer.py file line:227] - INFO: Ref  PSNR (max): 25.057 (2) 	 SSIM (max): 0.4573 (2)
[2021-08-12 13:05:11,834] - [trainer.py file line:230] - INFO: Evaluation over.
[2021-08-12 13:05:11,837] - [trainer.py file line:75] - INFO: Current epoch learning rate: 1.000000e-04
[2021-08-12 13:05:14,043] - [trainer.py file line:108] - INFO: epoch: 15	 batch: 5
[2021-08-12 13:05:14,097] - [trainer.py file line:110] - INFO: rec_loss: 0.0049954029
[2021-08-12 13:05:14,101] - [trainer.py file line:120] - INFO: per_loss: 0.0000877924
[2021-08-12 13:05:14,102] - [trainer.py file line:128] - INFO: tpl_loss: 0.0000791042
[2021-08-12 13:05:14,127] - [trainer.py file line:133] - INFO: adv_loss: 0.0007131783
[2021-08-12 13:05:14,128] - [trainer.py file line:135] - INFO: total_loss: 0.0058754780
[2021-08-12 13:05:14,983] - [trainer.py file line:75] - INFO: Current epoch learning rate: 1.000000e-04
[2021-08-12 13:05:16,953] - [trainer.py file line:108] - INFO: epoch: 16	 batch: 5
[2021-08-12 13:05:17,006] - [trainer.py file line:110] - INFO: rec_loss: 0.0061786021
[2021-08-12 13:05:17,010] - [trainer.py file line:120] - INFO: per_loss: 0.0001293814
[2021-08-12 13:05:17,011] - [trainer.py file line:128] - INFO: tpl_loss: 0.0000824333
[2021-08-12 13:05:17,041] - [trainer.py file line:133] - INFO: adv_loss: 0.0002581410
[2021-08-12 13:05:17,041] - [trainer.py file line:135] - INFO: total_loss: 0.0066485577
[2021-08-12 13:05:17,885] - [trainer.py file line:149] - INFO: Epoch 16 evaluation process...
[2021-08-12 13:05:18,937] - [trainer.py file line:198] - INFO: val_rec_loss: 0.0060917330
[2021-08-12 13:05:18,937] - [trainer.py file line:199] - INFO: val_per_loss: 0.0001200099
[2021-08-12 13:05:18,937] - [trainer.py file line:200] - INFO: val_tpl_loss: 0.0000815965
[2021-08-12 13:05:18,937] - [trainer.py file line:201] - INFO: val_adv_loss: 0.0003176643
[2021-08-12 13:05:18,937] - [trainer.py file line:202] - INFO: total_val_loss: 0.0066110035
[2021-08-12 13:05:18,938] - [trainer.py file line:220] - INFO: Ref  PSNR (now): 23.492 	 SSIM (now): 0.3549
[2021-08-12 13:05:18,938] - [trainer.py file line:227] - INFO: Ref  PSNR (max): 25.057 (2) 	 SSIM (max): 0.4573 (2)
[2021-08-12 13:05:18,938] - [trainer.py file line:230] - INFO: Evaluation over.
[2021-08-12 13:05:18,939] - [trainer.py file line:75] - INFO: Current epoch learning rate: 1.000000e-04
[2021-08-12 13:05:21,062] - [trainer.py file line:108] - INFO: epoch: 17	 batch: 5
[2021-08-12 13:05:21,114] - [trainer.py file line:110] - INFO: rec_loss: 0.0057103666
[2021-08-12 13:05:21,117] - [trainer.py file line:120] - INFO: per_loss: 0.0000648622
[2021-08-12 13:05:21,119] - [trainer.py file line:128] - INFO: tpl_loss: 0.0000958151
[2021-08-12 13:05:21,151] - [trainer.py file line:133] - INFO: adv_loss: 0.0007192346
[2021-08-12 13:05:21,151] - [trainer.py file line:135] - INFO: total_loss: 0.0065902788
[2021-08-12 13:05:21,963] - [trainer.py file line:75] - INFO: Current epoch learning rate: 1.000000e-04
[2021-08-12 13:05:23,921] - [trainer.py file line:108] - INFO: epoch: 18	 batch: 5
[2021-08-12 13:05:23,974] - [trainer.py file line:110] - INFO: rec_loss: 0.0058620120
[2021-08-12 13:05:23,978] - [trainer.py file line:120] - INFO: per_loss: 0.0000995673
[2021-08-12 13:05:23,980] - [trainer.py file line:128] - INFO: tpl_loss: 0.0001030841
[2021-08-12 13:05:24,010] - [trainer.py file line:133] - INFO: adv_loss: 0.0004711598
[2021-08-12 13:05:24,010] - [trainer.py file line:135] - INFO: total_loss: 0.0065358235
[2021-08-12 13:05:24,829] - [trainer.py file line:149] - INFO: Epoch 18 evaluation process...
[2021-08-12 13:05:25,597] - [trainer.py file line:198] - INFO: val_rec_loss: 0.0061992328
[2021-08-12 13:05:25,597] - [trainer.py file line:199] - INFO: val_per_loss: 0.0001184235
[2021-08-12 13:05:25,597] - [trainer.py file line:200] - INFO: val_tpl_loss: 0.0001017128
[2021-08-12 13:05:25,597] - [trainer.py file line:201] - INFO: val_adv_loss: 0.0014076226
[2021-08-12 13:05:25,597] - [trainer.py file line:202] - INFO: total_val_loss: 0.0078269914
[2021-08-12 13:05:25,598] - [trainer.py file line:220] - INFO: Ref  PSNR (now): 23.310 	 SSIM (now): 0.3175
[2021-08-12 13:05:25,598] - [trainer.py file line:227] - INFO: Ref  PSNR (max): 25.057 (2) 	 SSIM (max): 0.4573 (2)
[2021-08-12 13:05:25,598] - [trainer.py file line:230] - INFO: Evaluation over.
[2021-08-12 13:05:25,599] - [trainer.py file line:75] - INFO: Current epoch learning rate: 1.000000e-04
[2021-08-12 13:05:27,627] - [trainer.py file line:108] - INFO: epoch: 19	 batch: 5
[2021-08-12 13:05:27,680] - [trainer.py file line:110] - INFO: rec_loss: 0.0060575455
[2021-08-12 13:05:27,684] - [trainer.py file line:120] - INFO: per_loss: 0.0000887915
[2021-08-12 13:05:27,686] - [trainer.py file line:128] - INFO: tpl_loss: 0.0001509330
[2021-08-12 13:05:27,716] - [trainer.py file line:133] - INFO: adv_loss: 0.0005749364
[2021-08-12 13:05:27,716] - [trainer.py file line:135] - INFO: total_loss: 0.0068722060
[2021-08-12 13:05:28,844] - [trainer.py file line:75] - INFO: Current epoch learning rate: 1.000000e-04
[2021-08-12 13:05:30,732] - [trainer.py file line:108] - INFO: epoch: 20	 batch: 5
[2021-08-12 13:05:30,786] - [trainer.py file line:110] - INFO: rec_loss: 0.0054946304
[2021-08-12 13:05:30,790] - [trainer.py file line:120] - INFO: per_loss: 0.0000938403
[2021-08-12 13:05:30,792] - [trainer.py file line:128] - INFO: tpl_loss: 0.0000614838
[2021-08-12 13:05:30,820] - [trainer.py file line:133] - INFO: adv_loss: 0.0005563447
[2021-08-12 13:05:30,820] - [trainer.py file line:135] - INFO: total_loss: 0.0062062987
[2021-08-12 13:05:31,670] - [trainer.py file line:149] - INFO: Epoch 20 evaluation process...
[2021-08-12 13:05:32,481] - [trainer.py file line:198] - INFO: val_rec_loss: 0.0058013592
[2021-08-12 13:05:32,482] - [trainer.py file line:199] - INFO: val_per_loss: 0.0001191453
[2021-08-12 13:05:32,482] - [trainer.py file line:200] - INFO: val_tpl_loss: 0.0000879193
[2021-08-12 13:05:32,482] - [trainer.py file line:201] - INFO: val_adv_loss: 0.0005925067
[2021-08-12 13:05:32,482] - [trainer.py file line:202] - INFO: total_val_loss: 0.0066009304
[2021-08-12 13:05:32,482] - [trainer.py file line:220] - INFO: Ref  PSNR (now): 23.728 	 SSIM (now): 0.3500
[2021-08-12 13:05:32,482] - [trainer.py file line:227] - INFO: Ref  PSNR (max): 25.057 (2) 	 SSIM (max): 0.4573 (2)
[2021-08-12 13:05:32,482] - [trainer.py file line:230] - INFO: Evaluation over.
[2021-08-12 13:05:32,483] - [trainer.py file line:75] - INFO: Current epoch learning rate: 1.000000e-04
[2021-08-12 13:05:34,405] - [trainer.py file line:108] - INFO: epoch: 21	 batch: 5
[2021-08-12 13:05:34,459] - [trainer.py file line:110] - INFO: rec_loss: 0.0049184798
[2021-08-12 13:05:34,463] - [trainer.py file line:120] - INFO: per_loss: 0.0000578815
[2021-08-12 13:05:34,465] - [trainer.py file line:128] - INFO: tpl_loss: 0.0000510031
[2021-08-12 13:05:34,490] - [trainer.py file line:133] - INFO: adv_loss: 0.0006400291
[2021-08-12 13:05:34,490] - [trainer.py file line:135] - INFO: total_loss: 0.0056673936
[2021-08-12 13:05:35,346] - [trainer.py file line:75] - INFO: Current epoch learning rate: 1.000000e-04
[2021-08-12 13:05:37,231] - [trainer.py file line:108] - INFO: epoch: 22	 batch: 5
[2021-08-12 13:05:37,284] - [trainer.py file line:110] - INFO: rec_loss: 0.0051520807
[2021-08-12 13:05:37,288] - [trainer.py file line:120] - INFO: per_loss: 0.0000885537
[2021-08-12 13:05:37,289] - [trainer.py file line:128] - INFO: tpl_loss: 0.0000593225
[2021-08-12 13:05:37,320] - [trainer.py file line:133] - INFO: adv_loss: 0.0016290769
[2021-08-12 13:05:37,320] - [trainer.py file line:135] - INFO: total_loss: 0.0069290339
[2021-08-12 13:05:38,190] - [trainer.py file line:149] - INFO: Epoch 22 evaluation process...
[2021-08-12 13:05:39,471] - [trainer.py file line:198] - INFO: val_rec_loss: 0.0067419768
[2021-08-12 13:05:39,472] - [trainer.py file line:199] - INFO: val_per_loss: 0.0001290176
[2021-08-12 13:05:39,472] - [trainer.py file line:200] - INFO: val_tpl_loss: 0.0001131433
[2021-08-12 13:05:39,472] - [trainer.py file line:201] - INFO: val_adv_loss: 0.0005369538
[2021-08-12 13:05:39,472] - [trainer.py file line:202] - INFO: total_val_loss: 0.0075210910
[2021-08-12 13:05:39,473] - [trainer.py file line:220] - INFO: Ref  PSNR (now): 22.584 	 SSIM (now): 0.2697
[2021-08-12 13:05:39,473] - [trainer.py file line:227] - INFO: Ref  PSNR (max): 25.057 (2) 	 SSIM (max): 0.4573 (2)
[2021-08-12 13:05:39,473] - [trainer.py file line:230] - INFO: Evaluation over.
[2021-08-12 13:05:39,476] - [trainer.py file line:75] - INFO: Current epoch learning rate: 1.000000e-04
[2021-08-12 13:05:42,068] - [trainer.py file line:108] - INFO: epoch: 23	 batch: 5
[2021-08-12 13:05:42,076] - [trainer.py file line:110] - INFO: rec_loss: 0.0051058829
[2021-08-12 13:05:42,084] - [trainer.py file line:120] - INFO: per_loss: 0.0000575797
[2021-08-12 13:05:42,089] - [trainer.py file line:128] - INFO: tpl_loss: 0.0000445115
[2021-08-12 13:05:42,150] - [trainer.py file line:133] - INFO: adv_loss: 0.0006847944
[2021-08-12 13:05:42,151] - [trainer.py file line:135] - INFO: total_loss: 0.0058927685
[2021-08-12 13:05:43,241] - [trainer.py file line:75] - INFO: Current epoch learning rate: 1.000000e-04
[2021-08-12 13:05:45,103] - [trainer.py file line:108] - INFO: epoch: 24	 batch: 5
[2021-08-12 13:05:45,156] - [trainer.py file line:110] - INFO: rec_loss: 0.0054690745
[2021-08-12 13:05:45,160] - [trainer.py file line:120] - INFO: per_loss: 0.0000788462
[2021-08-12 13:05:45,161] - [trainer.py file line:128] - INFO: tpl_loss: 0.0000693776
[2021-08-12 13:05:45,190] - [trainer.py file line:133] - INFO: adv_loss: 0.0003385213
[2021-08-12 13:05:45,191] - [trainer.py file line:135] - INFO: total_loss: 0.0059558195
[2021-08-12 13:05:46,190] - [trainer.py file line:149] - INFO: Epoch 24 evaluation process...
[2021-08-12 13:05:47,007] - [trainer.py file line:198] - INFO: val_rec_loss: 0.0056281644
[2021-08-12 13:05:47,007] - [trainer.py file line:199] - INFO: val_per_loss: 0.0001077288
[2021-08-12 13:05:47,007] - [trainer.py file line:200] - INFO: val_tpl_loss: 0.0000836938
[2021-08-12 13:05:47,007] - [trainer.py file line:201] - INFO: val_adv_loss: 0.0002840200
[2021-08-12 13:05:47,007] - [trainer.py file line:202] - INFO: total_val_loss: 0.0061036069
[2021-08-12 13:05:47,007] - [trainer.py file line:220] - INFO: Ref  PSNR (now): 24.043 	 SSIM (now): 0.3779
[2021-08-12 13:05:47,007] - [trainer.py file line:227] - INFO: Ref  PSNR (max): 25.057 (2) 	 SSIM (max): 0.4573 (2)
[2021-08-12 13:05:47,007] - [trainer.py file line:230] - INFO: Evaluation over.
[2021-08-12 13:05:47,009] - [trainer.py file line:75] - INFO: Current epoch learning rate: 1.000000e-04
[2021-08-12 13:05:48,957] - [trainer.py file line:108] - INFO: epoch: 25	 batch: 5
[2021-08-12 13:05:49,008] - [trainer.py file line:110] - INFO: rec_loss: 0.0054256702
[2021-08-12 13:05:49,012] - [trainer.py file line:120] - INFO: per_loss: 0.0000730361
[2021-08-12 13:05:49,014] - [trainer.py file line:128] - INFO: tpl_loss: 0.0000625821
[2021-08-12 13:05:49,036] - [trainer.py file line:133] - INFO: adv_loss: 0.0004228536
[2021-08-12 13:05:49,036] - [trainer.py file line:135] - INFO: total_loss: 0.0059841420
[2021-08-12 13:05:49,883] - [trainer.py file line:75] - INFO: Current epoch learning rate: 1.000000e-04
[2021-08-12 13:05:52,045] - [trainer.py file line:108] - INFO: epoch: 26	 batch: 5
[2021-08-12 13:05:52,097] - [trainer.py file line:110] - INFO: rec_loss: 0.0055444115
[2021-08-12 13:05:52,101] - [trainer.py file line:120] - INFO: per_loss: 0.0000925298
[2021-08-12 13:05:52,102] - [trainer.py file line:128] - INFO: tpl_loss: 0.0000774883
[2021-08-12 13:05:52,121] - [trainer.py file line:133] - INFO: adv_loss: 0.0013325153
[2021-08-12 13:05:52,121] - [trainer.py file line:135] - INFO: total_loss: 0.0070469449
[2021-08-12 13:05:52,845] - [trainer.py file line:149] - INFO: Epoch 26 evaluation process...
[2021-08-12 13:05:53,953] - [trainer.py file line:198] - INFO: val_rec_loss: 0.0059790523
[2021-08-12 13:05:53,955] - [trainer.py file line:199] - INFO: val_per_loss: 0.0001257922
[2021-08-12 13:05:53,955] - [trainer.py file line:200] - INFO: val_tpl_loss: 0.0001755105
[2021-08-12 13:05:53,955] - [trainer.py file line:201] - INFO: val_adv_loss: 0.0014787602
[2021-08-12 13:05:53,956] - [trainer.py file line:202] - INFO: total_val_loss: 0.0077591152
[2021-08-12 13:05:53,957] - [trainer.py file line:220] - INFO: Ref  PSNR (now): 23.622 	 SSIM (now): 0.3407
[2021-08-12 13:05:53,957] - [trainer.py file line:227] - INFO: Ref  PSNR (max): 25.057 (2) 	 SSIM (max): 0.4573 (2)
[2021-08-12 13:05:53,957] - [trainer.py file line:230] - INFO: Evaluation over.
[2021-08-12 13:05:53,962] - [trainer.py file line:75] - INFO: Current epoch learning rate: 1.000000e-04
[2021-08-12 13:05:55,922] - [trainer.py file line:108] - INFO: epoch: 27	 batch: 5
[2021-08-12 13:05:55,976] - [trainer.py file line:110] - INFO: rec_loss: 0.0051749907
[2021-08-12 13:05:55,979] - [trainer.py file line:120] - INFO: per_loss: 0.0001153479
[2021-08-12 13:05:55,981] - [trainer.py file line:128] - INFO: tpl_loss: 0.0000860765
[2021-08-12 13:05:55,998] - [trainer.py file line:133] - INFO: adv_loss: 0.0027810212
[2021-08-12 13:05:55,999] - [trainer.py file line:135] - INFO: total_loss: 0.0081574367
[2021-08-12 13:05:56,728] - [trainer.py file line:75] - INFO: Current epoch learning rate: 1.000000e-04
[2021-08-12 13:05:58,658] - [trainer.py file line:108] - INFO: epoch: 28	 batch: 5
[2021-08-12 13:05:58,712] - [trainer.py file line:110] - INFO: rec_loss: 0.0071220906
[2021-08-12 13:05:58,716] - [trainer.py file line:120] - INFO: per_loss: 0.0001412871
[2021-08-12 13:05:58,717] - [trainer.py file line:128] - INFO: tpl_loss: 0.0001320142
[2021-08-12 13:05:58,733] - [trainer.py file line:133] - INFO: adv_loss: 0.0020869686
[2021-08-12 13:05:58,734] - [trainer.py file line:135] - INFO: total_loss: 0.0094823604
[2021-08-12 13:05:59,447] - [trainer.py file line:149] - INFO: Epoch 28 evaluation process...
[2021-08-12 13:06:00,233] - [trainer.py file line:198] - INFO: val_rec_loss: 0.0116871251
[2021-08-12 13:06:00,234] - [trainer.py file line:199] - INFO: val_per_loss: 0.0001912570
[2021-08-12 13:06:00,234] - [trainer.py file line:200] - INFO: val_tpl_loss: 0.0004079866
[2021-08-12 13:06:00,234] - [trainer.py file line:201] - INFO: val_adv_loss: 0.0001414154
[2021-08-12 13:06:00,235] - [trainer.py file line:202] - INFO: total_val_loss: 0.0124277845
[2021-08-12 13:06:00,235] - [trainer.py file line:220] - INFO: Ref  PSNR (now): 17.911 	 SSIM (now): 0.1026
[2021-08-12 13:06:00,235] - [trainer.py file line:227] - INFO: Ref  PSNR (max): 25.057 (2) 	 SSIM (max): 0.4573 (2)
[2021-08-12 13:06:00,235] - [trainer.py file line:230] - INFO: Evaluation over.
[2021-08-12 13:06:00,241] - [trainer.py file line:75] - INFO: Current epoch learning rate: 1.000000e-04
[2021-08-12 13:06:02,031] - [trainer.py file line:108] - INFO: epoch: 29	 batch: 5
[2021-08-12 13:06:02,035] - [trainer.py file line:110] - INFO: rec_loss: 0.0071352050
[2021-08-12 13:06:02,042] - [trainer.py file line:120] - INFO: per_loss: 0.0000924101
[2021-08-12 13:06:02,047] - [trainer.py file line:128] - INFO: tpl_loss: 0.0000830020
[2021-08-12 13:06:02,065] - [trainer.py file line:133] - INFO: adv_loss: 0.0018100830
[2021-08-12 13:06:02,066] - [trainer.py file line:135] - INFO: total_loss: 0.0091206999
[2021-08-12 13:06:02,779] - [trainer.py file line:75] - INFO: Current epoch learning rate: 1.000000e-04
[2021-08-12 13:06:04,536] - [trainer.py file line:108] - INFO: epoch: 30	 batch: 5
[2021-08-12 13:06:04,589] - [trainer.py file line:110] - INFO: rec_loss: 0.0055539771
[2021-08-12 13:06:04,593] - [trainer.py file line:120] - INFO: per_loss: 0.0000957420
[2021-08-12 13:06:04,594] - [trainer.py file line:128] - INFO: tpl_loss: 0.0000758842
[2021-08-12 13:06:04,611] - [trainer.py file line:133] - INFO: adv_loss: 0.0000943888
[2021-08-12 13:06:04,611] - [trainer.py file line:135] - INFO: total_loss: 0.0058199917
[2021-08-12 13:06:05,334] - [trainer.py file line:141] - INFO: saving the model...
[2021-08-12 13:06:05,561] - [trainer.py file line:149] - INFO: Epoch 30 evaluation process...
[2021-08-12 13:06:06,399] - [trainer.py file line:198] - INFO: val_rec_loss: 0.0061724102
[2021-08-12 13:06:06,399] - [trainer.py file line:199] - INFO: val_per_loss: 0.0001220841
[2021-08-12 13:06:06,399] - [trainer.py file line:200] - INFO: val_tpl_loss: 0.0001060515
[2021-08-12 13:06:06,400] - [trainer.py file line:201] - INFO: val_adv_loss: 0.0007758188
[2021-08-12 13:06:06,400] - [trainer.py file line:202] - INFO: total_val_loss: 0.0071763648
[2021-08-12 13:06:06,400] - [trainer.py file line:220] - INFO: Ref  PSNR (now): 23.164 	 SSIM (now): 0.3764
[2021-08-12 13:06:06,400] - [trainer.py file line:227] - INFO: Ref  PSNR (max): 25.057 (2) 	 SSIM (max): 0.4573 (2)
[2021-08-12 13:06:06,400] - [trainer.py file line:230] - INFO: Evaluation over.
