[2021-08-10 10:47:57,076] - [trainer.py file line:70] - INFO: Current epoch learning rate: 1.000000e-04
[2021-08-10 10:48:00,432] - [trainer.py file line:70] - INFO: Current epoch learning rate: 1.000000e-04
[2021-08-10 10:48:03,562] - [trainer.py file line:149] - INFO: Epoch 2 evaluation process...
[2021-08-10 10:48:04,659] - [trainer.py file line:178] - INFO: Ref  PSNR (now): 16.384 	 SSIM (now): 0.3306
[2021-08-10 10:48:04,660] - [trainer.py file line:185] - INFO: Ref  PSNR (max): 16.384 (2) 	 SSIM (max): 0.3306 (2)
[2021-08-10 10:48:04,660] - [trainer.py file line:188] - INFO: Evaluation over.
[2021-08-10 10:48:04,665] - [trainer.py file line:70] - INFO: Current epoch learning rate: 1.000000e-04
[2021-08-10 10:48:08,235] - [trainer.py file line:70] - INFO: Current epoch learning rate: 1.000000e-04
[2021-08-10 10:48:12,060] - [trainer.py file line:149] - INFO: Epoch 4 evaluation process...
[2021-08-10 10:48:13,178] - [trainer.py file line:178] - INFO: Ref  PSNR (now): 16.335 	 SSIM (now): 0.3370
[2021-08-10 10:48:13,179] - [trainer.py file line:185] - INFO: Ref  PSNR (max): 16.384 (2) 	 SSIM (max): 0.3370 (4)
[2021-08-10 10:48:13,179] - [trainer.py file line:188] - INFO: Evaluation over.
[2021-08-10 10:48:13,183] - [trainer.py file line:70] - INFO: Current epoch learning rate: 1.000000e-04
[2021-08-10 10:48:17,259] - [trainer.py file line:141] - INFO: saving the model...
[2021-08-10 10:48:17,557] - [trainer.py file line:70] - INFO: Current epoch learning rate: 1.000000e-04
[2021-08-10 10:48:20,734] - [trainer.py file line:149] - INFO: Epoch 6 evaluation process...
[2021-08-10 10:48:21,806] - [trainer.py file line:178] - INFO: Ref  PSNR (now): 17.453 	 SSIM (now): 0.3556
[2021-08-10 10:48:21,807] - [trainer.py file line:185] - INFO: Ref  PSNR (max): 17.453 (6) 	 SSIM (max): 0.3556 (6)
[2021-08-10 10:48:21,807] - [trainer.py file line:188] - INFO: Evaluation over.
[2021-08-10 10:48:21,816] - [trainer.py file line:70] - INFO: Current epoch learning rate: 1.000000e-04
[2021-08-10 10:48:25,383] - [trainer.py file line:70] - INFO: Current epoch learning rate: 1.000000e-04
[2021-08-10 10:48:29,093] - [trainer.py file line:149] - INFO: Epoch 8 evaluation process...
[2021-08-10 10:48:30,083] - [trainer.py file line:178] - INFO: Ref  PSNR (now): 19.487 	 SSIM (now): 0.3809
[2021-08-10 10:48:30,083] - [trainer.py file line:185] - INFO: Ref  PSNR (max): 19.487 (8) 	 SSIM (max): 0.3809 (8)
[2021-08-10 10:48:30,083] - [trainer.py file line:188] - INFO: Evaluation over.
[2021-08-10 10:48:30,084] - [trainer.py file line:70] - INFO: Current epoch learning rate: 1.000000e-04
[2021-08-10 10:48:33,627] - [trainer.py file line:70] - INFO: Current epoch learning rate: 1.000000e-04
[2021-08-10 10:48:36,856] - [trainer.py file line:141] - INFO: saving the model...
[2021-08-10 10:48:37,113] - [trainer.py file line:149] - INFO: Epoch 10 evaluation process...
[2021-08-10 10:48:38,062] - [trainer.py file line:178] - INFO: Ref  PSNR (now): 19.234 	 SSIM (now): 0.3901
[2021-08-10 10:48:38,062] - [trainer.py file line:185] - INFO: Ref  PSNR (max): 19.487 (8) 	 SSIM (max): 0.3901 (10)
[2021-08-10 10:48:38,062] - [trainer.py file line:188] - INFO: Evaluation over.
